* AERMOD (23132 ): anajuliawolmann                                                          11/14/24
* AERMET ( 23132):                                                                          13:41:23
* MODELING OPTIONS USED:   RegDFAULT  CONC  ELEV  FLGPOL  RURAL
*         MAXI-FILE FOR  1-HR VALUES >= A THRESHOLD OF    50.00    
*         FOR SOURCE GROUP: PTSRC   
*         FORMAT: (1X,I3,1X,A8,1X,I8.8,2(1X,F13.5),3(1X,F7.2),1X,F13.5)
*AVE   GRP     DATE           X             Y        ZELEV   ZHILL   ZFLAG  AVERAGE CONC
*___ ________ ________  ____________  ____________  ______  ______  ______  ____________
   1 PTSRC    22011201  688863.00000 6855795.00000  314.50  480.00    1.50     129.74927
   1 PTSRC    22011304  693863.00000 6855795.00000  267.00  401.00    1.50      76.58025
   1 PTSRC    22011304  688863.00000 6860795.00000  339.70  569.00    1.50     124.27649
   1 PTSRC    22011305  688863.00000 6855795.00000  314.50  480.00    1.50      89.63064
   1 PTSRC    22011306  693863.00000 6855795.00000  267.00  401.00    1.50      72.72807
   1 PTSRC    22011306  688863.00000 6860795.00000  339.70  569.00    1.50     115.09025
   1 PTSRC    22012705  708863.00000 6850795.00000  291.60  390.00    1.50     117.92139
   1 PTSRC    22013102  698863.00000 6870795.00000  277.00  699.00    1.50      82.91392
   1 PTSRC    22013104  708863.00000 6850795.00000  291.60  390.00    1.50      50.83275
   1 PTSRC    22013106  708863.00000 6850795.00000  291.60  390.00    1.50     116.37836
   1 PTSRC    22021022  683863.00000 6845795.00000  234.90  452.00    1.50      64.17550
   1 PTSRC    22021102  688863.00000 6855795.00000  314.50  480.00    1.50     101.33922
   1 PTSRC    22021102  683863.00000 6860795.00000  430.10  457.00    1.50      57.19392
   1 PTSRC    22021702  693863.00000 6855795.00000  267.00  401.00    1.50     140.71634
   1 PTSRC    22021702  688863.00000 6860795.00000  339.70  569.00    1.50      69.40602
   1 PTSRC    22021820  683863.00000 6850795.00000  275.00  465.00    1.50      73.31677
   1 PTSRC    22022204  708863.00000 6850795.00000  291.60  390.00    1.50     113.57334
   1 PTSRC    22022307  693863.00000 6855795.00000  267.00  401.00    1.50      89.49548
   1 PTSRC    22022307  688863.00000 6860795.00000  339.70  569.00    1.50      94.86604
   1 PTSRC    22030206  708863.00000 6850795.00000  291.60  390.00    1.50      90.77673
   1 PTSRC    22030401  708863.00000 6850795.00000  291.60  390.00    1.50     142.66880
   1 PTSRC    22030906  708863.00000 6850795.00000  291.60  390.00    1.50      57.16700
   1 PTSRC    22031723  688863.00000 6855795.00000  314.50  480.00    1.50      85.73522
   1 PTSRC    22031723  693863.00000 6855795.00000  267.00  401.00    1.50     180.71191
   1 PTSRC    22031723  688863.00000 6860795.00000  339.70  569.00    1.50      56.64543
   1 PTSRC    22032202  708863.00000 6850795.00000  291.60  390.00    1.50      53.71591
   1 PTSRC    22032824  693863.00000 6855795.00000  267.00  401.00    1.50     135.32123
   1 PTSRC    22032824  688863.00000 6860795.00000  339.70  569.00    1.50      61.19935
   1 PTSRC    22040706  698863.00000 6870795.00000  277.00  699.00    1.50     105.16853
   1 PTSRC    22041105  708863.00000 6850795.00000  291.60  390.00    1.50      65.91354
   1 PTSRC    22042023  693863.00000 6855795.00000  267.00  401.00    1.50      91.51276
   1 PTSRC    22042102  688863.00000 6855795.00000  314.50  480.00    1.50     112.07742
   1 PTSRC    22050704  708863.00000 6850795.00000  291.60  390.00    1.50      84.90643
   1 PTSRC    22051005  673863.00000 6870795.00000  280.30  578.00    1.50      50.80456
   1 PTSRC    22051306  708863.00000 6850795.00000  291.60  390.00    1.50      54.29339
   1 PTSRC    22051403  708863.00000 6850795.00000  291.60  390.00    1.50      89.38311
   1 PTSRC    22052405  688863.00000 6855795.00000  314.50  480.00    1.50     132.78300
   1 PTSRC    22052405  693863.00000 6855795.00000  267.00  401.00    1.50      93.76505
   1 PTSRC    22052704  708863.00000 6850795.00000  291.60  390.00    1.50     152.06008
   1 PTSRC    22060907  708863.00000 6850795.00000  291.60  390.00    1.50      58.47515
   1 PTSRC    22061322  693863.00000 6855795.00000  267.00  401.00    1.50      68.44725
   1 PTSRC    22062121  698863.00000 6865795.00000  446.00  638.00    1.50      64.19272
   1 PTSRC    22062303  683863.00000 6850795.00000  275.00  465.00    1.50      50.79971
   1 PTSRC    22062504  693863.00000 6855795.00000  267.00  401.00    1.50     114.20033
   1 PTSRC    22062624  683863.00000 6850795.00000  275.00  465.00    1.50      55.83590
   1 PTSRC    22070402  683863.00000 6850795.00000  275.00  465.00    1.50      64.66743
   1 PTSRC    22070902  683863.00000 6845795.00000  234.90  452.00    1.50      56.71614
   1 PTSRC    22071320  708863.00000 6850795.00000  291.60  390.00    1.50     138.57977
   1 PTSRC    22071323  708863.00000 6850795.00000  291.60  390.00    1.50      53.72813
   1 PTSRC    22080206  698863.00000 6870795.00000  277.00  699.00    1.50      78.56234
   1 PTSRC    22080702  698863.00000 6865795.00000  446.00  638.00    1.50      77.65339
   1 PTSRC    22081702  693863.00000 6855795.00000  267.00  401.00    1.50     137.45758
   1 PTSRC    22082107  683863.00000 6850795.00000  275.00  465.00    1.50     121.24793
   1 PTSRC    22083023  688863.00000 6855795.00000  314.50  480.00    1.50     136.73480
   1 PTSRC    22083024  683863.00000 6840795.00000  266.90  275.00    1.50      69.56283
   1 PTSRC    22091123  683863.00000 6850795.00000  275.00  465.00    1.50     109.46389
   1 PTSRC    22091704  688863.00000 6855795.00000  314.50  480.00    1.50     152.35769
   1 PTSRC    22100506  708863.00000 6850795.00000  291.60  390.00    1.50      53.75393
   1 PTSRC    22101604  683863.00000 6845795.00000  234.90  452.00    1.50      50.28132
   1 PTSRC    22102002  688863.00000 6855795.00000  314.50  480.00    1.50      71.14898
   1 PTSRC    22102305  683863.00000 6850795.00000  275.00  465.00    1.50      85.90568
   1 PTSRC    22102324  688863.00000 6855795.00000  314.50  480.00    1.50      56.24175
   1 PTSRC    22120120  683863.00000 6845795.00000  234.90  452.00    1.50      64.29741
   1 PTSRC    22120504  693863.00000 6855795.00000  267.00  401.00    1.50      72.95139
   1 PTSRC    22120504  688863.00000 6860795.00000  339.70  569.00    1.50     116.23892
   1 PTSRC    22120701  688863.00000 6855795.00000  314.50  480.00    1.50     104.21012
   1 PTSRC    22122104  693863.00000 6855795.00000  267.00  401.00    1.50     138.69114
   1 PTSRC    22122104  688863.00000 6860795.00000  339.70  569.00    1.50      82.87125
   1 PTSRC    22122301  688863.00000 6855795.00000  314.50  480.00    1.50     127.34883
