* AERMOD (23132 ): anajuliawolmann                                                          11/14/24
* AERMET ( 23132):                                                                          13:41:23
* MODELING OPTIONS USED:   RegDFAULT  CONC  ELEV  FLGPOL  RURAL
*         MAXI-FILE FOR 24-HR VALUES >= A THRESHOLD OF    50.00    
*         FOR SOURCE GROUP: ASRC    
*         FORMAT: (1X,I3,1X,A8,1X,I8.8,2(1X,F13.5),3(1X,F7.2),1X,F13.5)
*AVE   GRP     DATE           X             Y        ZELEV   ZHILL   ZFLAG  AVERAGE CONC
*___ ________ ________  ____________  ____________  ______  ______  ______  ____________
  24 ASRC     22010224  698863.00000 6850795.00000   16.90   34.00    1.50      93.45852
  24 ASRC     22010324  698863.00000 6850795.00000   16.90   34.00    1.50     212.71319
  24 ASRC     22010424  698863.00000 6845795.00000    4.90    4.90    1.50      90.11860
  24 ASRC     22010424  698863.00000 6850795.00000   16.90   34.00    1.50     153.49052
  24 ASRC     22010824  698863.00000 6850795.00000   16.90   34.00    1.50      72.74950
  24 ASRC     22010824  703863.00000 6850795.00000    3.40  346.00    1.50      52.01445
  24 ASRC     22010924  698863.00000 6850795.00000   16.90   34.00    1.50     152.52668
  24 ASRC     22011024  698863.00000 6850795.00000   16.90   34.00    1.50      70.02007
  24 ASRC     22011124  698863.00000 6850795.00000   16.90   34.00    1.50     683.71959
  24 ASRC     22011224  693863.00000 6845795.00000    4.40    4.40    1.50     100.71164
  24 ASRC     22011224  698863.00000 6850795.00000   16.90   34.00    1.50     361.33524
  24 ASRC     22011324  698863.00000 6850795.00000   16.90   34.00    1.50    1078.57095
  24 ASRC     22011324  698863.00000 6855795.00000    4.20    4.20    1.50     153.19918
  24 ASRC     22011424  698863.00000 6850795.00000   16.90   34.00    1.50      53.34361
  24 ASRC     22011724  698863.00000 6850795.00000   16.90   34.00    1.50      83.24560
  24 ASRC     22011824  698863.00000 6850795.00000   16.90   34.00    1.50     183.34152
  24 ASRC     22011924  698863.00000 6850795.00000   16.90   34.00    1.50     692.97582
  24 ASRC     22012124  698863.00000 6850795.00000   16.90   34.00    1.50      70.72071
  24 ASRC     22012524  698863.00000 6845795.00000    4.90    4.90    1.50     113.45110
  24 ASRC     22012524  698863.00000 6850795.00000   16.90   34.00    1.50     165.89726
  24 ASRC     22012724  703863.00000 6850795.00000    3.40  346.00    1.50      53.15858
  24 ASRC     22012824  698863.00000 6845795.00000    4.90    4.90    1.50      56.43674
  24 ASRC     22012824  698863.00000 6850795.00000   16.90   34.00    1.50      84.91144
  24 ASRC     22012924  703863.00000 6845795.00000    1.00  276.00    1.50      59.93272
  24 ASRC     22013024  698863.00000 6850795.00000   16.90   34.00    1.50     127.55877
  24 ASRC     22013124  713863.00000 6840795.00000   -0.20   -0.20    1.50     100.29286
  24 ASRC     22013124  698863.00000 6850795.00000   16.90   34.00    1.50     329.47742
  24 ASRC     22013124  703863.00000 6850795.00000    3.40  346.00    1.50     135.97699
  24 ASRC     22020124  713863.00000 6845795.00000    0.00    0.00    1.50     132.57948
  24 ASRC     22020124  698863.00000 6850795.00000   16.90   34.00    1.50      52.98478
  24 ASRC     22020224  698863.00000 6850795.00000   16.90   34.00    1.50     398.01176
  24 ASRC     22020424  698863.00000 6845795.00000    4.90    4.90    1.50      73.19740
  24 ASRC     22020424  698863.00000 6850795.00000   16.90   34.00    1.50     103.48634
  24 ASRC     22020524  698863.00000 6850795.00000   16.90   34.00    1.50     126.56418
  24 ASRC     22020624  698863.00000 6850795.00000   16.90   34.00    1.50     499.75234
  24 ASRC     22020724  698863.00000 6850795.00000   16.90   34.00    1.50      50.26212
  24 ASRC     22020824  698863.00000 6850795.00000   16.90   34.00    1.50      73.84833
  24 ASRC     22020924  698863.00000 6850795.00000   16.90   34.00    1.50     101.78507
  24 ASRC     22021024  708863.00000 6845795.00000   -2.10   -2.10    1.50      71.17644
  24 ASRC     22021024  698863.00000 6850795.00000   16.90   34.00    1.50     535.39190
  24 ASRC     22021124  698863.00000 6850795.00000   16.90   34.00    1.50     304.99108
  24 ASRC     22021424  698863.00000 6850795.00000   16.90   34.00    1.50     192.61195
  24 ASRC     22021624  698863.00000 6850795.00000   16.90   34.00    1.50     230.68617
  24 ASRC     22021724  698863.00000 6850795.00000   16.90   34.00    1.50     824.59627
  24 ASRC     22021724  703863.00000 6855795.00000   44.00  227.00    1.50      70.83210
  24 ASRC     22021724  708863.00000 6860795.00000    0.00    0.00    1.50      61.17176
  24 ASRC     22021824  698863.00000 6850795.00000   16.90   34.00    1.50     215.93823
  24 ASRC     22022124  698863.00000 6850795.00000   16.90   34.00    1.50      51.49223
  24 ASRC     22022224  703863.00000 6850795.00000    3.40  346.00    1.50     119.14288
  24 ASRC     22022324  698863.00000 6850795.00000   16.90   34.00    1.50     468.73582
  24 ASRC     22022624  698863.00000 6850795.00000   16.90   34.00    1.50      70.92775
  24 ASRC     22022724  698863.00000 6850795.00000   16.90   34.00    1.50      63.00777
  24 ASRC     22030224  703863.00000 6850795.00000    3.40  346.00    1.50     101.21893
  24 ASRC     22030324  698863.00000 6850795.00000   16.90   34.00    1.50      52.68216
  24 ASRC     22030424  698863.00000 6850795.00000   16.90   34.00    1.50     139.08598
  24 ASRC     22030424  703863.00000 6850795.00000    3.40  346.00    1.50      82.58152
  24 ASRC     22030524  698863.00000 6850795.00000   16.90   34.00    1.50      72.28454
  24 ASRC     22030824  698863.00000 6850795.00000   16.90   34.00    1.50     297.06088
  24 ASRC     22030924  698863.00000 6850795.00000   16.90   34.00    1.50     360.53988
  24 ASRC     22030924  703863.00000 6850795.00000    3.40  346.00    1.50      57.67354
  24 ASRC     22031024  698863.00000 6850795.00000   16.90   34.00    1.50     140.95442
  24 ASRC     22031024  708863.00000 6855795.00000    0.00    0.00    1.50      56.38684
  24 ASRC     22031124  698863.00000 6850795.00000   16.90   34.00    1.50      53.40144
  24 ASRC     22031524  698863.00000 6850795.00000   16.90   34.00    1.50     130.31094
  24 ASRC     22031624  698863.00000 6850795.00000   16.90   34.00    1.50     146.32979
  24 ASRC     22031724  698863.00000 6850795.00000   16.90   34.00    1.50     581.91977
  24 ASRC     22031824  703863.00000 6845795.00000    1.00  276.00    1.50      56.05096
  24 ASRC     22032124  698863.00000 6850795.00000   16.90   34.00    1.50      56.78123
  24 ASRC     22032224  703863.00000 6850795.00000    3.40  346.00    1.50      50.30308
  24 ASRC     22032524  698863.00000 6850795.00000   16.90   34.00    1.50     104.49119
  24 ASRC     22032724  698863.00000 6850795.00000   16.90   34.00    1.50     209.35323
  24 ASRC     22032724  698863.00000 6855795.00000    4.20    4.20    1.50      61.54702
  24 ASRC     22032824  698863.00000 6850795.00000   16.90   34.00    1.50     685.46232
  24 ASRC     22032824  703863.00000 6855795.00000   44.00  227.00    1.50      71.21823
  24 ASRC     22032924  698863.00000 6845795.00000    4.90    4.90    1.50     247.05010
  24 ASRC     22032924  698863.00000 6850795.00000   16.90   34.00    1.50     649.39939
  24 ASRC     22033024  698863.00000 6850795.00000   16.90   34.00    1.50     238.79667
  24 ASRC     22040324  698863.00000 6850795.00000   16.90   34.00    1.50      69.94082
  24 ASRC     22040624  698863.00000 6850795.00000   16.90   34.00    1.50     198.42453
  24 ASRC     22040724  698863.00000 6850795.00000   16.90   34.00    1.50     380.18698
  24 ASRC     22040924  698863.00000 6850795.00000   16.90   34.00    1.50      84.27783
  24 ASRC     22041024  698863.00000 6850795.00000   16.90   34.00    1.50     114.26156
  24 ASRC     22041124  698863.00000 6850795.00000   16.90   34.00    1.50     266.13672
  24 ASRC     22041124  703863.00000 6850795.00000    3.40  346.00    1.50      51.24521
  24 ASRC     22041224  698863.00000 6850795.00000   16.90   34.00    1.50     190.08816
  24 ASRC     22041324  708863.00000 6845795.00000   -2.10   -2.10    1.50      78.98321
  24 ASRC     22041724  698863.00000 6855795.00000    4.20    4.20    1.50     103.72958
  24 ASRC     22041724  698863.00000 6860795.00000   10.80  638.00    1.50      51.51350
  24 ASRC     22041824  698863.00000 6850795.00000   16.90   34.00    1.50      62.68198
  24 ASRC     22041924  703863.00000 6845795.00000    1.00  276.00    1.50     114.04908
  24 ASRC     22041924  698863.00000 6850795.00000   16.90   34.00    1.50     112.78847
  24 ASRC     22042024  698863.00000 6850795.00000   16.90   34.00    1.50    1139.39186
  24 ASRC     22042124  693863.00000 6840795.00000    0.00    0.00    1.50      75.89329
  24 ASRC     22042124  718863.00000 6840795.00000    0.00    0.00    1.50     122.84115
  24 ASRC     22042124  708863.00000 6845795.00000   -2.10   -2.10    1.50     272.17968
  24 ASRC     22042124  698863.00000 6850795.00000   16.90   34.00    1.50     320.40814
  24 ASRC     22043024  698863.00000 6850795.00000   16.90   34.00    1.50      71.36147
  24 ASRC     22050124  698863.00000 6850795.00000   16.90   34.00    1.50     131.83486
  24 ASRC     22050324  698863.00000 6850795.00000   16.90   34.00    1.50      68.29661
  24 ASRC     22050624  698863.00000 6850795.00000   16.90   34.00    1.50      52.46739
  24 ASRC     22051024  698863.00000 6850795.00000   16.90   34.00    1.50     392.84144
  24 ASRC     22051124  698863.00000 6850795.00000   16.90   34.00    1.50      94.89778
  24 ASRC     22051224  698863.00000 6850795.00000   16.90   34.00    1.50      74.61986
  24 ASRC     22051324  718863.00000 6835795.00000    0.00    0.00    1.50      81.67397
  24 ASRC     22051324  698863.00000 6850795.00000   16.90   34.00    1.50     125.70655
  24 ASRC     22051324  703863.00000 6850795.00000    3.40  346.00    1.50      68.22307
  24 ASRC     22051324  698863.00000 6855795.00000    4.20    4.20    1.50      72.85788
  24 ASRC     22051424  698863.00000 6850795.00000   16.90   34.00    1.50     113.67883
  24 ASRC     22051424  703863.00000 6850795.00000    3.40  346.00    1.50      97.30674
  24 ASRC     22051524  698863.00000 6850795.00000   16.90   34.00    1.50     109.89493
  24 ASRC     22051624  698863.00000 6850795.00000   16.90   34.00    1.50     214.90007
  24 ASRC     22052124  698863.00000 6850795.00000   16.90   34.00    1.50     296.67449
  24 ASRC     22052424  698863.00000 6850795.00000   16.90   34.00    1.50     561.56740
  24 ASRC     22052624  698863.00000 6850795.00000   16.90   34.00    1.50     314.24738
  24 ASRC     22052724  703863.00000 6845795.00000    1.00  276.00    1.50      62.16052
  24 ASRC     22052724  693863.00000 6850795.00000    4.50  317.00    1.50      69.76423
  24 ASRC     22052724  698863.00000 6850795.00000   16.90   34.00    1.50     293.20289
  24 ASRC     22052724  703863.00000 6850795.00000    3.40  346.00    1.50      61.36192
  24 ASRC     22052724  698863.00000 6855795.00000    4.20    4.20    1.50     100.69490
  24 ASRC     22052824  698863.00000 6850795.00000   16.90   34.00    1.50     293.07807
  24 ASRC     22052824  703863.00000 6850795.00000    3.40  346.00    1.50      59.41720
  24 ASRC     22052924  698863.00000 6850795.00000   16.90   34.00    1.50      87.09245
  24 ASRC     22053024  698863.00000 6850795.00000   16.90   34.00    1.50     230.22902
  24 ASRC     22060124  698863.00000 6850795.00000   16.90   34.00    1.50     369.58484
  24 ASRC     22060124  703863.00000 6850795.00000    3.40  346.00    1.50      77.11831
  24 ASRC     22060324  698863.00000 6850795.00000   16.90   34.00    1.50      53.94381
  24 ASRC     22060424  698863.00000 6850795.00000   16.90   34.00    1.50      56.69780
  24 ASRC     22060724  698863.00000 6850795.00000   16.90   34.00    1.50      52.45857
  24 ASRC     22060824  698863.00000 6850795.00000   16.90   34.00    1.50      62.28818
  24 ASRC     22060924  713863.00000 6840795.00000   -0.20   -0.20    1.50     109.76008
  24 ASRC     22060924  698863.00000 6850795.00000   16.90   34.00    1.50     181.23524
  24 ASRC     22061024  708863.00000 6845795.00000   -2.10   -2.10    1.50     125.42839
  24 ASRC     22061024  698863.00000 6850795.00000   16.90   34.00    1.50     354.67156
  24 ASRC     22061024  703863.00000 6850795.00000    3.40  346.00    1.50      98.09302
  24 ASRC     22061324  698863.00000 6850795.00000   16.90   34.00    1.50     299.16303
  24 ASRC     22061424  698863.00000 6850795.00000   16.90   34.00    1.50      63.00408
  24 ASRC     22061524  698863.00000 6850795.00000   16.90   34.00    1.50      71.94168
  24 ASRC     22061924  703863.00000 6845795.00000    1.00  276.00    1.50      84.22796
  24 ASRC     22062124  698863.00000 6855795.00000    4.20    4.20    1.50     126.28564
  24 ASRC     22062124  698863.00000 6860795.00000   10.80  638.00    1.50      89.96691
  24 ASRC     22062224  698863.00000 6850795.00000   16.90   34.00    1.50     222.72098
  24 ASRC     22062324  698863.00000 6850795.00000   16.90   34.00    1.50     525.90839
  24 ASRC     22062424  698863.00000 6850795.00000   16.90   34.00    1.50     274.37932
  24 ASRC     22062524  698863.00000 6850795.00000   16.90   34.00    1.50     248.79589
  24 ASRC     22062624  693863.00000 6850795.00000    4.50  317.00    1.50      74.92327
  24 ASRC     22062624  698863.00000 6850795.00000   16.90   34.00    1.50     374.72849
  24 ASRC     22062924  698863.00000 6850795.00000   16.90   34.00    1.50     114.89899
  24 ASRC     22070324  698863.00000 6850795.00000   16.90   34.00    1.50      94.89172
  24 ASRC     22070424  708863.00000 6845795.00000   -2.10   -2.10    1.50      58.46606
  24 ASRC     22070424  698863.00000 6850795.00000   16.90   34.00    1.50     258.36422
  24 ASRC     22070524  698863.00000 6850795.00000   16.90   34.00    1.50     355.90492
  24 ASRC     22070924  698863.00000 6840795.00000    0.50    0.50    1.50      90.11598
  24 ASRC     22070924  698863.00000 6845795.00000    4.90    4.90    1.50     202.99956
  24 ASRC     22070924  713863.00000 6845795.00000    0.00    0.00    1.50     106.41255
  24 ASRC     22070924  698863.00000 6850795.00000   16.90   34.00    1.50     294.36111
  24 ASRC     22071224  698863.00000 6850795.00000   16.90   34.00    1.50      71.15900
  24 ASRC     22071324  698863.00000 6850795.00000   16.90   34.00    1.50     228.73710
  24 ASRC     22071324  703863.00000 6850795.00000    3.40  346.00    1.50      87.79937
  24 ASRC     22071724  698863.00000 6850795.00000   16.90   34.00    1.50     332.25069
  24 ASRC     22071824  698863.00000 6855795.00000    4.20    4.20    1.50      50.46593
  24 ASRC     22071924  698863.00000 6850795.00000   16.90   34.00    1.50      57.47106
  24 ASRC     22072024  698863.00000 6840795.00000    0.50    0.50    1.50      56.72725
  24 ASRC     22072024  698863.00000 6845795.00000    4.90    4.90    1.50     123.72022
  24 ASRC     22072024  698863.00000 6850795.00000   16.90   34.00    1.50     180.84292
  24 ASRC     22072024  703863.00000 6850795.00000    3.40  346.00    1.50      80.81527
  24 ASRC     22072324  698863.00000 6850795.00000   16.90   34.00    1.50      60.96954
  24 ASRC     22072624  698863.00000 6850795.00000   16.90   34.00    1.50      52.51231
  24 ASRC     22072924  698863.00000 6850795.00000   16.90   34.00    1.50     218.30187
  24 ASRC     22073024  698863.00000 6850795.00000   16.90   34.00    1.50     179.17609
  24 ASRC     22080224  698863.00000 6850795.00000   16.90   34.00    1.50     332.78776
  24 ASRC     22080224  703863.00000 6850795.00000    3.40  346.00    1.50      54.71720
  24 ASRC     22080424  698863.00000 6850795.00000   16.90   34.00    1.50     196.98786
  24 ASRC     22080624  698863.00000 6850795.00000   16.90   34.00    1.50      91.67305
  24 ASRC     22080724  703863.00000 6845795.00000    1.00  276.00    1.50      54.80692
  24 ASRC     22080724  698863.00000 6850795.00000   16.90   34.00    1.50     280.89865
  24 ASRC     22080724  703863.00000 6860795.00000   34.50  446.00    1.50      66.14297
  24 ASRC     22080824  698863.00000 6850795.00000   16.90   34.00    1.50     106.46466
  24 ASRC     22080924  698863.00000 6850795.00000   16.90   34.00    1.50     101.40844
  24 ASRC     22081124  698863.00000 6850795.00000   16.90   34.00    1.50     171.54807
  24 ASRC     22081224  698863.00000 6850795.00000   16.90   34.00    1.50     182.88443
  24 ASRC     22081624  698863.00000 6850795.00000   16.90   34.00    1.50     479.12374
  24 ASRC     22081724  698863.00000 6850795.00000   16.90   34.00    1.50     468.78276
  24 ASRC     22082024  693863.00000 6850795.00000    4.50  317.00    1.50      53.68795
  24 ASRC     22082024  698863.00000 6850795.00000   16.90   34.00    1.50     622.38280
  24 ASRC     22082124  713863.00000 6845795.00000    0.00    0.00    1.50      73.20028
  24 ASRC     22082124  718863.00000 6845795.00000    5.50   10.00    1.50      57.92325
  24 ASRC     22082124  693863.00000 6850795.00000    4.50  317.00    1.50      60.87039
  24 ASRC     22082124  698863.00000 6850795.00000   16.90   34.00    1.50     252.19224
  24 ASRC     22082324  698863.00000 6850795.00000   16.90   34.00    1.50     168.30098
  24 ASRC     22082424  698863.00000 6845795.00000    4.90    4.90    1.50      86.82796
  24 ASRC     22082424  698863.00000 6850795.00000   16.90   34.00    1.50     103.72820
  24 ASRC     22083024  693863.00000 6850795.00000    4.50  317.00    1.50      58.09332
  24 ASRC     22083024  698863.00000 6850795.00000   16.90   34.00    1.50     836.18823
  24 ASRC     22083124  713863.00000 6840795.00000   -0.20   -0.20    1.50      59.44146
  24 ASRC     22090524  703863.00000 6845795.00000    1.00  276.00    1.50      69.95983
  24 ASRC     22090524  698863.00000 6850795.00000   16.90   34.00    1.50     103.46030
  24 ASRC     22090524  703863.00000 6850795.00000    3.40  346.00    1.50      83.09182
  24 ASRC     22090624  698863.00000 6845795.00000    4.90    4.90    1.50     217.67910
  24 ASRC     22090624  698863.00000 6850795.00000   16.90   34.00    1.50     439.25305
  24 ASRC     22090724  698863.00000 6850795.00000   16.90   34.00    1.50      58.04984
  24 ASRC     22090924  703863.00000 6845795.00000    1.00  276.00    1.50      65.77671
  24 ASRC     22091124  693863.00000 6850795.00000    4.50  317.00    1.50      67.64321
  24 ASRC     22091124  698863.00000 6850795.00000   16.90   34.00    1.50     635.81712
  24 ASRC     22091324  698863.00000 6850795.00000   16.90   34.00    1.50      89.39145
  24 ASRC     22091424  698863.00000 6850795.00000   16.90   34.00    1.50     138.60131
  24 ASRC     22091624  698863.00000 6850795.00000   16.90   34.00    1.50     355.03961
  24 ASRC     22091724  698863.00000 6850795.00000   16.90   34.00    1.50     602.75034
  24 ASRC     22091824  698863.00000 6845795.00000    4.90    4.90    1.50      64.53881
  24 ASRC     22091824  698863.00000 6850795.00000   16.90   34.00    1.50     119.23825
  24 ASRC     22092124  698863.00000 6850795.00000   16.90   34.00    1.50     187.06577
  24 ASRC     22092524  698863.00000 6850795.00000   16.90   34.00    1.50      52.95852
  24 ASRC     22092924  698863.00000 6850795.00000   16.90   34.00    1.50     107.63885
  24 ASRC     22093024  698863.00000 6845795.00000    4.90    4.90    1.50      62.31911
  24 ASRC     22093024  698863.00000 6850795.00000   16.90   34.00    1.50     124.84216
  24 ASRC     22100124  698863.00000 6850795.00000   16.90   34.00    1.50     201.67775
  24 ASRC     22100224  698863.00000 6850795.00000   16.90   34.00    1.50      87.01798
  24 ASRC     22100324  698863.00000 6850795.00000   16.90   34.00    1.50      60.09774
  24 ASRC     22100424  698863.00000 6850795.00000   16.90   34.00    1.50      96.22947
  24 ASRC     22100524  698863.00000 6850795.00000   16.90   34.00    1.50     554.84857
  24 ASRC     22100524  703863.00000 6850795.00000    3.40  346.00    1.50     109.59702
  24 ASRC     22100524  698863.00000 6855795.00000    4.20    4.20    1.50      51.03450
  24 ASRC     22100724  698863.00000 6850795.00000   16.90   34.00    1.50     101.57624
  24 ASRC     22101224  698863.00000 6850795.00000   16.90   34.00    1.50     110.07095
  24 ASRC     22101324  693863.00000 6850795.00000    4.50  317.00    1.50      68.29641
  24 ASRC     22101324  698863.00000 6850795.00000   16.90   34.00    1.50     300.30842
  24 ASRC     22101424  698863.00000 6850795.00000   16.90   34.00    1.50      86.42107
  24 ASRC     22101524  698863.00000 6850795.00000   16.90   34.00    1.50     155.95414
  24 ASRC     22101624  698863.00000 6850795.00000   16.90   34.00    1.50     205.87773
  24 ASRC     22101724  698863.00000 6850795.00000   16.90   34.00    1.50      61.95799
  24 ASRC     22101824  698863.00000 6850795.00000   16.90   34.00    1.50     156.29956
  24 ASRC     22101924  698863.00000 6850795.00000   16.90   34.00    1.50     312.13105
  24 ASRC     22102024  698863.00000 6850795.00000   16.90   34.00    1.50     691.63447
  24 ASRC     22102124  698863.00000 6850795.00000   16.90   34.00    1.50      74.52184
  24 ASRC     22102324  693863.00000 6850795.00000    4.50  317.00    1.50     175.68920
  24 ASRC     22102324  698863.00000 6850795.00000   16.90   34.00    1.50    1225.78644
  24 ASRC     22102424  698863.00000 6850795.00000   16.90   34.00    1.50     286.72444
  24 ASRC     22102524  698863.00000 6850795.00000   16.90   34.00    1.50     102.09808
  24 ASRC     22102624  698863.00000 6850795.00000   16.90   34.00    1.50      86.84989
  24 ASRC     22110324  698863.00000 6850795.00000   16.90   34.00    1.50     114.73512
  24 ASRC     22110524  698863.00000 6850795.00000   16.90   34.00    1.50      67.36844
  24 ASRC     22110924  698863.00000 6850795.00000   16.90   34.00    1.50      97.88569
  24 ASRC     22111024  703863.00000 6845795.00000    1.00  276.00    1.50      63.18983
  24 ASRC     22111024  698863.00000 6850795.00000   16.90   34.00    1.50     394.73913
  24 ASRC     22111124  698863.00000 6850795.00000   16.90   34.00    1.50      53.45951
  24 ASRC     22111524  698863.00000 6850795.00000   16.90   34.00    1.50      68.62115
  24 ASRC     22111824  698863.00000 6850795.00000   16.90   34.00    1.50     263.90957
  24 ASRC     22112424  698863.00000 6850795.00000   16.90   34.00    1.50      84.10248
  24 ASRC     22112624  698863.00000 6850795.00000   16.90   34.00    1.50      53.75238
  24 ASRC     22112724  698863.00000 6850795.00000   16.90   34.00    1.50     189.84190
  24 ASRC     22112824  698863.00000 6850795.00000   16.90   34.00    1.50     141.26083
  24 ASRC     22112924  698863.00000 6850795.00000   16.90   34.00    1.50     223.12707
  24 ASRC     22113024  698863.00000 6850795.00000   16.90   34.00    1.50     125.79942
  24 ASRC     22120124  698863.00000 6850795.00000   16.90   34.00    1.50     184.80045
  24 ASRC     22120224  698863.00000 6850795.00000   16.90   34.00    1.50      59.34999
  24 ASRC     22120324  698863.00000 6850795.00000   16.90   34.00    1.50      94.52304
  24 ASRC     22120524  698863.00000 6850795.00000   16.90   34.00    1.50     989.30603
  24 ASRC     22120524  703863.00000 6860795.00000   34.50  446.00    1.50      64.69608
  24 ASRC     22120624  698863.00000 6850795.00000   16.90   34.00    1.50     180.85518
  24 ASRC     22120724  698863.00000 6850795.00000   16.90   34.00    1.50     292.03768
  24 ASRC     22120724  703863.00000 6850795.00000    3.40  346.00    1.50      54.94779
  24 ASRC     22120824  698863.00000 6850795.00000   16.90   34.00    1.50      53.37690
  24 ASRC     22121124  698863.00000 6845795.00000    4.90    4.90    1.50     136.63667
  24 ASRC     22121124  698863.00000 6850795.00000   16.90   34.00    1.50     387.58426
  24 ASRC     22121224  698863.00000 6845795.00000    4.90    4.90    1.50      51.41852
  24 ASRC     22121224  698863.00000 6850795.00000   16.90   34.00    1.50     125.72999
  24 ASRC     22121524  698863.00000 6850795.00000   16.90   34.00    1.50      53.35274
  24 ASRC     22121824  698863.00000 6850795.00000   16.90   34.00    1.50      92.40779
  24 ASRC     22121924  698863.00000 6850795.00000   16.90   34.00    1.50      80.44963
  24 ASRC     22122024  698863.00000 6850795.00000   16.90   34.00    1.50     557.32972
  24 ASRC     22122124  698863.00000 6850795.00000   16.90   34.00    1.50     354.71308
  24 ASRC     22122224  698863.00000 6850795.00000   16.90   34.00    1.50     255.74231
  24 ASRC     22122324  698863.00000 6850795.00000   16.90   34.00    1.50     271.83462
  24 ASRC     22122424  698863.00000 6850795.00000   16.90   34.00    1.50      68.61832
  24 ASRC     22122724  698863.00000 6850795.00000   16.90   34.00    1.50      53.10815
  24 ASRC     22122824  698863.00000 6850795.00000   16.90   34.00    1.50     269.84109
