* AERMOD (23132 ): anajuliawolmann                                                          11/14/24
* AERMET ( 23132):                                                                          13:41:23
* MODELING OPTIONS USED:   RegDFAULT  CONC  ELEV  FLGPOL  RURAL
*         MAXI-FILE FOR 24-HR VALUES >= A THRESHOLD OF    50.00    
*         FOR SOURCE GROUP: LSRC    
*         FORMAT: (1X,I3,1X,A8,1X,I8.8,2(1X,F13.5),3(1X,F7.2),1X,F13.5)
*AVE   GRP     DATE           X             Y        ZELEV   ZHILL   ZFLAG  AVERAGE CONC
*___ ________ ________  ____________  ____________  ______  ______  ______  ____________
  24 LSRC     22010324  698863.00000 6850795.00000   16.90   34.00    1.50      80.01762
  24 LSRC     22011124  698863.00000 6850795.00000   16.90   34.00    1.50     161.09218
  24 LSRC     22011224  698863.00000 6850795.00000   16.90   34.00    1.50     166.85627
  24 LSRC     22011324  698863.00000 6850795.00000   16.90   34.00    1.50     470.89220
  24 LSRC     22011824  698863.00000 6850795.00000   16.90   34.00    1.50      51.01051
  24 LSRC     22011924  698863.00000 6850795.00000   16.90   34.00    1.50     253.83555
  24 LSRC     22012524  698863.00000 6850795.00000   16.90   34.00    1.50      51.95487
  24 LSRC     22013124  698863.00000 6850795.00000   16.90   34.00    1.50      87.38435
  24 LSRC     22020224  698863.00000 6850795.00000   16.90   34.00    1.50     104.54184
  24 LSRC     22020624  698863.00000 6850795.00000   16.90   34.00    1.50     122.03681
  24 LSRC     22021024  698863.00000 6850795.00000   16.90   34.00    1.50     170.13485
  24 LSRC     22021124  698863.00000 6850795.00000   16.90   34.00    1.50     217.78102
  24 LSRC     22021424  698863.00000 6850795.00000   16.90   34.00    1.50      53.19145
  24 LSRC     22021624  698863.00000 6850795.00000   16.90   34.00    1.50      58.43369
  24 LSRC     22021724  698863.00000 6850795.00000   16.90   34.00    1.50     285.29861
  24 LSRC     22021824  698863.00000 6850795.00000   16.90   34.00    1.50      92.03988
  24 LSRC     22022324  698863.00000 6850795.00000   16.90   34.00    1.50     147.16657
  24 LSRC     22030424  698863.00000 6850795.00000   16.90   34.00    1.50      98.31193
  24 LSRC     22030824  698863.00000 6850795.00000   16.90   34.00    1.50      73.92975
  24 LSRC     22030924  698863.00000 6850795.00000   16.90   34.00    1.50     102.24919
  24 LSRC     22031624  698863.00000 6850795.00000   16.90   34.00    1.50      58.92373
  24 LSRC     22031724  698863.00000 6850795.00000   16.90   34.00    1.50     261.84051
  24 LSRC     22032724  698863.00000 6850795.00000   16.90   34.00    1.50      87.21770
  24 LSRC     22032824  698863.00000 6850795.00000   16.90   34.00    1.50     190.44872
  24 LSRC     22032924  698863.00000 6850795.00000   16.90   34.00    1.50     155.64678
  24 LSRC     22033024  698863.00000 6850795.00000   16.90   34.00    1.50      75.14836
  24 LSRC     22040624  698863.00000 6850795.00000   16.90   34.00    1.50      63.93478
  24 LSRC     22040724  698863.00000 6850795.00000   16.90   34.00    1.50     139.93333
  24 LSRC     22041124  698863.00000 6850795.00000   16.90   34.00    1.50      72.91201
  24 LSRC     22041224  698863.00000 6850795.00000   16.90   34.00    1.50      62.13666
  24 LSRC     22042024  698863.00000 6850795.00000   16.90   34.00    1.50     369.40548
  24 LSRC     22042124  708863.00000 6845795.00000   -2.10   -2.10    1.50      74.70409
  24 LSRC     22042124  698863.00000 6850795.00000   16.90   34.00    1.50     123.97866
  24 LSRC     22051024  698863.00000 6850795.00000   16.90   34.00    1.50     129.44927
  24 LSRC     22051324  698863.00000 6850795.00000   16.90   34.00    1.50      57.36216
  24 LSRC     22051424  698863.00000 6850795.00000   16.90   34.00    1.50      70.94154
  24 LSRC     22051524  698863.00000 6850795.00000   16.90   34.00    1.50      50.62469
  24 LSRC     22051624  698863.00000 6850795.00000   16.90   34.00    1.50      53.16034
  24 LSRC     22052124  698863.00000 6850795.00000   16.90   34.00    1.50      59.50752
  24 LSRC     22052424  698863.00000 6850795.00000   16.90   34.00    1.50     252.76710
  24 LSRC     22052624  698863.00000 6850795.00000   16.90   34.00    1.50      90.68813
  24 LSRC     22052724  698863.00000 6850795.00000   16.90   34.00    1.50     114.17605
  24 LSRC     22052824  698863.00000 6850795.00000   16.90   34.00    1.50      76.21142
  24 LSRC     22053024  698863.00000 6850795.00000   16.90   34.00    1.50      77.38265
  24 LSRC     22060124  698863.00000 6850795.00000   16.90   34.00    1.50     134.48056
  24 LSRC     22060424  698863.00000 6850795.00000   16.90   34.00    1.50      50.84142
  24 LSRC     22060924  698863.00000 6850795.00000   16.90   34.00    1.50      62.01698
  24 LSRC     22061024  698863.00000 6850795.00000   16.90   34.00    1.50      83.25662
  24 LSRC     22061324  698863.00000 6850795.00000   16.90   34.00    1.50      96.45160
  24 LSRC     22062224  698863.00000 6850795.00000   16.90   34.00    1.50      70.21606
  24 LSRC     22062324  698863.00000 6850795.00000   16.90   34.00    1.50     184.69330
  24 LSRC     22062424  698863.00000 6850795.00000   16.90   34.00    1.50      88.78580
  24 LSRC     22062524  698863.00000 6850795.00000   16.90   34.00    1.50     101.97993
  24 LSRC     22062624  698863.00000 6850795.00000   16.90   34.00    1.50     151.21583
  24 LSRC     22070324  698863.00000 6850795.00000   16.90   34.00    1.50      80.35236
  24 LSRC     22070424  698863.00000 6850795.00000   16.90   34.00    1.50      86.43066
  24 LSRC     22070524  698863.00000 6850795.00000   16.90   34.00    1.50      82.01770
  24 LSRC     22070924  698863.00000 6845795.00000    4.90    4.90    1.50      66.65275
  24 LSRC     22070924  698863.00000 6850795.00000   16.90   34.00    1.50     122.13562
  24 LSRC     22071324  698863.00000 6850795.00000   16.90   34.00    1.50      70.64567
  24 LSRC     22071724  698863.00000 6850795.00000   16.90   34.00    1.50     106.90523
  24 LSRC     22072924  698863.00000 6850795.00000   16.90   34.00    1.50      80.58746
  24 LSRC     22073024  698863.00000 6850795.00000   16.90   34.00    1.50      51.03285
  24 LSRC     22080224  698863.00000 6850795.00000   16.90   34.00    1.50     126.02723
  24 LSRC     22080724  698863.00000 6850795.00000   16.90   34.00    1.50      85.80921
  24 LSRC     22081224  698863.00000 6850795.00000   16.90   34.00    1.50      55.96956
  24 LSRC     22081624  698863.00000 6850795.00000   16.90   34.00    1.50     136.16346
  24 LSRC     22081724  698863.00000 6850795.00000   16.90   34.00    1.50     190.64415
  24 LSRC     22082024  698863.00000 6850795.00000   16.90   34.00    1.50     203.57544
  24 LSRC     22082124  698863.00000 6850795.00000   16.90   34.00    1.50     116.62584
  24 LSRC     22083024  698863.00000 6850795.00000   16.90   34.00    1.50     269.61482
  24 LSRC     22090624  698863.00000 6850795.00000   16.90   34.00    1.50     104.34523
  24 LSRC     22091124  698863.00000 6850795.00000   16.90   34.00    1.50     181.71124
  24 LSRC     22091424  698863.00000 6850795.00000   16.90   34.00    1.50      86.16451
  24 LSRC     22091624  698863.00000 6850795.00000   16.90   34.00    1.50     114.44427
  24 LSRC     22091724  698863.00000 6850795.00000   16.90   34.00    1.50     290.73680
  24 LSRC     22092124  698863.00000 6850795.00000   16.90   34.00    1.50      62.96658
  24 LSRC     22100124  698863.00000 6850795.00000   16.90   34.00    1.50      75.99791
  24 LSRC     22100524  698863.00000 6850795.00000   16.90   34.00    1.50     160.31401
  24 LSRC     22101324  698863.00000 6850795.00000   16.90   34.00    1.50     137.83192
  24 LSRC     22101624  698863.00000 6850795.00000   16.90   34.00    1.50      70.63628
  24 LSRC     22101824  698863.00000 6850795.00000   16.90   34.00    1.50      68.23632
  24 LSRC     22101924  698863.00000 6850795.00000   16.90   34.00    1.50     111.86375
  24 LSRC     22102024  698863.00000 6850795.00000   16.90   34.00    1.50     220.32343
  24 LSRC     22102324  698863.00000 6850795.00000   16.90   34.00    1.50     446.40423
  24 LSRC     22102424  698863.00000 6850795.00000   16.90   34.00    1.50     107.11332
  24 LSRC     22111024  698863.00000 6850795.00000   16.90   34.00    1.50     147.94591
  24 LSRC     22111824  698863.00000 6850795.00000   16.90   34.00    1.50      90.26161
  24 LSRC     22112724  698863.00000 6850795.00000   16.90   34.00    1.50      50.45153
  24 LSRC     22112924  698863.00000 6850795.00000   16.90   34.00    1.50      61.44086
  24 LSRC     22120124  698863.00000 6850795.00000   16.90   34.00    1.50      86.93155
  24 LSRC     22120524  698863.00000 6850795.00000   16.90   34.00    1.50     348.01184
  24 LSRC     22120624  698863.00000 6850795.00000   16.90   34.00    1.50      62.87830
  24 LSRC     22120724  698863.00000 6850795.00000   16.90   34.00    1.50     103.46113
  24 LSRC     22121124  698863.00000 6850795.00000   16.90   34.00    1.50     133.43318
  24 LSRC     22121224  698863.00000 6850795.00000   16.90   34.00    1.50      51.84751
  24 LSRC     22122024  698863.00000 6850795.00000   16.90   34.00    1.50     167.42838
  24 LSRC     22122124  698863.00000 6850795.00000   16.90   34.00    1.50     118.09060
  24 LSRC     22122224  698863.00000 6850795.00000   16.90   34.00    1.50      86.82157
  24 LSRC     22122324  698863.00000 6850795.00000   16.90   34.00    1.50     126.85379
  24 LSRC     22122824  698863.00000 6850795.00000   16.90   34.00    1.50      76.89582
