* AERMOD (23132 ): anajuliawolmann                                                          11/14/24
* AERMET ( 23132):                                                                          13:41:23
* MODELING OPTIONS USED:   RegDFAULT  CONC  ELEV  FLGPOL  RURAL
*         MAXI-FILE FOR 24-HR VALUES >= A THRESHOLD OF    50.00    
*         FOR SOURCE GROUP: ALL     
*         FORMAT: (1X,I3,1X,A8,1X,I8.8,2(1X,F13.5),3(1X,F7.2),1X,F13.5)
*AVE   GRP     DATE           X             Y        ZELEV   ZHILL   ZFLAG  AVERAGE CONC
*___ ________ ________  ____________  ____________  ______  ______  ______  ____________
  24 ALL      22010224  698863.00000 6845795.00000    4.90    4.90    1.50      63.11314
  24 ALL      22010224  698863.00000 6850795.00000   16.90   34.00    1.50     122.06255
  24 ALL      22010324  698863.00000 6850795.00000   16.90   34.00    1.50     292.84219
  24 ALL      22010424  698863.00000 6845795.00000    4.90    4.90    1.50     119.26585
  24 ALL      22010424  698863.00000 6850795.00000   16.90   34.00    1.50     200.88420
  24 ALL      22010824  698863.00000 6850795.00000   16.90   34.00    1.50      97.56254
  24 ALL      22010824  703863.00000 6850795.00000    3.40  346.00    1.50      64.07361
  24 ALL      22010924  698863.00000 6850795.00000   16.90   34.00    1.50     194.62025
  24 ALL      22011024  698863.00000 6850795.00000   16.90   34.00    1.50      92.40050
  24 ALL      22011124  698863.00000 6850795.00000   16.90   34.00    1.50     847.95760
  24 ALL      22011224  693863.00000 6845795.00000    4.40    4.40    1.50     121.70990
  24 ALL      22011224  698863.00000 6850795.00000   16.90   34.00    1.50     530.58998
  24 ALL      22011324  698863.00000 6850795.00000   16.90   34.00    1.50    1551.54911
  24 ALL      22011324  698863.00000 6855795.00000    4.20    4.20    1.50     202.44543
  24 ALL      22011324  698863.00000 6860795.00000   10.80  638.00    1.50      54.88526
  24 ALL      22011424  698863.00000 6850795.00000   16.90   34.00    1.50      67.87328
  24 ALL      22011724  698863.00000 6850795.00000   16.90   34.00    1.50     109.38975
  24 ALL      22011824  698863.00000 6850795.00000   16.90   34.00    1.50     235.80234
  24 ALL      22011924  698863.00000 6850795.00000   16.90   34.00    1.50     948.52674
  24 ALL      22012024  698863.00000 6850795.00000   16.90   34.00    1.50      51.96766
  24 ALL      22012124  698863.00000 6850795.00000   16.90   34.00    1.50     102.42413
  24 ALL      22012524  698863.00000 6845795.00000    4.90    4.90    1.50     152.09653
  24 ALL      22012524  698863.00000 6850795.00000   16.90   34.00    1.50     219.10818
  24 ALL      22012724  703863.00000 6850795.00000    3.40  346.00    1.50      67.31501
  24 ALL      22012824  698863.00000 6845795.00000    4.90    4.90    1.50      73.38710
  24 ALL      22012824  698863.00000 6850795.00000   16.90   34.00    1.50     109.44043
  24 ALL      22012924  703863.00000 6845795.00000    1.00  276.00    1.50      77.89085
  24 ALL      22013024  698863.00000 6850795.00000   16.90   34.00    1.50     172.54314
  24 ALL      22013124  713863.00000 6840795.00000   -0.20   -0.20    1.50     121.49588
  24 ALL      22013124  698863.00000 6850795.00000   16.90   34.00    1.50     417.27711
  24 ALL      22013124  703863.00000 6850795.00000    3.40  346.00    1.50     176.32898
  24 ALL      22013124  698863.00000 6855795.00000    4.20    4.20    1.50      51.23275
  24 ALL      22020124  713863.00000 6845795.00000    0.00    0.00    1.50     177.76279
  24 ALL      22020124  698863.00000 6850795.00000   16.90   34.00    1.50      89.97412
  24 ALL      22020224  698863.00000 6850795.00000   16.90   34.00    1.50     504.02016
  24 ALL      22020224  703863.00000 6855795.00000   44.00  227.00    1.50      51.85995
  24 ALL      22020324  698863.00000 6850795.00000   16.90   34.00    1.50      59.70576
  24 ALL      22020424  698863.00000 6845795.00000    4.90    4.90    1.50     101.28165
  24 ALL      22020424  698863.00000 6850795.00000   16.90   34.00    1.50     144.61051
  24 ALL      22020524  698863.00000 6850795.00000   16.90   34.00    1.50     165.63533
  24 ALL      22020624  698863.00000 6850795.00000   16.90   34.00    1.50     627.45068
  24 ALL      22020724  698863.00000 6850795.00000   16.90   34.00    1.50      72.23351
  24 ALL      22020824  698863.00000 6850795.00000   16.90   34.00    1.50     104.34594
  24 ALL      22020824  703863.00000 6850795.00000    3.40  346.00    1.50      65.86563
  24 ALL      22020924  698863.00000 6850795.00000   16.90   34.00    1.50     132.52276
  24 ALL      22021024  708863.00000 6845795.00000   -2.10   -2.10    1.50      87.67520
  24 ALL      22021024  698863.00000 6850795.00000   16.90   34.00    1.50     708.05705
  24 ALL      22021124  698863.00000 6850795.00000   16.90   34.00    1.50     524.57746
  24 ALL      22021424  698863.00000 6850795.00000   16.90   34.00    1.50     253.83713
  24 ALL      22021524  698863.00000 6850795.00000   16.90   34.00    1.50      56.89951
  24 ALL      22021624  698863.00000 6850795.00000   16.90   34.00    1.50     289.81016
  24 ALL      22021724  698863.00000 6850795.00000   16.90   34.00    1.50    1111.85951
  24 ALL      22021724  703863.00000 6855795.00000   44.00  227.00    1.50     101.14481
  24 ALL      22021724  708863.00000 6860795.00000    0.00    0.00    1.50      78.92695
  24 ALL      22021824  698863.00000 6850795.00000   16.90   34.00    1.50     312.05020
  24 ALL      22022124  698863.00000 6850795.00000   16.90   34.00    1.50      65.49108
  24 ALL      22022224  703863.00000 6850795.00000    3.40  346.00    1.50     151.67200
  24 ALL      22022324  698863.00000 6850795.00000   16.90   34.00    1.50     621.35806
  24 ALL      22022324  703863.00000 6850795.00000    3.40  346.00    1.50      65.15305
  24 ALL      22022424  698863.00000 6850795.00000   16.90   34.00    1.50      86.37517
  24 ALL      22022524  698863.00000 6850795.00000   16.90   34.00    1.50      53.51994
  24 ALL      22022624  698863.00000 6850795.00000   16.90   34.00    1.50     103.40843
  24 ALL      22022724  698863.00000 6850795.00000   16.90   34.00    1.50      78.59490
  24 ALL      22030124  698863.00000 6850795.00000   16.90   34.00    1.50      62.14239
  24 ALL      22030224  703863.00000 6850795.00000    3.40  346.00    1.50     136.64786
  24 ALL      22030324  698863.00000 6850795.00000   16.90   34.00    1.50      71.16350
  24 ALL      22030424  698863.00000 6850795.00000   16.90   34.00    1.50     241.85136
  24 ALL      22030424  703863.00000 6850795.00000    3.40  346.00    1.50     108.94743
  24 ALL      22030524  698863.00000 6845795.00000    4.90    4.90    1.50      54.42714
  24 ALL      22030524  698863.00000 6850795.00000   16.90   34.00    1.50      92.89261
  24 ALL      22030824  698863.00000 6850795.00000   16.90   34.00    1.50     374.27042
  24 ALL      22030924  698863.00000 6850795.00000   16.90   34.00    1.50     466.08559
  24 ALL      22030924  703863.00000 6850795.00000    3.40  346.00    1.50      75.51761
  24 ALL      22031024  698863.00000 6850795.00000   16.90   34.00    1.50     179.62005
  24 ALL      22031024  708863.00000 6855795.00000    0.00    0.00    1.50      74.56944
  24 ALL      22031124  698863.00000 6850795.00000   16.90   34.00    1.50      71.54685
  24 ALL      22031524  698863.00000 6850795.00000   16.90   34.00    1.50     174.71383
  24 ALL      22031624  698863.00000 6850795.00000   16.90   34.00    1.50     210.75527
  24 ALL      22031724  713863.00000 6845795.00000    0.00    0.00    1.50      50.79318
  24 ALL      22031724  698863.00000 6850795.00000   16.90   34.00    1.50     846.08852
  24 ALL      22031724  703863.00000 6850795.00000    3.40  346.00    1.50      54.57231
  24 ALL      22031824  703863.00000 6845795.00000    1.00  276.00    1.50      73.07720
  24 ALL      22031924  703863.00000 6850795.00000    3.40  346.00    1.50      60.31001
  24 ALL      22032124  698863.00000 6850795.00000   16.90   34.00    1.50      72.86846
  24 ALL      22032224  703863.00000 6850795.00000    3.40  346.00    1.50      63.92628
  24 ALL      22032524  703863.00000 6840795.00000    2.80    2.80    1.50      53.23659
  24 ALL      22032524  698863.00000 6850795.00000   16.90   34.00    1.50     131.86616
  24 ALL      22032724  698863.00000 6850795.00000   16.90   34.00    1.50     297.06917
  24 ALL      22032724  698863.00000 6855795.00000    4.20    4.20    1.50      81.30875
  24 ALL      22032824  698863.00000 6850795.00000   16.90   34.00    1.50     879.40536
  24 ALL      22032824  703863.00000 6855795.00000   44.00  227.00    1.50      94.21335
  24 ALL      22032924  698863.00000 6845795.00000    4.90    4.90    1.50     298.00039
  24 ALL      22032924  693863.00000 6850795.00000    4.50  317.00    1.50      61.69579
  24 ALL      22032924  698863.00000 6850795.00000   16.90   34.00    1.50     805.72675
  24 ALL      22033024  698863.00000 6850795.00000   16.90   34.00    1.50     317.09721
  24 ALL      22040324  698863.00000 6850795.00000   16.90   34.00    1.50      85.49939
  24 ALL      22040324  708863.00000 6855795.00000    0.00    0.00    1.50      59.51092
  24 ALL      22040524  698863.00000 6850795.00000   16.90   34.00    1.50      50.26094
  24 ALL      22040624  698863.00000 6850795.00000   16.90   34.00    1.50     268.34179
  24 ALL      22040724  698863.00000 6850795.00000   16.90   34.00    1.50     522.07922
  24 ALL      22040724  693863.00000 6865795.00000   81.10  532.00    1.50      52.72158
  24 ALL      22040824  698863.00000 6850795.00000   16.90   34.00    1.50      64.20398
  24 ALL      22040924  698863.00000 6850795.00000   16.90   34.00    1.50     111.51568
  24 ALL      22041024  698863.00000 6850795.00000   16.90   34.00    1.50     154.26867
  24 ALL      22041124  698863.00000 6850795.00000   16.90   34.00    1.50     341.99364
  24 ALL      22041124  703863.00000 6850795.00000    3.40  346.00    1.50      67.01990
  24 ALL      22041224  698863.00000 6850795.00000   16.90   34.00    1.50     254.08111
  24 ALL      22041324  708863.00000 6845795.00000   -2.10   -2.10    1.50      90.29156
  24 ALL      22041324  698863.00000 6850795.00000   16.90   34.00    1.50      95.82508
  24 ALL      22041724  698863.00000 6855795.00000    4.20    4.20    1.50     138.86982
  24 ALL      22041724  698863.00000 6860795.00000   10.80  638.00    1.50      64.90413
  24 ALL      22041824  698863.00000 6850795.00000   16.90   34.00    1.50      92.68350
  24 ALL      22041924  708863.00000 6840795.00000    0.30    0.30    1.50      51.81013
  24 ALL      22041924  703863.00000 6845795.00000    1.00  276.00    1.50     150.12336
  24 ALL      22041924  698863.00000 6850795.00000   16.90   34.00    1.50     139.26815
  24 ALL      22042024  698863.00000 6850795.00000   16.90   34.00    1.50    1509.60463
  24 ALL      22042024  703863.00000 6850795.00000    3.40  346.00    1.50      54.00950
  24 ALL      22042124  693863.00000 6840795.00000    0.00    0.00    1.50      92.93809
  24 ALL      22042124  718863.00000 6840795.00000    0.00    0.00    1.50     158.20617
  24 ALL      22042124  708863.00000 6845795.00000   -2.10   -2.10    1.50     347.01802
  24 ALL      22042124  698863.00000 6850795.00000   16.90   34.00    1.50     444.47378
  24 ALL      22042424  698863.00000 6850795.00000   16.90   34.00    1.50      61.97013
  24 ALL      22042924  698863.00000 6850795.00000   16.90   34.00    1.50      60.10075
  24 ALL      22043024  698863.00000 6850795.00000   16.90   34.00    1.50      85.68397
  24 ALL      22050124  698863.00000 6850795.00000   16.90   34.00    1.50     177.14982
  24 ALL      22050324  698863.00000 6850795.00000   16.90   34.00    1.50      98.78888
  24 ALL      22050424  698863.00000 6850795.00000   16.90   34.00    1.50      52.90748
  24 ALL      22050624  698863.00000 6850795.00000   16.90   34.00    1.50      74.81535
  24 ALL      22051024  698863.00000 6850795.00000   16.90   34.00    1.50     524.00802
  24 ALL      22051124  698863.00000 6850795.00000   16.90   34.00    1.50     124.47750
  24 ALL      22051224  698863.00000 6850795.00000   16.90   34.00    1.50     104.54529
  24 ALL      22051324  718863.00000 6835795.00000    0.00    0.00    1.50     107.41842
  24 ALL      22051324  698863.00000 6850795.00000   16.90   34.00    1.50     185.10654
  24 ALL      22051324  703863.00000 6850795.00000    3.40  346.00    1.50      89.79443
  24 ALL      22051324  698863.00000 6855795.00000    4.20    4.20    1.50      87.35298
  24 ALL      22051424  703863.00000 6845795.00000    1.00  276.00    1.50      53.75238
  24 ALL      22051424  698863.00000 6850795.00000   16.90   34.00    1.50     184.66620
  24 ALL      22051424  703863.00000 6850795.00000    3.40  346.00    1.50     125.00518
  24 ALL      22051524  698863.00000 6850795.00000   16.90   34.00    1.50     163.72929
  24 ALL      22051624  698863.00000 6850795.00000   16.90   34.00    1.50     270.17428
  24 ALL      22052124  698863.00000 6850795.00000   16.90   34.00    1.50     356.22167
  24 ALL      22052424  698863.00000 6850795.00000   16.90   34.00    1.50     814.55067
  24 ALL      22052624  698863.00000 6850795.00000   16.90   34.00    1.50     405.48170
  24 ALL      22052724  703863.00000 6845795.00000    1.00  276.00    1.50      77.94770
  24 ALL      22052724  693863.00000 6850795.00000    4.50  317.00    1.50      76.53706
  24 ALL      22052724  698863.00000 6850795.00000   16.90   34.00    1.50     407.54107
  24 ALL      22052724  703863.00000 6850795.00000    3.40  346.00    1.50      83.10694
  24 ALL      22052724  698863.00000 6855795.00000    4.20    4.20    1.50     118.73933
  24 ALL      22052824  698863.00000 6845795.00000    4.90    4.90    1.50      64.43006
  24 ALL      22052824  698863.00000 6850795.00000   16.90   34.00    1.50     371.41788
  24 ALL      22052824  703863.00000 6850795.00000    3.40  346.00    1.50      74.09519
  24 ALL      22052924  698863.00000 6850795.00000   16.90   34.00    1.50     116.87077
  24 ALL      22053024  698863.00000 6850795.00000   16.90   34.00    1.50     310.69713
  24 ALL      22060124  698863.00000 6850795.00000   16.90   34.00    1.50     504.90347
  24 ALL      22060124  703863.00000 6850795.00000    3.40  346.00    1.50      96.40065
  24 ALL      22060124  703863.00000 6855795.00000   44.00  227.00    1.50      63.45302
  24 ALL      22060324  698863.00000 6850795.00000   16.90   34.00    1.50      76.03702
  24 ALL      22060424  698863.00000 6850795.00000   16.90   34.00    1.50     108.43113
  24 ALL      22060724  698863.00000 6850795.00000   16.90   34.00    1.50      78.98703
  24 ALL      22060824  698863.00000 6850795.00000   16.90   34.00    1.50     111.93368
  24 ALL      22060924  713863.00000 6840795.00000   -0.20   -0.20    1.50     143.15654
  24 ALL      22060924  703863.00000 6845795.00000    1.00  276.00    1.50      58.97378
  24 ALL      22060924  698863.00000 6850795.00000   16.90   34.00    1.50     244.45707
  24 ALL      22060924  703863.00000 6850795.00000    3.40  346.00    1.50      65.26393
  24 ALL      22061024  718863.00000 6840795.00000    0.00    0.00    1.50      63.49035
  24 ALL      22061024  708863.00000 6845795.00000   -2.10   -2.10    1.50     166.61602
  24 ALL      22061024  713863.00000 6845795.00000    0.00    0.00    1.50      50.32452
  24 ALL      22061024  698863.00000 6850795.00000   16.90   34.00    1.50     439.44474
  24 ALL      22061024  703863.00000 6850795.00000    3.40  346.00    1.50     127.16632
  24 ALL      22061324  698863.00000 6850795.00000   16.90   34.00    1.50     396.92101
  24 ALL      22061424  698863.00000 6850795.00000   16.90   34.00    1.50      91.21078
  24 ALL      22061524  698863.00000 6850795.00000   16.90   34.00    1.50     103.82970
  24 ALL      22061724  698863.00000 6850795.00000   16.90   34.00    1.50      55.17773
  24 ALL      22061924  703863.00000 6845795.00000    1.00  276.00    1.50     104.50110
  24 ALL      22062124  698863.00000 6855795.00000    4.20    4.20    1.50     170.88139
  24 ALL      22062124  698863.00000 6860795.00000   10.80  638.00    1.50     121.04490
  24 ALL      22062224  698863.00000 6850795.00000   16.90   34.00    1.50     293.54324
  24 ALL      22062324  693863.00000 6850795.00000    4.50  317.00    1.50      55.42555
  24 ALL      22062324  698863.00000 6850795.00000   16.90   34.00    1.50     711.41982
  24 ALL      22062424  698863.00000 6850795.00000   16.90   34.00    1.50     364.41924
  24 ALL      22062524  703863.00000 6845795.00000    1.00  276.00    1.50      51.82398
  24 ALL      22062524  698863.00000 6850795.00000   16.90   34.00    1.50     353.68392
  24 ALL      22062624  693863.00000 6850795.00000    4.50  317.00    1.50      98.02941
  24 ALL      22062624  698863.00000 6850795.00000   16.90   34.00    1.50     527.89117
  24 ALL      22062924  698863.00000 6850795.00000   16.90   34.00    1.50     147.37377
  24 ALL      22070324  698863.00000 6850795.00000   16.90   34.00    1.50     176.06203
  24 ALL      22070424  703863.00000 6845795.00000    1.00  276.00    1.50      52.69434
  24 ALL      22070424  708863.00000 6845795.00000   -2.10   -2.10    1.50      77.72100
  24 ALL      22070424  698863.00000 6850795.00000   16.90   34.00    1.50     344.89773
  24 ALL      22070524  698863.00000 6850795.00000   16.90   34.00    1.50     437.97941
  24 ALL      22070824  698863.00000 6850795.00000   16.90   34.00    1.50      60.37011
  24 ALL      22070924  698863.00000 6835795.00000    4.10    4.10    1.50      63.92456
  24 ALL      22070924  698863.00000 6840795.00000    0.50    0.50    1.50     116.60452
  24 ALL      22070924  698863.00000 6845795.00000    4.90    4.90    1.50     272.02395
  24 ALL      22070924  703863.00000 6845795.00000    1.00  276.00    1.50      59.07986
  24 ALL      22070924  713863.00000 6845795.00000    0.00    0.00    1.50     139.40965
  24 ALL      22070924  698863.00000 6850795.00000   16.90   34.00    1.50     416.83510
  24 ALL      22071224  698863.00000 6850795.00000   16.90   34.00    1.50     100.17907
  24 ALL      22071324  698863.00000 6850795.00000   16.90   34.00    1.50     301.55579
  24 ALL      22071324  703863.00000 6850795.00000    3.40  346.00    1.50     115.71846
  24 ALL      22071424  703863.00000 6845795.00000    1.00  276.00    1.50      50.47871
  24 ALL      22071724  698863.00000 6850795.00000   16.90   34.00    1.50     440.52710
  24 ALL      22071824  698863.00000 6855795.00000    4.20    4.20    1.50      63.31913
  24 ALL      22071924  698863.00000 6850795.00000   16.90   34.00    1.50      76.93262
  24 ALL      22072024  698863.00000 6840795.00000    0.50    0.50    1.50      75.40274
  24 ALL      22072024  698863.00000 6845795.00000    4.90    4.90    1.50     164.58772
  24 ALL      22072024  698863.00000 6850795.00000   16.90   34.00    1.50     228.07089
  24 ALL      22072024  703863.00000 6850795.00000    3.40  346.00    1.50     101.14532
  24 ALL      22072324  698863.00000 6850795.00000   16.90   34.00    1.50      78.08075
  24 ALL      22072624  698863.00000 6850795.00000   16.90   34.00    1.50      72.46544
  24 ALL      22072924  698863.00000 6850795.00000   16.90   34.00    1.50     300.90815
  24 ALL      22073024  698863.00000 6850795.00000   16.90   34.00    1.50     230.27878
  24 ALL      22080224  698863.00000 6850795.00000   16.90   34.00    1.50     459.22280
  24 ALL      22080224  703863.00000 6850795.00000    3.40  346.00    1.50      68.92539
  24 ALL      22080424  698863.00000 6850795.00000   16.90   34.00    1.50     238.66945
  24 ALL      22080524  698863.00000 6850795.00000   16.90   34.00    1.50      68.87869
  24 ALL      22080624  698863.00000 6850795.00000   16.90   34.00    1.50     125.40954
  24 ALL      22080724  703863.00000 6845795.00000    1.00  276.00    1.50      62.82247
  24 ALL      22080724  698863.00000 6850795.00000   16.90   34.00    1.50     367.51738
  24 ALL      22080724  703863.00000 6860795.00000   34.50  446.00    1.50      81.38497
  24 ALL      22080824  698863.00000 6850795.00000   16.90   34.00    1.50     142.92333
  24 ALL      22080924  698863.00000 6850795.00000   16.90   34.00    1.50     137.61741
  24 ALL      22080924  698863.00000 6855795.00000    4.20    4.20    1.50      51.54206
  24 ALL      22081124  698863.00000 6850795.00000   16.90   34.00    1.50     206.10139
  24 ALL      22081224  698863.00000 6850795.00000   16.90   34.00    1.50     240.19397
  24 ALL      22081424  698863.00000 6855795.00000    4.20    4.20    1.50      67.42825
  24 ALL      22081624  698863.00000 6850795.00000   16.90   34.00    1.50     618.33933
  24 ALL      22081724  693863.00000 6840795.00000    0.00    0.00    1.50      51.82402
  24 ALL      22081724  713863.00000 6845795.00000    0.00    0.00    1.50      55.63511
  24 ALL      22081724  698863.00000 6850795.00000   16.90   34.00    1.50     659.76695
  24 ALL      22082024  693863.00000 6850795.00000    4.50  317.00    1.50      69.41394
  24 ALL      22082024  698863.00000 6850795.00000   16.90   34.00    1.50     825.99762
  24 ALL      22082124  698863.00000 6845795.00000    4.90    4.90    1.50      53.63554
  24 ALL      22082124  713863.00000 6845795.00000    0.00    0.00    1.50      87.82479
  24 ALL      22082124  718863.00000 6845795.00000    5.50   10.00    1.50      74.80878
  24 ALL      22082124  693863.00000 6850795.00000    4.50  317.00    1.50      79.64177
  24 ALL      22082124  698863.00000 6850795.00000   16.90   34.00    1.50     369.16299
  24 ALL      22082324  698863.00000 6850795.00000   16.90   34.00    1.50     218.99604
  24 ALL      22082424  698863.00000 6845795.00000    4.90    4.90    1.50     118.37387
  24 ALL      22082424  698863.00000 6850795.00000   16.90   34.00    1.50     148.06135
  24 ALL      22083024  693863.00000 6850795.00000    4.50  317.00    1.50      75.07960
  24 ALL      22083024  698863.00000 6850795.00000   16.90   34.00    1.50    1106.63089
  24 ALL      22083124  713863.00000 6840795.00000   -0.20   -0.20    1.50      77.93395
  24 ALL      22083124  703863.00000 6845795.00000    1.00  276.00    1.50      56.18108
  24 ALL      22090524  703863.00000 6845795.00000    1.00  276.00    1.50      91.39087
  24 ALL      22090524  698863.00000 6850795.00000   16.90   34.00    1.50     139.73912
  24 ALL      22090524  703863.00000 6850795.00000    3.40  346.00    1.50     101.80600
  24 ALL      22090624  698863.00000 6845795.00000    4.90    4.90    1.50     255.64898
  24 ALL      22090624  698863.00000 6850795.00000   16.90   34.00    1.50     544.68548
  24 ALL      22090724  698863.00000 6850795.00000   16.90   34.00    1.50      71.94378
  24 ALL      22090924  703863.00000 6845795.00000    1.00  276.00    1.50      86.68011
  24 ALL      22091124  693863.00000 6850795.00000    4.50  317.00    1.50      86.88314
  24 ALL      22091124  698863.00000 6850795.00000   16.90   34.00    1.50     818.02718
  24 ALL      22091124  693863.00000 6870795.00000   30.30  513.00    1.50      67.11835
  24 ALL      22091324  698863.00000 6850795.00000   16.90   34.00    1.50     119.60246
  24 ALL      22091424  698863.00000 6850795.00000   16.90   34.00    1.50     228.36023
  24 ALL      22091624  698863.00000 6850795.00000   16.90   34.00    1.50     473.80242
  24 ALL      22091724  698863.00000 6850795.00000   16.90   34.00    1.50     898.63455
  24 ALL      22091824  698863.00000 6845795.00000    4.90    4.90    1.50      82.72489
  24 ALL      22091824  698863.00000 6850795.00000   16.90   34.00    1.50     149.25973
  24 ALL      22091924  703863.00000 6845795.00000    1.00  276.00    1.50      63.82505
  24 ALL      22092024  708863.00000 6845795.00000   -2.10   -2.10    1.50      51.91110
  24 ALL      22092024  698863.00000 6850795.00000   16.90   34.00    1.50      52.90262
  24 ALL      22092124  698863.00000 6850795.00000   16.90   34.00    1.50     250.07005
  24 ALL      22092224  698863.00000 6850795.00000   16.90   34.00    1.50      56.21405
  24 ALL      22092524  698863.00000 6850795.00000   16.90   34.00    1.50      63.94113
  24 ALL      22092924  698863.00000 6850795.00000   16.90   34.00    1.50     145.58060
  24 ALL      22093024  698863.00000 6845795.00000    4.90    4.90    1.50      82.65642
  24 ALL      22093024  698863.00000 6850795.00000   16.90   34.00    1.50     164.02042
  24 ALL      22100124  698863.00000 6850795.00000   16.90   34.00    1.50     278.95495
  24 ALL      22100224  698863.00000 6850795.00000   16.90   34.00    1.50     122.68007
  24 ALL      22100324  698863.00000 6850795.00000   16.90   34.00    1.50      86.35470
  24 ALL      22100424  698863.00000 6850795.00000   16.90   34.00    1.50     148.02201
  24 ALL      22100524  698863.00000 6850795.00000   16.90   34.00    1.50     716.30439
  24 ALL      22100524  703863.00000 6850795.00000    3.40  346.00    1.50     140.09555
  24 ALL      22100524  698863.00000 6855795.00000    4.20    4.20    1.50      67.04907
  24 ALL      22100624  698863.00000 6850795.00000   16.90   34.00    1.50      51.12573
  24 ALL      22100724  698863.00000 6850795.00000   16.90   34.00    1.50     130.20443
  24 ALL      22101124  718863.00000 6845795.00000    5.50   10.00    1.50      52.46239
  24 ALL      22101224  698863.00000 6850795.00000   16.90   34.00    1.50     143.66695
  24 ALL      22101324  693863.00000 6850795.00000    4.50  317.00    1.50      88.37462
  24 ALL      22101324  698863.00000 6850795.00000   16.90   34.00    1.50     439.70052
  24 ALL      22101424  698863.00000 6850795.00000   16.90   34.00    1.50     127.59696
  24 ALL      22101524  698863.00000 6850795.00000   16.90   34.00    1.50     197.91080
  24 ALL      22101624  698863.00000 6850795.00000   16.90   34.00    1.50     277.94124
  24 ALL      22101724  698863.00000 6850795.00000   16.90   34.00    1.50      90.42254
  24 ALL      22101824  698863.00000 6850795.00000   16.90   34.00    1.50     227.60177
  24 ALL      22101924  698863.00000 6850795.00000   16.90   34.00    1.50     426.52878
  24 ALL      22102024  698863.00000 6850795.00000   16.90   34.00    1.50     913.68230
  24 ALL      22102124  698863.00000 6850795.00000   16.90   34.00    1.50      97.21943
  24 ALL      22102324  693863.00000 6850795.00000    4.50  317.00    1.50     210.72562
  24 ALL      22102324  698863.00000 6850795.00000   16.90   34.00    1.50    1673.32737
  24 ALL      22102424  698863.00000 6850795.00000   16.90   34.00    1.50     402.48584
  24 ALL      22102524  698863.00000 6850795.00000   16.90   34.00    1.50     130.06225
  24 ALL      22102624  698863.00000 6850795.00000   16.90   34.00    1.50     111.00344
  24 ALL      22102824  698863.00000 6850795.00000   16.90   34.00    1.50      61.23676
  24 ALL      22102924  698863.00000 6850795.00000   16.90   34.00    1.50      50.21955
  24 ALL      22110324  698863.00000 6850795.00000   16.90   34.00    1.50     151.42821
  24 ALL      22110524  698863.00000 6850795.00000   16.90   34.00    1.50     100.76889
  24 ALL      22110924  698863.00000 6850795.00000   16.90   34.00    1.50     132.00631
  24 ALL      22111024  703863.00000 6845795.00000    1.00  276.00    1.50      79.71460
  24 ALL      22111024  698863.00000 6850795.00000   16.90   34.00    1.50     544.08827
  24 ALL      22111124  698863.00000 6850795.00000   16.90   34.00    1.50      71.19038
  24 ALL      22111224  698863.00000 6850795.00000   16.90   34.00    1.50      57.31190
  24 ALL      22111324  698863.00000 6850795.00000   16.90   34.00    1.50      55.32687
  24 ALL      22111524  698863.00000 6850795.00000   16.90   34.00    1.50      88.55886
  24 ALL      22111824  698863.00000 6850795.00000   16.90   34.00    1.50     354.21503
  24 ALL      22111824  693863.00000 6870795.00000   30.30  513.00    1.50      62.53471
  24 ALL      22112024  698863.00000 6850795.00000   16.90   34.00    1.50      66.98552
  24 ALL      22112324  698863.00000 6850795.00000   16.90   34.00    1.50      58.87782
  24 ALL      22112424  698863.00000 6850795.00000   16.90   34.00    1.50     129.69959
  24 ALL      22112624  698863.00000 6850795.00000   16.90   34.00    1.50      74.42876
  24 ALL      22112724  698863.00000 6850795.00000   16.90   34.00    1.50     243.28101
  24 ALL      22112824  698863.00000 6850795.00000   16.90   34.00    1.50     192.76531
  24 ALL      22112924  698863.00000 6850795.00000   16.90   34.00    1.50     290.25223
  24 ALL      22113024  698863.00000 6850795.00000   16.90   34.00    1.50     164.33306
  24 ALL      22120124  698863.00000 6850795.00000   16.90   34.00    1.50     272.41817
  24 ALL      22120224  698863.00000 6850795.00000   16.90   34.00    1.50      79.00342
  24 ALL      22120324  698863.00000 6850795.00000   16.90   34.00    1.50     128.56901
  24 ALL      22120424  698863.00000 6850795.00000   16.90   34.00    1.50      67.22812
  24 ALL      22120524  698863.00000 6850795.00000   16.90   34.00    1.50    1341.42137
  24 ALL      22120524  703863.00000 6860795.00000   34.50  446.00    1.50      88.12841
  24 ALL      22120624  698863.00000 6850795.00000   16.90   34.00    1.50     251.93392
  24 ALL      22120724  698863.00000 6850795.00000   16.90   34.00    1.50     403.26480
  24 ALL      22120724  703863.00000 6850795.00000    3.40  346.00    1.50      71.56232
  24 ALL      22120824  698863.00000 6850795.00000   16.90   34.00    1.50      73.62251
  24 ALL      22120924  698863.00000 6850795.00000   16.90   34.00    1.50      50.13975
  24 ALL      22121124  698863.00000 6845795.00000    4.90    4.90    1.50     182.87035
  24 ALL      22121124  698863.00000 6850795.00000   16.90   34.00    1.50     523.02541
  24 ALL      22121224  698863.00000 6845795.00000    4.90    4.90    1.50      61.79180
  24 ALL      22121224  698863.00000 6850795.00000   16.90   34.00    1.50     179.16242
  24 ALL      22121524  708863.00000 6845795.00000   -2.10   -2.10    1.50      54.21165
  24 ALL      22121524  698863.00000 6850795.00000   16.90   34.00    1.50      76.36556
  24 ALL      22121824  698863.00000 6845795.00000    4.90    4.90    1.50      62.07812
  24 ALL      22121824  698863.00000 6850795.00000   16.90   34.00    1.50     136.43602
  24 ALL      22121924  698863.00000 6850795.00000   16.90   34.00    1.50     108.25259
  24 ALL      22122024  698863.00000 6850795.00000   16.90   34.00    1.50     727.49109
  24 ALL      22122124  698863.00000 6850795.00000   16.90   34.00    1.50     478.49119
  24 ALL      22122224  698863.00000 6850795.00000   16.90   34.00    1.50     344.94305
  24 ALL      22122324  698863.00000 6850795.00000   16.90   34.00    1.50     400.13738
  24 ALL      22122424  698863.00000 6850795.00000   16.90   34.00    1.50      83.81269
  24 ALL      22122724  698863.00000 6850795.00000   16.90   34.00    1.50      71.50446
  24 ALL      22122824  698863.00000 6850795.00000   16.90   34.00    1.50     348.17525
  24 ALL      22122924  698863.00000 6850795.00000   16.90   34.00    1.50      52.98272
