* AERMOD (23132 ): anajuliawolmann                                                          11/14/24
* AERMET ( 23132):                                                                          13:41:23
* MODELING OPTIONS USED:   RegDFAULT  CONC  ELEV  FLGPOL  RURAL
*         MAXI-FILE FOR  8-HR VALUES >= A THRESHOLD OF    50.00    
*         FOR SOURCE GROUP: ALL     
*         FORMAT: (1X,I3,1X,A8,1X,I8.8,2(1X,F13.5),3(1X,F7.2),1X,F13.5)
*AVE   GRP     DATE           X             Y        ZELEV   ZHILL   ZFLAG  AVERAGE CONC
*___ ________ ________  ____________  ____________  ______  ______  ______  ____________
   8 ALL      22010124  698863.00000 6850795.00000   16.90   34.00    1.50      58.67307
   8 ALL      22010208  698863.00000 6840795.00000    0.50    0.50    1.50      53.28648
   8 ALL      22010208  698863.00000 6845795.00000    4.90    4.90    1.50     165.99037
   8 ALL      22010208  698863.00000 6850795.00000   16.90   34.00    1.50     323.69121
   8 ALL      22010308  698863.00000 6850795.00000   16.90   34.00    1.50     467.57458
   8 ALL      22010324  698863.00000 6845795.00000    4.90    4.90    1.50      58.59035
   8 ALL      22010324  698863.00000 6850795.00000   16.90   34.00    1.50     410.95201
   8 ALL      22010408  698863.00000 6840795.00000    0.50    0.50    1.50      86.28811
   8 ALL      22010408  698863.00000 6845795.00000    4.90    4.90    1.50     223.23167
   8 ALL      22010408  708863.00000 6845795.00000   -2.10   -2.10    1.50      58.44616
   8 ALL      22010408  698863.00000 6850795.00000   16.90   34.00    1.50     294.27375
   8 ALL      22010416  698863.00000 6850795.00000   16.90   34.00    1.50      78.49735
   8 ALL      22010424  698863.00000 6845795.00000    4.90    4.90    1.50      88.71004
   8 ALL      22010424  698863.00000 6850795.00000   16.90   34.00    1.50     174.17427
   8 ALL      22010508  703863.00000 6840795.00000    2.80    2.80    1.50      62.68477
   8 ALL      22010516  698863.00000 6850795.00000   16.90   34.00    1.50      84.60923
   8 ALL      22010724  698863.00000 6850795.00000   16.90   34.00    1.50      91.11013
   8 ALL      22010808  713863.00000 6840795.00000   -0.20   -0.20    1.50      64.77450
   8 ALL      22010808  703863.00000 6850795.00000    3.40  346.00    1.50     189.72059
   8 ALL      22010808  703863.00000 6860795.00000   34.50  446.00    1.50      84.33425
   8 ALL      22010824  698863.00000 6850795.00000   16.90   34.00    1.50     264.41514
   8 ALL      22010908  698863.00000 6850795.00000   16.90   34.00    1.50     401.20031
   8 ALL      22010924  703863.00000 6825795.00000    0.00    0.00    1.50      50.63567
   8 ALL      22010924  698863.00000 6850795.00000   16.90   34.00    1.50     182.66044
   8 ALL      22010924  703863.00000 6850795.00000    3.40  346.00    1.50      96.51455
   8 ALL      22011008  698863.00000 6850795.00000   16.90   34.00    1.50     277.10708
   8 ALL      22011108  698863.00000 6850795.00000   16.90   34.00    1.50     986.88738
   8 ALL      22011108  698863.00000 6855795.00000    4.20    4.20    1.50     124.17660
   8 ALL      22011116  698863.00000 6850795.00000   16.90   34.00    1.50      70.99251
   8 ALL      22011124  698863.00000 6850795.00000   16.90   34.00    1.50    1291.75163
   8 ALL      22011208  688863.00000 6840795.00000    6.50  237.00    1.50      69.17425
   8 ALL      22011208  693863.00000 6845795.00000    4.40    4.40    1.50     348.04449
   8 ALL      22011208  698863.00000 6850795.00000   16.90   34.00    1.50    1027.40242
   8 ALL      22011216  698863.00000 6850795.00000   16.90   34.00    1.50     109.39038
   8 ALL      22011224  698863.00000 6850795.00000   16.90   34.00    1.50     402.32720
   8 ALL      22011308  698863.00000 6850795.00000   16.90   34.00    1.50    4780.98001
   8 ALL      22011308  698863.00000 6855795.00000    4.20    4.20    1.50     632.52917
   8 ALL      22011308  698863.00000 6860795.00000   10.80  638.00    1.50     169.85056
   8 ALL      22011324  698863.00000 6850795.00000   16.90   34.00    1.50      72.13629
   8 ALL      22011408  698863.00000 6845795.00000    4.90    4.90    1.50      68.17366
   8 ALL      22011408  698863.00000 6850795.00000   16.90   34.00    1.50     171.17741
   8 ALL      22011708  698863.00000 6850795.00000   16.90   34.00    1.50     122.39656
   8 ALL      22011724  698863.00000 6850795.00000   16.90   34.00    1.50     205.77269
   8 ALL      22011808  718863.00000 6845795.00000    5.50   10.00    1.50      64.39805
   8 ALL      22011808  703863.00000 6855795.00000   44.00  227.00    1.50      98.60008
   8 ALL      22011824  698863.00000 6850795.00000   16.90   34.00    1.50     530.04902
   8 ALL      22011908  693863.00000 6850795.00000    4.50  317.00    1.50      83.96765
   8 ALL      22011908  698863.00000 6850795.00000   16.90   34.00    1.50    2949.83619
   8 ALL      22011924  698863.00000 6850795.00000   16.90   34.00    1.50     111.18380
   8 ALL      22012008  698863.00000 6850795.00000   16.90   34.00    1.50      84.00276
   8 ALL      22012108  698863.00000 6845795.00000    4.90    4.90    1.50      73.49372
   8 ALL      22012108  698863.00000 6850795.00000   16.90   34.00    1.50     224.76136
   8 ALL      22012408  698863.00000 6850795.00000   16.90   34.00    1.50      54.63415
   8 ALL      22012508  698863.00000 6845795.00000    4.90    4.90    1.50     141.89389
   8 ALL      22012508  698863.00000 6850795.00000   16.90   34.00    1.50     286.33636
   8 ALL      22012524  698863.00000 6840795.00000    0.50    0.50    1.50      94.09319
   8 ALL      22012524  698863.00000 6845795.00000    4.90    4.90    1.50     310.94519
   8 ALL      22012524  698863.00000 6850795.00000   16.90   34.00    1.50     361.89174
   8 ALL      22012708  718863.00000 6845795.00000    5.50   10.00    1.50      59.56957
   8 ALL      22012708  703863.00000 6850795.00000    3.40  346.00    1.50     200.01504
   8 ALL      22012824  698863.00000 6840795.00000    0.50    0.50    1.50      63.24820
   8 ALL      22012824  698863.00000 6845795.00000    4.90    4.90    1.50     220.06670
   8 ALL      22012824  698863.00000 6850795.00000   16.90   34.00    1.50     287.05937
   8 ALL      22012824  703863.00000 6850795.00000    3.40  346.00    1.50      70.47462
   8 ALL      22012908  713863.00000 6835795.00000    0.00    0.00    1.50      52.04363
   8 ALL      22012908  708863.00000 6840795.00000    0.30    0.30    1.50      90.76103
   8 ALL      22012908  703863.00000 6845795.00000    1.00  276.00    1.50     233.63052
   8 ALL      22012908  718863.00000 6845795.00000    5.50   10.00    1.50      52.27053
   8 ALL      22013024  698863.00000 6850795.00000   16.90   34.00    1.50     517.22127
   8 ALL      22013108  698863.00000 6840795.00000    0.50    0.50    1.50      52.06109
   8 ALL      22013108  713863.00000 6840795.00000   -0.20   -0.20    1.50     364.48384
   8 ALL      22013108  698863.00000 6845795.00000    4.90    4.90    1.50      77.49914
   8 ALL      22013108  698863.00000 6850795.00000   16.90   34.00    1.50     104.80295
   8 ALL      22013108  703863.00000 6850795.00000    3.40  346.00    1.50     479.39530
   8 ALL      22013108  713863.00000 6850795.00000    0.00    0.00    1.50     141.49862
   8 ALL      22013108  718863.00000 6850795.00000    6.60    6.60    1.50      93.60366
   8 ALL      22013108  698863.00000 6855795.00000    4.20    4.20    1.50     152.98993
   8 ALL      22013108  698863.00000 6860795.00000   10.80  638.00    1.50     117.34841
   8 ALL      22013124  698863.00000 6850795.00000   16.90   34.00    1.50    1147.02838
   8 ALL      22020108  713863.00000 6845795.00000    0.00    0.00    1.50     444.39314
   8 ALL      22020108  703863.00000 6850795.00000    3.40  346.00    1.50     115.23074
   8 ALL      22020116  698863.00000 6850795.00000   16.90   34.00    1.50      89.80442
   8 ALL      22020124  698863.00000 6850795.00000   16.90   34.00    1.50     134.50550
   8 ALL      22020208  698863.00000 6850795.00000   16.90   34.00    1.50    1468.04379
   8 ALL      22020208  703863.00000 6855795.00000   44.00  227.00    1.50     155.43205
   8 ALL      22020208  708863.00000 6865795.00000    0.00    0.00    1.50      90.05975
   8 ALL      22020308  698863.00000 6845795.00000    4.90    4.90    1.50      76.63467
   8 ALL      22020308  698863.00000 6850795.00000   16.90   34.00    1.50     131.15717
   8 ALL      22020408  698863.00000 6840795.00000    0.50    0.50    1.50      62.68264
   8 ALL      22020408  698863.00000 6845795.00000    4.90    4.90    1.50     256.79822
   8 ALL      22020408  698863.00000 6850795.00000   16.90   34.00    1.50     330.12557
   8 ALL      22020424  698863.00000 6850795.00000   16.90   34.00    1.50      85.37033
   8 ALL      22020524  698863.00000 6850795.00000   16.90   34.00    1.50     428.34677
   8 ALL      22020524  698863.00000 6855795.00000    4.20    4.20    1.50      57.02132
   8 ALL      22020608  693863.00000 6850795.00000    4.50  317.00    1.50      57.36463
   8 ALL      22020608  698863.00000 6850795.00000   16.90   34.00    1.50    1910.22265
   8 ALL      22020616  698863.00000 6850795.00000   16.90   34.00    1.50     147.23656
   8 ALL      22020624  698863.00000 6850795.00000   16.90   34.00    1.50      85.55906
   8 ALL      22020716  698863.00000 6850795.00000   16.90   34.00    1.50      79.15139
   8 ALL      22020724  698863.00000 6850795.00000   16.90   34.00    1.50     136.65409
   8 ALL      22020808  703863.00000 6850795.00000    3.40  346.00    1.50     201.98136
   8 ALL      22020816  698863.00000 6850795.00000   16.90   34.00    1.50      87.98226
   8 ALL      22020824  698863.00000 6850795.00000   16.90   34.00    1.50     196.38892
   8 ALL      22020924  698863.00000 6850795.00000   16.90   34.00    1.50     397.56827
   8 ALL      22021008  718863.00000 6840795.00000    0.00    0.00    1.50      72.09599
   8 ALL      22021008  708863.00000 6845795.00000   -2.10   -2.10    1.50     262.52279
   8 ALL      22021008  713863.00000 6845795.00000    0.00    0.00    1.50      99.46685
   8 ALL      22021008  698863.00000 6850795.00000   16.90   34.00    1.50     898.52718
   8 ALL      22021008  703863.00000 6850795.00000    3.40  346.00    1.50      78.14173
   8 ALL      22021024  698863.00000 6850795.00000   16.90   34.00    1.50    1188.06305
   8 ALL      22021108  688863.00000 6845795.00000   36.60  356.00    1.50     111.46237
   8 ALL      22021108  698863.00000 6850795.00000   16.90   34.00    1.50    1442.19491
   8 ALL      22021124  698863.00000 6850795.00000   16.90   34.00    1.50     124.81128
   8 ALL      22021208  693863.00000 6840795.00000    0.00    0.00    1.50      69.71652
   8 ALL      22021208  713863.00000 6840795.00000   -0.20   -0.20    1.50     130.69298
   8 ALL      22021208  693863.00000 6845795.00000    4.40    4.40    1.50      68.56795
   8 ALL      22021208  698863.00000 6850795.00000   16.90   34.00    1.50     104.39819
   8 ALL      22021208  703863.00000 6850795.00000    3.40  346.00    1.50      69.86308
   8 ALL      22021308  703863.00000 6835795.00000   -3.00   -3.00    1.50      60.06545
   8 ALL      22021308  688863.00000 6845795.00000   36.60  356.00    1.50      72.76178
   8 ALL      22021308  698863.00000 6850795.00000   16.90   34.00    1.50      85.76743
   8 ALL      22021324  698863.00000 6850795.00000   16.90   34.00    1.50      64.11154
   8 ALL      22021408  698863.00000 6850795.00000   16.90   34.00    1.50     515.53969
   8 ALL      22021408  703863.00000 6855795.00000   44.00  227.00    1.50     143.86660
   8 ALL      22021416  698863.00000 6850795.00000   16.90   34.00    1.50     120.87936
   8 ALL      22021424  698863.00000 6850795.00000   16.90   34.00    1.50     158.78835
   8 ALL      22021508  703863.00000 6860795.00000   34.50  446.00    1.50     119.75202
   8 ALL      22021524  698863.00000 6850795.00000   16.90   34.00    1.50     170.68566
   8 ALL      22021624  698863.00000 6850795.00000   16.90   34.00    1.50     869.43048
   8 ALL      22021708  693863.00000 6850795.00000    4.50  317.00    1.50      52.96062
   8 ALL      22021708  698863.00000 6850795.00000   16.90   34.00    1.50    2029.70772
   8 ALL      22021708  703863.00000 6850795.00000    3.40  346.00    1.50      60.34809
   8 ALL      22021708  703863.00000 6855795.00000   44.00  227.00    1.50     227.49239
   8 ALL      22021708  708863.00000 6860795.00000    0.00    0.00    1.50     177.53628
   8 ALL      22021708  713863.00000 6865795.00000   14.70  498.00    1.50      93.79841
   8 ALL      22021724  698863.00000 6850795.00000   16.90   34.00    1.50     534.20567
   8 ALL      22021808  713863.00000 6845795.00000    0.00    0.00    1.50      51.98469
   8 ALL      22021808  703863.00000 6850795.00000    3.40  346.00    1.50      56.14083
   8 ALL      22021808  703863.00000 6855795.00000   44.00  227.00    1.50      69.76898
   8 ALL      22021816  698863.00000 6850795.00000   16.90   34.00    1.50      59.91891
   8 ALL      22021824  693863.00000 6850795.00000    4.50  317.00    1.50     129.98426
   8 ALL      22021824  698863.00000 6850795.00000   16.90   34.00    1.50     835.26887
   8 ALL      22021908  708863.00000 6845795.00000   -2.10   -2.10    1.50      91.87584
   8 ALL      22021908  713863.00000 6845795.00000    0.00    0.00    1.50     127.23540
   8 ALL      22021924  693863.00000 6840795.00000    0.00    0.00    1.50      72.13500
   8 ALL      22021924  698863.00000 6850795.00000   16.90   34.00    1.50     142.76309
   8 ALL      22022008  683863.00000 6830795.00000   17.30   17.30    1.50      55.67095
   8 ALL      22022008  703863.00000 6835795.00000   -3.00   -3.00    1.50      75.17894
   8 ALL      22022008  693863.00000 6845795.00000    4.40    4.40    1.50      83.81815
   8 ALL      22022008  698863.00000 6850795.00000   16.90   34.00    1.50      96.41023
   8 ALL      22022124  698863.00000 6850795.00000   16.90   34.00    1.50     187.63978
   8 ALL      22022208  718863.00000 6835795.00000    0.00    0.00    1.50      59.81753
   8 ALL      22022208  713863.00000 6840795.00000   -0.20   -0.20    1.50     135.72015
   8 ALL      22022208  703863.00000 6850795.00000    3.40  346.00    1.50     407.12838
   8 ALL      22022208  713863.00000 6850795.00000    0.00    0.00    1.50      75.78265
   8 ALL      22022224  703863.00000 6840795.00000    2.80    2.80    1.50      56.00263
   8 ALL      22022308  718863.00000 6845795.00000    5.50   10.00    1.50      89.30493
   8 ALL      22022308  698863.00000 6850795.00000   16.90   34.00    1.50    1237.62088
   8 ALL      22022308  703863.00000 6850795.00000    3.40  346.00    1.50     185.65034
   8 ALL      22022308  713863.00000 6850795.00000    0.00    0.00    1.50      66.92565
   8 ALL      22022308  718863.00000 6850795.00000    6.60    6.60    1.50      51.36981
   8 ALL      22022308  678863.00000 6870795.00000   65.00  493.00    1.50      59.83991
   8 ALL      22022316  698863.00000 6850795.00000   16.90   34.00    1.50      93.28514
   8 ALL      22022324  698863.00000 6850795.00000   16.90   34.00    1.50     400.51303
   8 ALL      22022424  693863.00000 6840795.00000    0.00    0.00    1.50      62.97883
   8 ALL      22022424  698863.00000 6850795.00000   16.90   34.00    1.50     259.12552
   8 ALL      22022508  698863.00000 6850795.00000   16.90   34.00    1.50      66.62113
   8 ALL      22022524  698863.00000 6850795.00000   16.90   34.00    1.50      91.59176
   8 ALL      22022624  698863.00000 6850795.00000   16.90   34.00    1.50     279.28210
   8 ALL      22022708  698863.00000 6845795.00000    4.90    4.90    1.50      73.26651
   8 ALL      22022708  698863.00000 6850795.00000   16.90   34.00    1.50     170.19912
   8 ALL      22022824  698863.00000 6845795.00000    4.90    4.90    1.50      76.06002
   8 ALL      22022824  698863.00000 6850795.00000   16.90   34.00    1.50     108.17976
   8 ALL      22030108  708863.00000 6845795.00000   -2.10   -2.10    1.50      73.80902
   8 ALL      22030108  703863.00000 6850795.00000    3.40  346.00    1.50      62.36559
   8 ALL      22030116  698863.00000 6850795.00000   16.90   34.00    1.50     102.44006
   8 ALL      22030124  698863.00000 6850795.00000   16.90   34.00    1.50      65.51692
   8 ALL      22030208  703863.00000 6850795.00000    3.40  346.00    1.50     353.65506
   8 ALL      22030208  708863.00000 6855795.00000    0.00    0.00    1.50      88.45521
   8 ALL      22030216  698863.00000 6850795.00000   16.90   34.00    1.50      57.29624
   8 ALL      22030308  708863.00000 6845795.00000   -2.10   -2.10    1.50      52.43825
   8 ALL      22030308  718863.00000 6845795.00000    5.50   10.00    1.50     101.41589
   8 ALL      22030316  698863.00000 6850795.00000   16.90   34.00    1.50     109.46140
   8 ALL      22030324  698863.00000 6850795.00000   16.90   34.00    1.50      64.33735
   8 ALL      22030324  703863.00000 6850795.00000    3.40  346.00    1.50      60.51247
   8 ALL      22030408  703863.00000 6845795.00000    1.00  276.00    1.50      95.87205
   8 ALL      22030408  698863.00000 6850795.00000   16.90   34.00    1.50     302.96354
   8 ALL      22030408  703863.00000 6850795.00000    3.40  346.00    1.50     318.63997
   8 ALL      22030408  713863.00000 6850795.00000    0.00    0.00    1.50     102.90104
   8 ALL      22030408  718863.00000 6850795.00000    6.60    6.60    1.50      81.26897
   8 ALL      22030408  698863.00000 6855795.00000    4.20    4.20    1.50      93.57541
   8 ALL      22030408  698863.00000 6860795.00000   10.80  638.00    1.50      63.16537
   8 ALL      22030408  688863.00000 6865795.00000   41.40  569.00    1.50      97.73355
   8 ALL      22030424  698863.00000 6850795.00000   16.90   34.00    1.50     379.62831
   8 ALL      22030508  698863.00000 6845795.00000    4.90    4.90    1.50     116.41561
   8 ALL      22030508  698863.00000 6850795.00000   16.90   34.00    1.50     201.42375
   8 ALL      22030524  698863.00000 6850795.00000   16.90   34.00    1.50      77.25409
   8 ALL      22030708  713863.00000 6860795.00000    0.00    0.00    1.50      95.24614
   8 ALL      22030708  718863.00000 6865795.00000    0.00  222.00    1.50     103.34831
   8 ALL      22030808  698863.00000 6850795.00000   16.90   34.00    1.50     938.19758
   8 ALL      22030816  698863.00000 6850795.00000   16.90   34.00    1.50      55.29537
   8 ALL      22030824  698863.00000 6850795.00000   16.90   34.00    1.50     129.31832
   8 ALL      22030908  703863.00000 6850795.00000    3.40  346.00    1.50     224.15564
   8 ALL      22030908  703863.00000 6860795.00000   34.50  446.00    1.50      53.70458
   8 ALL      22030916  698863.00000 6850795.00000   16.90   34.00    1.50      94.29286
   8 ALL      22030924  698863.00000 6850795.00000   16.90   34.00    1.50    1266.37056
   8 ALL      22031008  698863.00000 6845795.00000    4.90    4.90    1.50      67.54905
   8 ALL      22031008  693863.00000 6850795.00000    4.50  317.00    1.50      57.13341
   8 ALL      22031008  698863.00000 6850795.00000   16.90   34.00    1.50     485.81134
   8 ALL      22031008  708863.00000 6855795.00000    0.00    0.00    1.50     213.95983
   8 ALL      22031008  718863.00000 6860795.00000    0.00    0.00    1.50      67.91914
   8 ALL      22031116  698863.00000 6850795.00000   16.90   34.00    1.50     103.01399
   8 ALL      22031124  698863.00000 6850795.00000   16.90   34.00    1.50      74.62104
   8 ALL      22031416  698863.00000 6850795.00000   16.90   34.00    1.50      55.82933
   8 ALL      22031424  698863.00000 6850795.00000   16.90   34.00    1.50      86.91168
   8 ALL      22031508  698863.00000 6855795.00000    4.20    4.20    1.50     126.68140
   8 ALL      22031508  698863.00000 6860795.00000   10.80  638.00    1.50      78.12064
   8 ALL      22031516  698863.00000 6850795.00000   16.90   34.00    1.50      57.65816
   8 ALL      22031524  698863.00000 6850795.00000   16.90   34.00    1.50     465.94084
   8 ALL      22031608  698863.00000 6850795.00000   16.90   34.00    1.50     560.90562
   8 ALL      22031616  698863.00000 6850795.00000   16.90   34.00    1.50      68.25338
   8 ALL      22031708  703863.00000 6845795.00000    1.00  276.00    1.50     114.69091
   8 ALL      22031708  713863.00000 6845795.00000    0.00    0.00    1.50     126.69767
   8 ALL      22031724  698863.00000 6850795.00000   16.90   34.00    1.50    2100.32232
   8 ALL      22031724  703863.00000 6850795.00000    3.40  346.00    1.50     114.25751
   8 ALL      22031724  678863.00000 6865795.00000   55.50  291.00    1.50      61.97485
   8 ALL      22031808  703863.00000 6840795.00000    2.80    2.80    1.50      73.03062
   8 ALL      22031824  708863.00000 6840795.00000    0.30    0.30    1.50      70.46481
   8 ALL      22031824  703863.00000 6845795.00000    1.00  276.00    1.50     219.09383
   8 ALL      22031908  703863.00000 6845795.00000    1.00  276.00    1.50      90.77153
   8 ALL      22031908  703863.00000 6850795.00000    3.40  346.00    1.50     156.13822
   8 ALL      22032024  698863.00000 6850795.00000   16.90   34.00    1.50      65.47250
   8 ALL      22032124  698863.00000 6850795.00000   16.90   34.00    1.50     215.99941
   8 ALL      22032208  703863.00000 6850795.00000    3.40  346.00    1.50     179.60329
   8 ALL      22032208  703863.00000 6855795.00000   44.00  227.00    1.50      58.79006
   8 ALL      22032208  708863.00000 6855795.00000    0.00    0.00    1.50      80.45535
   8 ALL      22032324  698863.00000 6850795.00000   16.90   34.00    1.50      83.38742
   8 ALL      22032408  698863.00000 6850795.00000   16.90   34.00    1.50      54.27331
   8 ALL      22032524  708863.00000 6830795.00000    0.00    0.00    1.50      59.82179
   8 ALL      22032524  703863.00000 6840795.00000    2.80    2.80    1.50     159.70976
   8 ALL      22032524  693863.00000 6850795.00000    4.50  317.00    1.50      51.58378
   8 ALL      22032524  698863.00000 6850795.00000   16.90   34.00    1.50     395.59848
   8 ALL      22032624  698863.00000 6850795.00000   16.90   34.00    1.50     115.96604
   8 ALL      22032724  688863.00000 6825795.00000   38.10   45.00    1.50     145.19381
   8 ALL      22032724  698863.00000 6850795.00000   16.90   34.00    1.50     891.20752
   8 ALL      22032724  698863.00000 6855795.00000    4.20    4.20    1.50     243.92624
   8 ALL      22032724  698863.00000 6860795.00000   10.80  638.00    1.50      90.66884
   8 ALL      22032808  703863.00000 6855795.00000   44.00  227.00    1.50     253.69427
   8 ALL      22032808  708863.00000 6855795.00000    0.00    0.00    1.50     117.79991
   8 ALL      22032808  708863.00000 6860795.00000    0.00    0.00    1.50      94.15908
   8 ALL      22032808  713863.00000 6860795.00000    0.00    0.00    1.50     117.47512
   8 ALL      22032808  718863.00000 6865795.00000    0.00  222.00    1.50      67.24125
   8 ALL      22032816  698863.00000 6850795.00000   16.90   34.00    1.50      84.73457
   8 ALL      22032824  698863.00000 6850795.00000   16.90   34.00    1.50    2354.41680
   8 ALL      22032908  693863.00000 6825795.00000   41.60   41.60    1.50     150.62091
   8 ALL      22032908  693863.00000 6830795.00000   14.00   14.00    1.50     157.18389
   8 ALL      22032908  698863.00000 6840795.00000    0.50    0.50    1.50      71.83571
   8 ALL      22032908  698863.00000 6845795.00000    4.90    4.90    1.50    1002.41524
   8 ALL      22032908  703863.00000 6845795.00000    1.00  276.00    1.50     157.73245
   8 ALL      22032908  693863.00000 6850795.00000    4.50  317.00    1.50     215.38276
   8 ALL      22032908  698863.00000 6850795.00000   16.90   34.00    1.50    2763.97521
   8 ALL      22033024  693863.00000 6850795.00000    4.50  317.00    1.50      92.80442
   8 ALL      22033024  698863.00000 6850795.00000   16.90   34.00    1.50     900.45132
   8 ALL      22040124  698863.00000 6850795.00000   16.90   34.00    1.50      82.29603
   8 ALL      22040224  703863.00000 6855795.00000   44.00  227.00    1.50      99.90172
   8 ALL      22040308  698863.00000 6850795.00000   16.90   34.00    1.50     238.69867
   8 ALL      22040308  703863.00000 6855795.00000   44.00  227.00    1.50     125.42406
   8 ALL      22040308  708863.00000 6855795.00000    0.00    0.00    1.50     170.78147
   8 ALL      22040308  708863.00000 6860795.00000    0.00    0.00    1.50      78.61813
   8 ALL      22040308  718863.00000 6860795.00000    0.00    0.00    1.50      54.57982
   8 ALL      22040308  708863.00000 6865795.00000    0.00    0.00    1.50      87.63934
   8 ALL      22040324  713863.00000 6840795.00000   -0.20   -0.20    1.50      90.99739
   8 ALL      22040324  708863.00000 6845795.00000   -2.10   -2.10    1.50      75.29552
   8 ALL      22040408  703863.00000 6840795.00000    2.80    2.80    1.50      64.59600
   8 ALL      22040508  698863.00000 6855795.00000    4.20    4.20    1.50      76.11025
   8 ALL      22040508  703863.00000 6855795.00000   44.00  227.00    1.50      50.85954
   8 ALL      22040524  698863.00000 6850795.00000   16.90   34.00    1.50     111.01164
   8 ALL      22040608  698863.00000 6845795.00000    4.90    4.90    1.50      58.00084
   8 ALL      22040608  698863.00000 6850795.00000   16.90   34.00    1.50     294.72189
   8 ALL      22040608  703863.00000 6850795.00000    3.40  346.00    1.50      64.67137
   8 ALL      22040608  713863.00000 6855795.00000    0.00    0.00    1.50      57.20233
   8 ALL      22040608  703863.00000 6860795.00000   34.50  446.00    1.50      51.49539
   8 ALL      22040616  698863.00000 6850795.00000   16.90   34.00    1.50     128.05667
   8 ALL      22040624  698863.00000 6850795.00000   16.90   34.00    1.50     368.00869
   8 ALL      22040708  698863.00000 6850795.00000   16.90   34.00    1.50     316.91895
   8 ALL      22040708  698863.00000 6855795.00000    4.20    4.20    1.50      87.08627
   8 ALL      22040708  703863.00000 6855795.00000   44.00  227.00    1.50     115.27708
   8 ALL      22040708  698863.00000 6860795.00000   10.80  638.00    1.50      52.84951
   8 ALL      22040708  708863.00000 6860795.00000    0.00    0.00    1.50     104.56043
   8 ALL      22040708  693863.00000 6865795.00000   81.10  532.00    1.50     151.35755
   8 ALL      22040708  713863.00000 6865795.00000   14.70  498.00    1.50      90.50157
   8 ALL      22040708  718863.00000 6870795.00000   43.40  263.00    1.50      82.45570
   8 ALL      22040724  698863.00000 6850795.00000   16.90   34.00    1.50    1178.40058
   8 ALL      22040808  698863.00000 6845795.00000    4.90    4.90    1.50      57.25752
   8 ALL      22040808  698863.00000 6850795.00000   16.90   34.00    1.50     143.24462
   8 ALL      22040824  703863.00000 6840795.00000    2.80    2.80    1.50     138.21073
   8 ALL      22040824  703863.00000 6845795.00000    1.00  276.00    1.50     162.30597
   8 ALL      22040824  708863.00000 6845795.00000   -2.10   -2.10    1.50     100.33982
   8 ALL      22040824  713863.00000 6845795.00000    0.00    0.00    1.50      62.01593
   8 ALL      22040908  713863.00000 6840795.00000   -0.20   -0.20    1.50      80.68558
   8 ALL      22040908  698863.00000 6850795.00000   16.90   34.00    1.50      53.20622
   8 ALL      22040916  698863.00000 6850795.00000   16.90   34.00    1.50      89.93767
   8 ALL      22040924  698863.00000 6850795.00000   16.90   34.00    1.50     191.40314
   8 ALL      22041016  698863.00000 6850795.00000   16.90   34.00    1.50      50.69121
   8 ALL      22041024  698863.00000 6850795.00000   16.90   34.00    1.50     410.65090
   8 ALL      22041108  698863.00000 6850795.00000   16.90   34.00    1.50     913.87351
   8 ALL      22041108  703863.00000 6850795.00000    3.40  346.00    1.50     199.68117
   8 ALL      22041108  703863.00000 6860795.00000   34.50  446.00    1.50      58.31730
   8 ALL      22041124  698863.00000 6850795.00000   16.90   34.00    1.50      72.19152
   8 ALL      22041208  698863.00000 6835795.00000    4.10    4.10    1.50      53.60719
   8 ALL      22041208  698863.00000 6840795.00000    0.50    0.50    1.50      76.56791
   8 ALL      22041208  698863.00000 6845795.00000    4.90    4.90    1.50     139.86201
   8 ALL      22041208  698863.00000 6850795.00000   16.90   34.00    1.50     355.04268
   8 ALL      22041224  713863.00000 6845795.00000    0.00    0.00    1.50      85.15242
   8 ALL      22041224  698863.00000 6850795.00000   16.90   34.00    1.50     383.17233
   8 ALL      22041308  703863.00000 6845795.00000    1.00  276.00    1.50      73.81307
   8 ALL      22041308  708863.00000 6845795.00000   -2.10   -2.10    1.50     283.52626
   8 ALL      22041308  713863.00000 6845795.00000    0.00    0.00    1.50      79.95949
   8 ALL      22041308  698863.00000 6850795.00000   16.90   34.00    1.50     221.69106
   8 ALL      22041308  703863.00000 6850795.00000    3.40  346.00    1.50      81.95017
   8 ALL      22041708  718863.00000 6835795.00000    0.00    0.00    1.50      73.22011
   8 ALL      22041708  703863.00000 6850795.00000    3.40  346.00    1.50     144.06810
   8 ALL      22041724  698863.00000 6855795.00000    4.20    4.20    1.50     363.83561
   8 ALL      22041724  698863.00000 6860795.00000   10.80  638.00    1.50     170.01435
   8 ALL      22041724  703863.00000 6860795.00000   34.50  446.00    1.50      59.55164
   8 ALL      22041808  708863.00000 6845795.00000   -2.10   -2.10    1.50      54.70801
   8 ALL      22041824  698863.00000 6850795.00000   16.90   34.00    1.50     278.03553
   8 ALL      22041908  713863.00000 6835795.00000    0.00    0.00    1.50      75.93192
   8 ALL      22041908  708863.00000 6840795.00000    0.30    0.30    1.50     142.58979
   8 ALL      22041908  713863.00000 6840795.00000   -0.20   -0.20    1.50      88.85378
   8 ALL      22041908  703863.00000 6845795.00000    1.00  276.00    1.50     427.72869
   8 ALL      22041908  703863.00000 6850795.00000    3.40  346.00    1.50     120.82970
   8 ALL      22041924  698863.00000 6850795.00000   16.90   34.00    1.50     304.26027
   8 ALL      22042008  703863.00000 6840795.00000    2.80    2.80    1.50      79.87030
   8 ALL      22042008  703863.00000 6850795.00000    3.40  346.00    1.50     162.00397
   8 ALL      22042024  698863.00000 6850795.00000   16.90   34.00    1.50    3881.83663
   8 ALL      22042108  683863.00000 6825795.00000   45.30   50.00    1.50      97.56060
   8 ALL      22042108  718863.00000 6835795.00000    0.00    0.00    1.50      73.24583
   8 ALL      22042108  693863.00000 6840795.00000    0.00    0.00    1.50     208.58540
   8 ALL      22042108  718863.00000 6840795.00000    0.00    0.00    1.50     355.95007
   8 ALL      22042108  708863.00000 6845795.00000   -2.10   -2.10    1.50     780.76832
   8 ALL      22042108  698863.00000 6850795.00000   16.90   34.00    1.50     958.13180
   8 ALL      22042124  698863.00000 6850795.00000   16.90   34.00    1.50      55.84320
   8 ALL      22042324  698863.00000 6850795.00000   16.90   34.00    1.50      74.85216
   8 ALL      22042408  703863.00000 6850795.00000    3.40  346.00    1.50      83.37892
   8 ALL      22042408  708863.00000 6855795.00000    0.00    0.00    1.50     123.60139
   8 ALL      22042424  698863.00000 6845795.00000    4.90    4.90    1.50      62.94402
   8 ALL      22042424  698863.00000 6850795.00000   16.90   34.00    1.50     172.44010
   8 ALL      22042508  698863.00000 6850795.00000   16.90   34.00    1.50      62.12817
   8 ALL      22042908  698863.00000 6850795.00000   16.90   34.00    1.50     117.92978
   8 ALL      22042908  713863.00000 6855795.00000    0.00    0.00    1.50      50.23032
   8 ALL      22043024  698863.00000 6845795.00000    4.90    4.90    1.50     116.17755
   8 ALL      22043024  698863.00000 6850795.00000   16.90   34.00    1.50     220.25269
   8 ALL      22050108  703863.00000 6840795.00000    2.80    2.80    1.50      58.29711
   8 ALL      22050108  698863.00000 6850795.00000   16.90   34.00    1.50      60.04885
   8 ALL      22050116  698863.00000 6850795.00000   16.90   34.00    1.50      58.46800
   8 ALL      22050124  698863.00000 6850795.00000   16.90   34.00    1.50     446.61586
   8 ALL      22050208  698863.00000 6850795.00000   16.90   34.00    1.50      72.58157
   8 ALL      22050224  698863.00000 6855795.00000    4.20    4.20    1.50      50.64125
   8 ALL      22050308  698863.00000 6850795.00000   16.90   34.00    1.50     191.72597
   8 ALL      22050316  698863.00000 6850795.00000   16.90   34.00    1.50      90.47814
   8 ALL      22050324  713863.00000 6845795.00000    0.00    0.00    1.50     130.85896
   8 ALL      22050408  698863.00000 6850795.00000   16.90   34.00    1.50      81.20290
   8 ALL      22050624  698863.00000 6850795.00000   16.90   34.00    1.50     192.36206
   8 ALL      22050624  698863.00000 6855795.00000    4.20    4.20    1.50      80.46441
   8 ALL      22050708  708863.00000 6845795.00000   -2.10   -2.10    1.50     116.89596
   8 ALL      22050708  713863.00000 6845795.00000    0.00    0.00    1.50      79.77055
   8 ALL      22050708  718863.00000 6845795.00000    5.50   10.00    1.50     120.66487
   8 ALL      22050708  703863.00000 6850795.00000    3.40  346.00    1.50     116.96282
   8 ALL      22050716  698863.00000 6850795.00000   16.90   34.00    1.50      89.50890
   8 ALL      22050924  698863.00000 6850795.00000   16.90   34.00    1.50      92.40191
   8 ALL      22051008  718863.00000 6835795.00000    0.00    0.00    1.50      98.50304
   8 ALL      22051008  713863.00000 6840795.00000   -0.20   -0.20    1.50      93.81786
   8 ALL      22051008  698863.00000 6845795.00000    4.90    4.90    1.50      53.34132
   8 ALL      22051008  698863.00000 6850795.00000   16.90   34.00    1.50    1686.60132
   8 ALL      22051008  703863.00000 6850795.00000    3.40  346.00    1.50      65.02066
   8 ALL      22051008  678863.00000 6865795.00000   55.50  291.00    1.50      80.84955
   8 ALL      22051108  698863.00000 6850795.00000   16.90   34.00    1.50     103.20652
   8 ALL      22051124  698863.00000 6850795.00000   16.90   34.00    1.50     239.23471
   8 ALL      22051224  698863.00000 6850795.00000   16.90   34.00    1.50     259.69707
   8 ALL      22051308  698863.00000 6850795.00000   16.90   34.00    1.50      84.37525
   8 ALL      22051308  703863.00000 6850795.00000    3.40  346.00    1.50     252.86748
   8 ALL      22051308  713863.00000 6850795.00000    0.00    0.00    1.50      58.73716
   8 ALL      22051308  703863.00000 6855795.00000   44.00  227.00    1.50      69.40871
   8 ALL      22051324  718863.00000 6835795.00000    0.00    0.00    1.50     308.10829
   8 ALL      22051324  713863.00000 6840795.00000   -0.20   -0.20    1.50      55.60993
   8 ALL      22051324  698863.00000 6850795.00000   16.90   34.00    1.50     440.55752
   8 ALL      22051324  698863.00000 6855795.00000    4.20    4.20    1.50     222.38844
   8 ALL      22051324  693863.00000 6870795.00000   30.30  513.00    1.50      51.38209
   8 ALL      22051408  688863.00000 6830795.00000   13.60   75.00    1.50      56.59137
   8 ALL      22051408  693863.00000 6840795.00000    0.00    0.00    1.50     109.65146
   8 ALL      22051408  703863.00000 6845795.00000    1.00  276.00    1.50     161.23826
   8 ALL      22051408  698863.00000 6850795.00000   16.90   34.00    1.50     141.22563
   8 ALL      22051408  703863.00000 6850795.00000    3.40  346.00    1.50     374.99680
   8 ALL      22051424  688863.00000 6825795.00000   38.10   45.00    1.50      79.14375
   8 ALL      22051424  698863.00000 6845795.00000    4.90    4.90    1.50      50.63805
   8 ALL      22051424  698863.00000 6850795.00000   16.90   34.00    1.50     353.80539
   8 ALL      22051508  713863.00000 6830795.00000    0.00    0.00    1.50     108.93485
   8 ALL      22051508  708863.00000 6835795.00000   -3.00   -3.00    1.50     137.85320
   8 ALL      22051508  708863.00000 6855795.00000    0.00    0.00    1.50      97.75064
   8 ALL      22051508  718863.00000 6860795.00000    0.00    0.00    1.50      52.27681
   8 ALL      22051524  693863.00000 6845795.00000    4.40    4.40    1.50      67.55252
   8 ALL      22051524  698863.00000 6850795.00000   16.90   34.00    1.50     360.89655
   8 ALL      22051608  698863.00000 6850795.00000   16.90   34.00    1.50     215.66307
   8 ALL      22051616  698863.00000 6850795.00000   16.90   34.00    1.50      70.84037
   8 ALL      22051624  698863.00000 6850795.00000   16.90   34.00    1.50     563.60540
   8 ALL      22052124  698863.00000 6850795.00000   16.90   34.00    1.50    1068.66500
   8 ALL      22052308  713863.00000 6840795.00000   -0.20   -0.20    1.50      55.91881
   8 ALL      22052308  708863.00000 6845795.00000   -2.10   -2.10    1.50     102.32494
   8 ALL      22052324  698863.00000 6850795.00000   16.90   34.00    1.50      50.87849
   8 ALL      22052408  698863.00000 6850795.00000   16.90   34.00    1.50    2441.25827
   8 ALL      22052508  713863.00000 6845795.00000    0.00    0.00    1.50      58.15302
   8 ALL      22052624  698863.00000 6850795.00000   16.90   34.00    1.50    1211.18417
   8 ALL      22052708  693863.00000 6850795.00000    4.50  317.00    1.50     254.99673
   8 ALL      22052708  698863.00000 6850795.00000   16.90   34.00    1.50    1308.46691
   8 ALL      22052708  703863.00000 6850795.00000    3.40  346.00    1.50     275.79239
   8 ALL      22052708  713863.00000 6850795.00000    0.00    0.00    1.50     102.80002
   8 ALL      22052708  718863.00000 6850795.00000    6.60    6.60    1.50      75.33734
   8 ALL      22052708  673863.00000 6855795.00000   85.60  513.00    1.50     127.40584
   8 ALL      22052708  698863.00000 6855795.00000    4.20    4.20    1.50     395.67112
   8 ALL      22052724  703863.00000 6845795.00000    1.00  276.00    1.50     191.15761
   8 ALL      22052808  698863.00000 6840795.00000    0.50    0.50    1.50      68.25910
   8 ALL      22052808  698863.00000 6845795.00000    4.90    4.90    1.50     151.88138
   8 ALL      22052808  698863.00000 6850795.00000   16.90   34.00    1.50     253.94162
   8 ALL      22052808  703863.00000 6850795.00000    3.40  346.00    1.50     174.43668
   8 ALL      22052824  713863.00000 6840795.00000   -0.20   -0.20    1.50      76.75194
   8 ALL      22052824  698863.00000 6850795.00000   16.90   34.00    1.50     783.71492
   8 ALL      22052924  698863.00000 6850795.00000   16.90   34.00    1.50     341.18753
   8 ALL      22053008  703863.00000 6840795.00000    2.80    2.80    1.50      65.90506
   8 ALL      22053008  698863.00000 6850795.00000   16.90   34.00    1.50     984.58663
   8 ALL      22053008  703863.00000 6850795.00000    3.40  346.00    1.50      51.61632
   8 ALL      22053024  698863.00000 6850795.00000   16.90   34.00    1.50      55.34583
   8 ALL      22053108  698863.00000 6850795.00000   16.90   34.00    1.50      64.73907
   8 ALL      22053124  698863.00000 6850795.00000   16.90   34.00    1.50      52.78059
   8 ALL      22060108  713863.00000 6840795.00000   -0.20   -0.20    1.50      76.75706
   8 ALL      22060108  708863.00000 6845795.00000   -2.10   -2.10    1.50     137.43084
   8 ALL      22060108  703863.00000 6850795.00000    3.40  346.00    1.50     258.84588
   8 ALL      22060108  718863.00000 6855795.00000   10.40   10.40    1.50      70.39059
   8 ALL      22060124  693863.00000 6840795.00000    0.00    0.00    1.50      56.99095
   8 ALL      22060124  703863.00000 6840795.00000    2.80    2.80    1.50     123.58888
   8 ALL      22060124  698863.00000 6850795.00000   16.90   34.00    1.50    1497.43632
   8 ALL      22060124  703863.00000 6855795.00000   44.00  227.00    1.50     167.07790
   8 ALL      22060124  708863.00000 6860795.00000    0.00    0.00    1.50      51.19697
   8 ALL      22060124  708863.00000 6865795.00000    0.00    0.00    1.50      52.04257
   8 ALL      22060208  698863.00000 6850795.00000   16.90   34.00    1.50     143.77904
   8 ALL      22060208  703863.00000 6850795.00000    3.40  346.00    1.50     123.75642
   8 ALL      22060208  713863.00000 6855795.00000    0.00    0.00    1.50     140.19470
   8 ALL      22060208  718863.00000 6855795.00000   10.40   10.40    1.50      61.23873
   8 ALL      22060324  698863.00000 6850795.00000   16.90   34.00    1.50     185.29262
   8 ALL      22060408  703863.00000 6850795.00000    3.40  346.00    1.50     111.44888
   8 ALL      22060424  688863.00000 6845795.00000   36.60  356.00    1.50     129.47322
   8 ALL      22060424  698863.00000 6850795.00000   16.90   34.00    1.50     295.88226
   8 ALL      22060424  708863.00000 6855795.00000    0.00    0.00    1.50      72.36360
   8 ALL      22060508  703863.00000 6840795.00000    2.80    2.80    1.50      93.16390
   8 ALL      22060508  708863.00000 6845795.00000   -2.10   -2.10    1.50      78.49637
   8 ALL      22060624  708863.00000 6845795.00000   -2.10   -2.10    1.50      59.05233
   8 ALL      22060624  698863.00000 6850795.00000   16.90   34.00    1.50     116.67825
   8 ALL      22060708  698863.00000 6850795.00000   16.90   34.00    1.50     214.85157
   8 ALL      22060824  688863.00000 6845795.00000   36.60  356.00    1.50     105.42099
   8 ALL      22060824  698863.00000 6850795.00000   16.90   34.00    1.50     381.18191
   8 ALL      22060908  708863.00000 6840795.00000    0.30    0.30    1.50      70.30666
   8 ALL      22060908  713863.00000 6840795.00000   -0.20   -0.20    1.50      56.15273
   8 ALL      22060908  703863.00000 6845795.00000    1.00  276.00    1.50     213.02473
   8 ALL      22060908  703863.00000 6850795.00000    3.40  346.00    1.50     110.67341
   8 ALL      22060924  713863.00000 6840795.00000   -0.20   -0.20    1.50     348.38880
   8 ALL      22060924  698863.00000 6850795.00000   16.90   34.00    1.50     670.62202
   8 ALL      22060924  703863.00000 6850795.00000    3.40  346.00    1.50      69.71853
   8 ALL      22061008  698863.00000 6840795.00000    0.50    0.50    1.50      58.14964
   8 ALL      22061008  713863.00000 6840795.00000   -0.20   -0.20    1.50      82.19769
   8 ALL      22061008  718863.00000 6840795.00000    0.00    0.00    1.50     155.89322
   8 ALL      22061008  698863.00000 6845795.00000    4.90    4.90    1.50      71.59925
   8 ALL      22061008  708863.00000 6845795.00000   -2.10   -2.10    1.50     394.89455
   8 ALL      22061008  698863.00000 6850795.00000   16.90   34.00    1.50    1029.41835
   8 ALL      22061008  703863.00000 6850795.00000    3.40  346.00    1.50     301.48232
   8 ALL      22061016  713863.00000 6845795.00000    0.00    0.00    1.50     160.61539
   8 ALL      22061016  698863.00000 6850795.00000   16.90   34.00    1.50      68.53890
   8 ALL      22061324  698863.00000 6850795.00000   16.90   34.00    1.50    1020.65403
   8 ALL      22061408  703863.00000 6850795.00000    3.40  346.00    1.50      64.11240
   8 ALL      22061424  698863.00000 6845795.00000    4.90    4.90    1.50      52.29807
   8 ALL      22061424  698863.00000 6850795.00000   16.90   34.00    1.50     195.10752
   8 ALL      22061508  698863.00000 6845795.00000    4.90    4.90    1.50      74.90244
   8 ALL      22061508  698863.00000 6850795.00000   16.90   34.00    1.50     137.99871
   8 ALL      22061524  698863.00000 6845795.00000    4.90    4.90    1.50      52.07687
   8 ALL      22061524  698863.00000 6850795.00000   16.90   34.00    1.50     144.54506
   8 ALL      22061724  698863.00000 6850795.00000   16.90   34.00    1.50     121.74220
   8 ALL      22061724  698863.00000 6855795.00000    4.20    4.20    1.50      55.91820
   8 ALL      22061824  698863.00000 6850795.00000   16.90   34.00    1.50      85.24866
   8 ALL      22061908  718863.00000 6835795.00000    0.00    0.00    1.50      64.95757
   8 ALL      22061908  708863.00000 6840795.00000    0.30    0.30    1.50      90.16202
   8 ALL      22061908  713863.00000 6840795.00000   -0.20   -0.20    1.50      65.66197
   8 ALL      22061908  703863.00000 6845795.00000    1.00  276.00    1.50     262.91101
   8 ALL      22061908  708863.00000 6845795.00000   -2.10   -2.10    1.50      69.42244
   8 ALL      22061908  703863.00000 6855795.00000   44.00  227.00    1.50     119.84150
   8 ALL      22062124  708863.00000 6845795.00000   -2.10   -2.10    1.50      76.98111
   8 ALL      22062124  698863.00000 6850795.00000   16.90   34.00    1.50     122.40661
   8 ALL      22062124  698863.00000 6855795.00000    4.20    4.20    1.50     439.40930
   8 ALL      22062124  693863.00000 6860795.00000    8.00  532.00    1.50      76.80754
   8 ALL      22062124  698863.00000 6860795.00000   10.80  638.00    1.50     311.25832
   8 ALL      22062208  708863.00000 6845795.00000   -2.10   -2.10    1.50      66.81487
   8 ALL      22062224  693863.00000 6850795.00000    4.50  317.00    1.50     126.96094
   8 ALL      22062224  698863.00000 6850795.00000   16.90   34.00    1.50    1027.89196
   8 ALL      22062224  698863.00000 6855795.00000    4.20    4.20    1.50     156.07428
   8 ALL      22062308  693863.00000 6850795.00000    4.50  317.00    1.50     137.21123
   8 ALL      22062308  698863.00000 6850795.00000   16.90   34.00    1.50    1226.62627
   8 ALL      22062308  703863.00000 6860795.00000   34.50  446.00    1.50      82.87019
   8 ALL      22062324  698863.00000 6850795.00000   16.90   34.00    1.50     629.88404
   8 ALL      22062408  698863.00000 6855795.00000    4.20    4.20    1.50      82.17968
   8 ALL      22062424  698863.00000 6850795.00000   16.90   34.00    1.50     903.90046
   8 ALL      22062508  703863.00000 6845795.00000    1.00  276.00    1.50     162.83084
   8 ALL      22062508  698863.00000 6850795.00000   16.90   34.00    1.50    1076.14193
   8 ALL      22062624  693863.00000 6850795.00000    4.50  317.00    1.50     220.53303
   8 ALL      22062624  698863.00000 6850795.00000   16.90   34.00    1.50    1183.29095
   8 ALL      22062708  703863.00000 6845795.00000    1.00  276.00    1.50     125.87028
   8 ALL      22062808  698863.00000 6850795.00000   16.90   34.00    1.50      56.17840
   8 ALL      22062924  698863.00000 6850795.00000   16.90   34.00    1.50     442.12132
   8 ALL      22070124  698863.00000 6850795.00000   16.90   34.00    1.50      78.63820
   8 ALL      22070208  698863.00000 6850795.00000   16.90   34.00    1.50      86.46423
   8 ALL      22070308  698863.00000 6850795.00000   16.90   34.00    1.50     225.85851
   8 ALL      22070316  698863.00000 6850795.00000   16.90   34.00    1.50     163.18498
   8 ALL      22070324  698863.00000 6850795.00000   16.90   34.00    1.50     139.14260
   8 ALL      22070408  718863.00000 6840795.00000    0.00    0.00    1.50      81.48545
   8 ALL      22070408  698863.00000 6845795.00000    4.90    4.90    1.50      98.97421
   8 ALL      22070408  703863.00000 6845795.00000    1.00  276.00    1.50     133.67429
   8 ALL      22070408  708863.00000 6845795.00000   -2.10   -2.10    1.50     199.83983
   8 ALL      22070408  693863.00000 6850795.00000    4.50  317.00    1.50     123.27844
   8 ALL      22070408  698863.00000 6850795.00000   16.90   34.00    1.50     886.51469
   8 ALL      22070524  698863.00000 6850795.00000   16.90   34.00    1.50    1294.58356
   8 ALL      22070824  698863.00000 6850795.00000   16.90   34.00    1.50     181.11032
   8 ALL      22070908  693863.00000 6825795.00000   41.60   41.60    1.50      60.95871
   8 ALL      22070908  698863.00000 6825795.00000    0.00    0.00    1.50      56.51838
   8 ALL      22070908  698863.00000 6830795.00000   -1.70   -1.70    1.50      84.25186
   8 ALL      22070908  698863.00000 6835795.00000    4.10    4.10    1.50     142.63963
   8 ALL      22070908  718863.00000 6835795.00000    0.00    0.00    1.50      65.23830
   8 ALL      22070908  698863.00000 6840795.00000    0.50    0.50    1.50     260.52821
   8 ALL      22070908  698863.00000 6845795.00000    4.90    4.90    1.50     607.23016
   8 ALL      22070908  703863.00000 6845795.00000    1.00  276.00    1.50     128.67526
   8 ALL      22070908  713863.00000 6845795.00000    0.00    0.00    1.50     285.48415
   8 ALL      22070908  698863.00000 6850795.00000   16.90   34.00    1.50     927.31523
   8 ALL      22071216  698863.00000 6850795.00000   16.90   34.00    1.50      54.67079
   8 ALL      22071224  698863.00000 6850795.00000   16.90   34.00    1.50     174.65829
   8 ALL      22071308  698863.00000 6850795.00000   16.90   34.00    1.50     883.07370
   8 ALL      22071308  698863.00000 6855795.00000    4.20    4.20    1.50     103.32390
   8 ALL      22071324  713863.00000 6845795.00000    0.00    0.00    1.50      86.98542
   8 ALL      22071324  718863.00000 6845795.00000    5.50   10.00    1.50      70.36534
   8 ALL      22071324  703863.00000 6850795.00000    3.40  346.00    1.50     347.01862
   8 ALL      22071324  713863.00000 6850795.00000    0.00    0.00    1.50     125.84346
   8 ALL      22071324  718863.00000 6850795.00000    6.60    6.60    1.50      91.96372
   8 ALL      22071408  703863.00000 6845795.00000    1.00  276.00    1.50      50.17361
   8 ALL      22071424  713863.00000 6840795.00000   -0.20   -0.20    1.50      76.87618
   8 ALL      22071424  703863.00000 6845795.00000    1.00  276.00    1.50      94.16297
   8 ALL      22071524  698863.00000 6850795.00000   16.90   34.00    1.50      55.48029
   8 ALL      22071724  698863.00000 6850795.00000   16.90   34.00    1.50    1132.78396
   8 ALL      22071808  718863.00000 6835795.00000    0.00    0.00    1.50     119.33641
   8 ALL      22071808  698863.00000 6855795.00000    4.20    4.20    1.50     221.32060
   8 ALL      22071908  703863.00000 6845795.00000    1.00  276.00    1.50     106.84135
   8 ALL      22071924  698863.00000 6850795.00000   16.90   34.00    1.50     161.23225
   8 ALL      22072008  703863.00000 6850795.00000    3.40  346.00    1.50     310.62558
   8 ALL      22072008  718863.00000 6855795.00000   10.40   10.40    1.50      56.33756
   8 ALL      22072024  698863.00000 6825795.00000    0.00    0.00    1.50      50.16012
   8 ALL      22072024  698863.00000 6830795.00000   -1.70   -1.70    1.50      72.25719
   8 ALL      22072024  698863.00000 6835795.00000    4.10    4.10    1.50     113.43686
   8 ALL      22072024  698863.00000 6840795.00000    0.50    0.50    1.50     203.46283
   8 ALL      22072024  698863.00000 6845795.00000    4.90    4.90    1.50     446.05566
   8 ALL      22072024  698863.00000 6850795.00000   16.90   34.00    1.50     609.95049
   8 ALL      22072324  698863.00000 6850795.00000   16.90   34.00    1.50     196.13425
   8 ALL      22072608  698863.00000 6850795.00000   16.90   34.00    1.50     141.85409
   8 ALL      22072908  693863.00000 6850795.00000    4.50  317.00    1.50      83.08047
   8 ALL      22072908  698863.00000 6850795.00000   16.90   34.00    1.50     712.42512
   8 ALL      22072916  698863.00000 6850795.00000   16.90   34.00    1.50      59.66681
   8 ALL      22073024  698863.00000 6850795.00000   16.90   34.00    1.50     690.83634
   8 ALL      22080208  678863.00000 6825795.00000    4.20    4.20    1.50      92.26470
   8 ALL      22080208  683863.00000 6830795.00000   17.30   17.30    1.50      84.89092
   8 ALL      22080208  698863.00000 6850795.00000   16.90   34.00    1.50      90.75114
   8 ALL      22080208  703863.00000 6850795.00000    3.40  346.00    1.50     194.18456
   8 ALL      22080208  698863.00000 6855795.00000    4.20    4.20    1.50      53.11025
   8 ALL      22080224  698863.00000 6850795.00000   16.90   34.00    1.50    1022.20089
   8 ALL      22080224  693863.00000 6870795.00000   30.30  513.00    1.50     108.41734
   8 ALL      22080308  698863.00000 6845795.00000    4.90    4.90    1.50      66.81652
   8 ALL      22080308  698863.00000 6850795.00000   16.90   34.00    1.50      99.43335
   8 ALL      22080424  698863.00000 6850795.00000   16.90   34.00    1.50     709.24211
   8 ALL      22080524  698863.00000 6850795.00000   16.90   34.00    1.50     177.11664
   8 ALL      22080616  698863.00000 6850795.00000   16.90   34.00    1.50      67.28191
   8 ALL      22080624  698863.00000 6850795.00000   16.90   34.00    1.50     258.27669
   8 ALL      22080708  703863.00000 6845795.00000    1.00  276.00    1.50     180.07192
   8 ALL      22080708  698863.00000 6850795.00000   16.90   34.00    1.50     889.07142
   8 ALL      22080708  698863.00000 6855795.00000    4.20    4.20    1.50      79.12172
   8 ALL      22080708  703863.00000 6860795.00000   34.50  446.00    1.50     215.74757
   8 ALL      22080724  698863.00000 6850795.00000   16.90   34.00    1.50     166.62916
   8 ALL      22080724  703863.00000 6850795.00000    3.40  346.00    1.50      72.68282
   8 ALL      22080724  713863.00000 6855795.00000    0.00    0.00    1.50      50.24921
   8 ALL      22080816  698863.00000 6850795.00000   16.90   34.00    1.50     152.73934
   8 ALL      22080824  698863.00000 6850795.00000   16.90   34.00    1.50     273.99982
   8 ALL      22080824  698863.00000 6855795.00000    4.20    4.20    1.50      63.13889
   8 ALL      22080908  713863.00000 6840795.00000   -0.20   -0.20    1.50      63.73789
   8 ALL      22080908  703863.00000 6850795.00000    3.40  346.00    1.50      91.76486
   8 ALL      22080908  698863.00000 6855795.00000    4.20    4.20    1.50     112.64580
   8 ALL      22080908  703863.00000 6860795.00000   34.50  446.00    1.50      95.11312
   8 ALL      22080916  698863.00000 6850795.00000   16.90   34.00    1.50     146.37078
   8 ALL      22080924  698863.00000 6850795.00000   16.90   34.00    1.50     284.75205
   8 ALL      22081124  698863.00000 6850795.00000   16.90   34.00    1.50     618.12761
   8 ALL      22081208  713863.00000 6845795.00000    0.00    0.00    1.50     109.43200
   8 ALL      22081208  698863.00000 6850795.00000   16.90   34.00    1.50     582.03718
   8 ALL      22081224  698863.00000 6845795.00000    4.90    4.90    1.50      54.31895
   8 ALL      22081224  698863.00000 6850795.00000   16.90   34.00    1.50     169.08002
   8 ALL      22081308  703863.00000 6835795.00000   -3.00   -3.00    1.50      51.52225
   8 ALL      22081308  703863.00000 6845795.00000    1.00  276.00    1.50      87.26549
   8 ALL      22081308  708863.00000 6845795.00000   -2.10   -2.10    1.50     120.17317
   8 ALL      22081308  703863.00000 6850795.00000    3.40  346.00    1.50      56.84865
   8 ALL      22081408  713863.00000 6845795.00000    0.00    0.00    1.50      50.14820
   8 ALL      22081408  698863.00000 6855795.00000    4.20    4.20    1.50     202.23862
   8 ALL      22081408  698863.00000 6860795.00000   10.80  638.00    1.50     124.46596
   8 ALL      22081608  698863.00000 6850795.00000   16.90   34.00    1.50    1446.41979
   8 ALL      22081616  698863.00000 6850795.00000   16.90   34.00    1.50     146.12334
   8 ALL      22081624  698863.00000 6850795.00000   16.90   34.00    1.50     213.76709
   8 ALL      22081708  693863.00000 6840795.00000    0.00    0.00    1.50     154.94675
   8 ALL      22081708  708863.00000 6845795.00000   -2.10   -2.10    1.50      98.47965
   8 ALL      22081708  713863.00000 6845795.00000    0.00    0.00    1.50     166.56355
   8 ALL      22081708  693863.00000 6850795.00000    4.50  317.00    1.50      83.27427
   8 ALL      22081708  698863.00000 6850795.00000   16.90   34.00    1.50    1946.76340
   8 ALL      22082024  693863.00000 6850795.00000    4.50  317.00    1.50     178.49299
   8 ALL      22082024  698863.00000 6850795.00000   16.90   34.00    1.50    2123.99388
   8 ALL      22082108  688863.00000 6845795.00000   36.60  356.00    1.50      57.49020
   8 ALL      22082108  698863.00000 6845795.00000    4.90    4.90    1.50     135.36856
   8 ALL      22082108  713863.00000 6845795.00000    0.00    0.00    1.50     223.48831
   8 ALL      22082108  718863.00000 6845795.00000    5.50   10.00    1.50     188.32273
   8 ALL      22082108  693863.00000 6850795.00000    4.50  317.00    1.50     204.61560
   8 ALL      22082108  698863.00000 6850795.00000   16.90   34.00    1.50     942.68490
   8 ALL      22082224  698863.00000 6850795.00000   16.90   34.00    1.50      53.60471
   8 ALL      22082308  708863.00000 6855795.00000    0.00    0.00    1.50     132.27122
   8 ALL      22082308  713863.00000 6860795.00000    0.00    0.00    1.50      56.08102
   8 ALL      22082316  698863.00000 6850795.00000   16.90   34.00    1.50      73.22206
   8 ALL      22082324  698863.00000 6845795.00000    4.90    4.90    1.50      95.48896
   8 ALL      22082324  698863.00000 6850795.00000   16.90   34.00    1.50     492.53914
   8 ALL      22082408  703863.00000 6830795.00000   -1.50    9.00    1.50      56.95272
   8 ALL      22082408  703863.00000 6835795.00000   -3.00   -3.00    1.50      66.96799
   8 ALL      22082408  703863.00000 6840795.00000    2.80    2.80    1.50      99.31131
   8 ALL      22082424  693863.00000 6825795.00000   41.60   41.60    1.50      53.12021
   8 ALL      22082424  698863.00000 6840795.00000    0.50    0.50    1.50      89.51309
   8 ALL      22082424  698863.00000 6845795.00000    4.90    4.90    1.50     346.86121
   8 ALL      22082424  698863.00000 6850795.00000   16.90   34.00    1.50     425.02097
   8 ALL      22082608  703863.00000 6845795.00000    1.00  276.00    1.50     113.06788
   8 ALL      22082924  698863.00000 6850795.00000   16.90   34.00    1.50      55.79006
   8 ALL      22083016  698863.00000 6850795.00000   16.90   34.00    1.50      95.90387
   8 ALL      22083024  693863.00000 6845795.00000    4.40    4.40    1.50      64.02717
   8 ALL      22083024  693863.00000 6850795.00000    4.50  317.00    1.50     167.03298
   8 ALL      22083024  698863.00000 6850795.00000   16.90   34.00    1.50    2370.07596
   8 ALL      22083108  713863.00000 6840795.00000   -0.20   -0.20    1.50     233.45080
   8 ALL      22083108  703863.00000 6845795.00000    1.00  276.00    1.50     161.50741
   8 ALL      22083124  698863.00000 6850795.00000   16.90   34.00    1.50      67.62422
   8 ALL      22090108  698863.00000 6850795.00000   16.90   34.00    1.50      57.86491
   8 ALL      22090224  698863.00000 6850795.00000   16.90   34.00    1.50      67.72526
   8 ALL      22090224  703863.00000 6850795.00000    3.40  346.00    1.50     110.90536
   8 ALL      22090508  713863.00000 6835795.00000    0.00    0.00    1.50      67.16572
   8 ALL      22090508  708863.00000 6840795.00000    0.30    0.30    1.50     117.20298
   8 ALL      22090508  703863.00000 6845795.00000    1.00  276.00    1.50     302.23502
   8 ALL      22090508  703863.00000 6850795.00000    3.40  346.00    1.50     331.31179
   8 ALL      22090508  718863.00000 6855795.00000   10.40   10.40    1.50      61.35372
   8 ALL      22090524  698863.00000 6850795.00000   16.90   34.00    1.50     345.39033
   8 ALL      22090608  693863.00000 6825795.00000   41.60   41.60    1.50     141.10408
   8 ALL      22090608  693863.00000 6830795.00000   14.00   14.00    1.50      94.95813
   8 ALL      22090608  698863.00000 6845795.00000    4.90    4.90    1.50     757.99698
   8 ALL      22090608  698863.00000 6850795.00000   16.90   34.00    1.50    1610.36820
   8 ALL      22090608  708863.00000 6855795.00000    0.00    0.00    1.50      96.13840
   8 ALL      22090624  693863.00000 6845795.00000    4.40    4.40    1.50      74.96538
   8 ALL      22090624  698863.00000 6850795.00000   16.90   34.00    1.50      69.87542
   8 ALL      22090708  698863.00000 6845795.00000    4.90    4.90    1.50     103.97199
   8 ALL      22090708  698863.00000 6850795.00000   16.90   34.00    1.50     182.24374
   8 ALL      22090924  708863.00000 6840795.00000    0.30    0.30    1.50      68.65313
   8 ALL      22090924  713863.00000 6840795.00000   -0.20   -0.20    1.50      58.82463
   8 ALL      22090924  703863.00000 6845795.00000    1.00  276.00    1.50     260.04034
   8 ALL      22091016  698863.00000 6850795.00000   16.90   34.00    1.50      56.27168
   8 ALL      22091124  693863.00000 6850795.00000    4.50  317.00    1.50     223.40653
   8 ALL      22091124  698863.00000 6850795.00000   16.90   34.00    1.50    2095.45803
   8 ALL      22091124  698863.00000 6855795.00000    4.20    4.20    1.50     104.02163
   8 ALL      22091124  693863.00000 6870795.00000   30.30  513.00    1.50     171.05780
   8 ALL      22091208  698863.00000 6850795.00000   16.90   34.00    1.50      65.72102
   8 ALL      22091208  703863.00000 6850795.00000    3.40  346.00    1.50     141.40036
   8 ALL      22091208  708863.00000 6865795.00000    0.00    0.00    1.50     128.92360
   8 ALL      22091308  703863.00000 6845795.00000    1.00  276.00    1.50      65.83112
   8 ALL      22091324  698863.00000 6850795.00000   16.90   34.00    1.50     278.15318
   8 ALL      22091408  698863.00000 6850795.00000   16.90   34.00    1.50     204.86463
   8 ALL      22091424  698863.00000 6850795.00000   16.90   34.00    1.50     424.48175
   8 ALL      22091608  698863.00000 6845795.00000    4.90    4.90    1.50      70.10821
   8 ALL      22091608  698863.00000 6850795.00000   16.90   34.00    1.50     779.67523
   8 ALL      22091616  698863.00000 6850795.00000   16.90   34.00    1.50      77.27205
   8 ALL      22091624  698863.00000 6850795.00000   16.90   34.00    1.50     564.45999
   8 ALL      22091624  698863.00000 6855795.00000    4.20    4.20    1.50      50.76325
   8 ALL      22091708  698863.00000 6850795.00000   16.90   34.00    1.50    2468.91201
   8 ALL      22091724  698863.00000 6850795.00000   16.90   34.00    1.50     551.64926
   8 ALL      22091808  708863.00000 6855795.00000    0.00    0.00    1.50      89.48981
   8 ALL      22091808  713863.00000 6860795.00000    0.00    0.00    1.50      59.34490
   8 ALL      22091808  718863.00000 6865795.00000    0.00  222.00    1.50      86.88913
   8 ALL      22091824  698863.00000 6845795.00000    4.90    4.90    1.50     215.24691
   8 ALL      22091824  698863.00000 6850795.00000   16.90   34.00    1.50     384.09269
   8 ALL      22091908  693863.00000 6840795.00000    0.00    0.00    1.50      88.30795
   8 ALL      22091908  703863.00000 6845795.00000    1.00  276.00    1.50     111.51220
   8 ALL      22091908  698863.00000 6850795.00000   16.90   34.00    1.50      69.77941
   8 ALL      22091924  703863.00000 6845795.00000    1.00  276.00    1.50      71.83814
   8 ALL      22092008  708863.00000 6845795.00000   -2.10   -2.10    1.50     116.77032
   8 ALL      22092016  698863.00000 6850795.00000   16.90   34.00    1.50      71.11158
   8 ALL      22092024  698863.00000 6850795.00000   16.90   34.00    1.50      66.23716
   8 ALL      22092124  698863.00000 6850795.00000   16.90   34.00    1.50     750.21016
   8 ALL      22092208  698863.00000 6850795.00000   16.90   34.00    1.50     142.66539
   8 ALL      22092208  703863.00000 6850795.00000    3.40  346.00    1.50     146.30472
   8 ALL      22092208  708863.00000 6855795.00000    0.00    0.00    1.50      53.72179
   8 ALL      22092508  698863.00000 6845795.00000    4.90    4.90    1.50     108.71462
   8 ALL      22092508  698863.00000 6850795.00000   16.90   34.00    1.50     172.82989
   8 ALL      22092508  703863.00000 6850795.00000    3.40  346.00    1.50      59.39395
   8 ALL      22092624  703863.00000 6840795.00000    2.80    2.80    1.50      72.78463
   8 ALL      22092724  698863.00000 6850795.00000   16.90   34.00    1.50     108.28162
   8 ALL      22092916  698863.00000 6850795.00000   16.90   34.00    1.50     117.69754
   8 ALL      22092924  698863.00000 6850795.00000   16.90   34.00    1.50     279.69802
   8 ALL      22092924  698863.00000 6855795.00000    4.20    4.20    1.50      52.89052
   8 ALL      22093008  698863.00000 6840795.00000    0.50    0.50    1.50      62.35306
   8 ALL      22093008  698863.00000 6845795.00000    4.90    4.90    1.50     107.96631
   8 ALL      22093008  698863.00000 6850795.00000   16.90   34.00    1.50     230.92575
   8 ALL      22093024  698863.00000 6845795.00000    4.90    4.90    1.50     136.06153
   8 ALL      22093024  698863.00000 6850795.00000   16.90   34.00    1.50     247.86993
   8 ALL      22100108  703863.00000 6845795.00000    1.00  276.00    1.50      90.61012
   8 ALL      22100108  698863.00000 6850795.00000   16.90   34.00    1.50      51.46654
   8 ALL      22100108  703863.00000 6850795.00000    3.40  346.00    1.50      74.22991
   8 ALL      22100124  698863.00000 6850795.00000   16.90   34.00    1.50     778.51729
   8 ALL      22100208  698863.00000 6855795.00000    4.20    4.20    1.50      82.44249
   8 ALL      22100216  698863.00000 6850795.00000   16.90   34.00    1.50      67.57278
   8 ALL      22100224  698863.00000 6850795.00000   16.90   34.00    1.50     267.42057
   8 ALL      22100316  698863.00000 6850795.00000   16.90   34.00    1.50      93.70474
   8 ALL      22100324  698863.00000 6850795.00000   16.90   34.00    1.50     128.88571
   8 ALL      22100408  698863.00000 6850795.00000   16.90   34.00    1.50      96.64152
   8 ALL      22100408  698863.00000 6855795.00000    4.20    4.20    1.50      96.26238
   8 ALL      22100408  698863.00000 6860795.00000   10.80  638.00    1.50      56.71876
   8 ALL      22100424  698863.00000 6850795.00000   16.90   34.00    1.50     307.27636
   8 ALL      22100508  698863.00000 6850795.00000   16.90   34.00    1.50    1323.23584
   8 ALL      22100508  703863.00000 6850795.00000    3.40  346.00    1.50     419.72793
   8 ALL      22100508  713863.00000 6850795.00000    0.00    0.00    1.50      69.76733
   8 ALL      22100508  718863.00000 6850795.00000    6.60    6.60    1.50      53.09451
   8 ALL      22100524  698863.00000 6850795.00000   16.90   34.00    1.50     814.06100
   8 ALL      22100524  698863.00000 6855795.00000    4.20    4.20    1.50     200.81755
   8 ALL      22100524  698863.00000 6860795.00000   10.80  638.00    1.50      58.47009
   8 ALL      22100608  703863.00000 6845795.00000    1.00  276.00    1.50     116.22983
   8 ALL      22100616  698863.00000 6850795.00000   16.90   34.00    1.50      66.62326
   8 ALL      22100708  698863.00000 6850795.00000   16.90   34.00    1.50      50.35141
   8 ALL      22100716  698863.00000 6850795.00000   16.90   34.00    1.50      85.66771
   8 ALL      22100724  698863.00000 6850795.00000   16.90   34.00    1.50     252.65592
   8 ALL      22100924  698863.00000 6850795.00000   16.90   34.00    1.50      58.52152
   8 ALL      22101024  698863.00000 6850795.00000   16.90   34.00    1.50      56.83375
   8 ALL      22101108  718863.00000 6840795.00000    0.00    0.00    1.50      63.64875
   8 ALL      22101108  708863.00000 6845795.00000   -2.10   -2.10    1.50      90.58778
   8 ALL      22101108  713863.00000 6845795.00000    0.00    0.00    1.50      59.58207
   8 ALL      22101108  718863.00000 6845795.00000    5.50   10.00    1.50     148.00631
   8 ALL      22101108  703863.00000 6850795.00000    3.40  346.00    1.50     124.39196
   8 ALL      22101124  703863.00000 6845795.00000    1.00  276.00    1.50     117.69582
   8 ALL      22101208  703863.00000 6845795.00000    1.00  276.00    1.50      91.50155
   8 ALL      22101208  698863.00000 6850795.00000   16.90   34.00    1.50      55.63377
   8 ALL      22101224  698863.00000 6850795.00000   16.90   34.00    1.50     316.75015
   8 ALL      22101308  688863.00000 6840795.00000    6.50  237.00    1.50      62.66711
   8 ALL      22101308  693863.00000 6845795.00000    4.40    4.40    1.50     145.40890
   8 ALL      22101308  693863.00000 6850795.00000    4.50  317.00    1.50     308.47812
   8 ALL      22101308  698863.00000 6850795.00000   16.90   34.00    1.50    1499.68689
   8 ALL      22101408  698863.00000 6850795.00000   16.90   34.00    1.50     346.58755
   8 ALL      22101408  703863.00000 6860795.00000   34.50  446.00    1.50      54.38563
   8 ALL      22101516  698863.00000 6850795.00000   16.90   34.00    1.50     174.96521
   8 ALL      22101524  698863.00000 6850795.00000   16.90   34.00    1.50     381.06543
   8 ALL      22101608  698863.00000 6850795.00000   16.90   34.00    1.50     860.94823
   8 ALL      22101624  703863.00000 6840795.00000    2.80    2.80    1.50      54.96432
   8 ALL      22101708  708863.00000 6835795.00000   -3.00   -3.00    1.50      60.51703
   8 ALL      22101708  703863.00000 6860795.00000   34.50  446.00    1.50      51.20517
   8 ALL      22101708  713863.00000 6860795.00000    0.00    0.00    1.50      51.49428
   8 ALL      22101708  708863.00000 6865795.00000    0.00    0.00    1.50      85.02592
   8 ALL      22101708  718863.00000 6865795.00000    0.00  222.00    1.50      71.28169
   8 ALL      22101716  698863.00000 6850795.00000   16.90   34.00    1.50      93.32961
   8 ALL      22101724  698863.00000 6850795.00000   16.90   34.00    1.50     165.71293
   8 ALL      22101824  698863.00000 6850795.00000   16.90   34.00    1.50     578.74939
   8 ALL      22101824  698863.00000 6855795.00000    4.20    4.20    1.50      88.68039
   8 ALL      22101824  698863.00000 6860795.00000   10.80  638.00    1.50      58.63015
   8 ALL      22101908  708863.00000 6845795.00000   -2.10   -2.10    1.50      83.07524
   8 ALL      22101908  698863.00000 6850795.00000   16.90   34.00    1.50      50.92215
   8 ALL      22101924  698863.00000 6850795.00000   16.90   34.00    1.50    1213.68848
   8 ALL      22102008  713863.00000 6830795.00000    0.00    0.00    1.50     133.24117
   8 ALL      22102008  708863.00000 6835795.00000   -3.00   -3.00    1.50      61.92718
   8 ALL      22102008  698863.00000 6850795.00000   16.90   34.00    1.50    1907.16249
   8 ALL      22102008  708863.00000 6855795.00000    0.00    0.00    1.50      52.75510
   8 ALL      22102024  698863.00000 6850795.00000   16.90   34.00    1.50     803.52285
   8 ALL      22102108  698863.00000 6850795.00000   16.90   34.00    1.50      60.37742
   8 ALL      22102124  698863.00000 6850795.00000   16.90   34.00    1.50     178.86628
   8 ALL      22102224  698863.00000 6850795.00000   16.90   34.00    1.50      68.58741
   8 ALL      22102308  693863.00000 6850795.00000    4.50  317.00    1.50     410.10132
   8 ALL      22102308  698863.00000 6850795.00000   16.90   34.00    1.50    2267.48853
   8 ALL      22102308  673863.00000 6855795.00000   85.60  513.00    1.50     104.25146
   8 ALL      22102324  693863.00000 6850795.00000    4.50  317.00    1.50     166.47536
   8 ALL      22102324  698863.00000 6850795.00000   16.90   34.00    1.50    2051.21871
   8 ALL      22102408  698863.00000 6845795.00000    4.90    4.90    1.50      84.16790
   8 ALL      22102408  698863.00000 6850795.00000   16.90   34.00    1.50    1062.74231
   8 ALL      22102408  693863.00000 6860795.00000    8.00  532.00    1.50      67.77573
   8 ALL      22102416  698863.00000 6850795.00000   16.90   34.00    1.50     127.88751
   8 ALL      22102424  698863.00000 6850795.00000   16.90   34.00    1.50      97.25630
   8 ALL      22102516  698863.00000 6850795.00000   16.90   34.00    1.50      77.61384
   8 ALL      22102524  698863.00000 6850795.00000   16.90   34.00    1.50     305.45208
   8 ALL      22102608  698863.00000 6845795.00000    4.90    4.90    1.50     111.42703
   8 ALL      22102608  698863.00000 6850795.00000   16.90   34.00    1.50     281.31762
   8 ALL      22102724  698863.00000 6850795.00000   16.90   34.00    1.50     101.02226
   8 ALL      22102824  693863.00000 6845795.00000    4.40    4.40    1.50      70.32404
   8 ALL      22102824  698863.00000 6850795.00000   16.90   34.00    1.50     144.11980
   8 ALL      22102908  688863.00000 6840795.00000    6.50  237.00    1.50      55.24851
   8 ALL      22102908  693863.00000 6845795.00000    4.40    4.40    1.50     104.39885
   8 ALL      22102908  698863.00000 6850795.00000   16.90   34.00    1.50      93.08525
   8 ALL      22110316  698863.00000 6850795.00000   16.90   34.00    1.50      85.18198
   8 ALL      22110324  698863.00000 6850795.00000   16.90   34.00    1.50     312.18222
   8 ALL      22110408  703863.00000 6850795.00000    3.40  346.00    1.50      84.45889
   8 ALL      22110408  703863.00000 6860795.00000   34.50  446.00    1.50      51.72936
   8 ALL      22110424  698863.00000 6850795.00000   16.90   34.00    1.50      60.91855
   8 ALL      22110516  698863.00000 6850795.00000   16.90   34.00    1.50      74.61465
   8 ALL      22110524  698863.00000 6850795.00000   16.90   34.00    1.50     171.85063
   8 ALL      22110524  698863.00000 6855795.00000    4.20    4.20    1.50      59.38714
   8 ALL      22110708  698863.00000 6855795.00000    4.20    4.20    1.50      54.88926
   8 ALL      22110824  698863.00000 6850795.00000   16.90   34.00    1.50      53.71396
   8 ALL      22110924  698863.00000 6850795.00000   16.90   34.00    1.50     389.68247
   8 ALL      22111008  708863.00000 6840795.00000    0.30    0.30    1.50      72.19484
   8 ALL      22111008  703863.00000 6845795.00000    1.00  276.00    1.50     188.78171
   8 ALL      22111008  698863.00000 6850795.00000   16.90   34.00    1.50     733.25098
   8 ALL      22111008  703863.00000 6855795.00000   44.00  227.00    1.50      59.88151
   8 ALL      22111016  698863.00000 6850795.00000   16.90   34.00    1.50      64.51843
   8 ALL      22111024  698863.00000 6850795.00000   16.90   34.00    1.50     583.50839
   8 ALL      22111108  698863.00000 6840795.00000    0.50    0.50    1.50      57.71666
   8 ALL      22111108  698863.00000 6845795.00000    4.90    4.90    1.50      63.35643
   8 ALL      22111108  698863.00000 6850795.00000   16.90   34.00    1.50      91.11833
   8 ALL      22111124  698863.00000 6850795.00000   16.90   34.00    1.50      69.09939
   8 ALL      22111208  698863.00000 6845795.00000    4.90    4.90    1.50      83.93024
   8 ALL      22111208  703863.00000 6845795.00000    1.00  276.00    1.50      50.62181
   8 ALL      22111208  698863.00000 6850795.00000   16.90   34.00    1.50     117.51680
   8 ALL      22111308  698863.00000 6850795.00000   16.90   34.00    1.50     111.09565
   8 ALL      22111408  698863.00000 6850795.00000   16.90   34.00    1.50     100.43672
   8 ALL      22111508  703863.00000 6850795.00000    3.40  346.00    1.50      86.89567
   8 ALL      22111524  698863.00000 6850795.00000   16.90   34.00    1.50     232.92419
   8 ALL      22111824  693863.00000 6850795.00000    4.50  317.00    1.50     116.87603
   8 ALL      22111824  698863.00000 6850795.00000   16.90   34.00    1.50    1062.59727
   8 ALL      22111824  698863.00000 6855795.00000    4.20    4.20    1.50     145.00262
   8 ALL      22111824  693863.00000 6870795.00000   30.30  513.00    1.50     187.60283
   8 ALL      22111908  703863.00000 6850795.00000    3.40  346.00    1.50      65.06240
   8 ALL      22112008  698863.00000 6845795.00000    4.90    4.90    1.50      50.94185
   8 ALL      22112008  698863.00000 6850795.00000   16.90   34.00    1.50     122.36673
   8 ALL      22112024  698863.00000 6850795.00000   16.90   34.00    1.50      56.37433
   8 ALL      22112108  698863.00000 6850795.00000   16.90   34.00    1.50      54.03207
   8 ALL      22112308  698863.00000 6850795.00000   16.90   34.00    1.50      56.95707
   8 ALL      22112316  698863.00000 6850795.00000   16.90   34.00    1.50      91.87971
   8 ALL      22112416  698863.00000 6850795.00000   16.90   34.00    1.50      87.54835
   8 ALL      22112424  698863.00000 6850795.00000   16.90   34.00    1.50     274.42264
   8 ALL      22112624  698863.00000 6850795.00000   16.90   34.00    1.50     194.61030
   8 ALL      22112708  698863.00000 6850795.00000   16.90   34.00    1.50     275.98011
   8 ALL      22112716  698863.00000 6850795.00000   16.90   34.00    1.50     159.33010
   8 ALL      22112724  698863.00000 6850795.00000   16.90   34.00    1.50     294.53281
   8 ALL      22112808  698863.00000 6850795.00000   16.90   34.00    1.50     210.01753
   8 ALL      22112816  698863.00000 6850795.00000   16.90   34.00    1.50      84.09930
   8 ALL      22112824  698863.00000 6850795.00000   16.90   34.00    1.50     284.17910
   8 ALL      22112908  698863.00000 6850795.00000   16.90   34.00    1.50     455.70558
   8 ALL      22112916  698863.00000 6850795.00000   16.90   34.00    1.50     144.05019
   8 ALL      22112924  698863.00000 6850795.00000   16.90   34.00    1.50     271.00092
   8 ALL      22113008  698863.00000 6850795.00000   16.90   34.00    1.50     197.05923
   8 ALL      22113016  698863.00000 6850795.00000   16.90   34.00    1.50      93.16237
   8 ALL      22113024  698863.00000 6850795.00000   16.90   34.00    1.50     202.77757
   8 ALL      22120108  698863.00000 6850795.00000   16.90   34.00    1.50      62.48687
   8 ALL      22120124  688863.00000 6845795.00000   36.60  356.00    1.50      58.99876
   8 ALL      22120124  693863.00000 6850795.00000    4.50  317.00    1.50      67.86527
   8 ALL      22120124  698863.00000 6850795.00000   16.90   34.00    1.50     795.81079
   8 ALL      22120124  708863.00000 6855795.00000    0.00    0.00    1.50      53.71444
   8 ALL      22120208  698863.00000 6845795.00000    4.90    4.90    1.50      95.79204
   8 ALL      22120208  698863.00000 6850795.00000   16.90   34.00    1.50     161.57941
   8 ALL      22120224  698863.00000 6850795.00000   16.90   34.00    1.50      66.92616
   8 ALL      22120308  698863.00000 6845795.00000    4.90    4.90    1.50     113.72893
   8 ALL      22120308  698863.00000 6850795.00000   16.90   34.00    1.50     306.11915
   8 ALL      22120324  698863.00000 6850795.00000   16.90   34.00    1.50      62.25746
   8 ALL      22120408  683863.00000 6835795.00000   40.40  255.00    1.50      50.00440
   8 ALL      22120408  688863.00000 6840795.00000    6.50  237.00    1.50      60.73203
   8 ALL      22120408  693863.00000 6845795.00000    4.40    4.40    1.50      99.09161
   8 ALL      22120408  698863.00000 6850795.00000   16.90   34.00    1.50     118.45186
   8 ALL      22120424  703863.00000 6840795.00000    2.80    2.80    1.50      79.02507
   8 ALL      22120424  698863.00000 6850795.00000   16.90   34.00    1.50      55.14512
   8 ALL      22120424  698863.00000 6855795.00000    4.20    4.20    1.50      59.51509
   8 ALL      22120508  693863.00000 6850795.00000    4.50  317.00    1.50     118.38803
   8 ALL      22120508  698863.00000 6850795.00000   16.90   34.00    1.50    4403.69008
   8 ALL      22120508  703863.00000 6860795.00000   34.50  446.00    1.50     297.95973
   8 ALL      22120508  708863.00000 6870795.00000    4.00  657.00    1.50     116.66201
   8 ALL      22120516  698863.00000 6850795.00000   16.90   34.00    1.50     136.38855
   8 ALL      22120524  698863.00000 6850795.00000   16.90   34.00    1.50      99.12355
   8 ALL      22120616  698863.00000 6850795.00000   16.90   34.00    1.50      94.09500
   8 ALL      22120624  698863.00000 6850795.00000   16.90   34.00    1.50     612.47431
   8 ALL      22120708  698863.00000 6850795.00000   16.90   34.00    1.50    1167.78003
   8 ALL      22120708  703863.00000 6850795.00000    3.40  346.00    1.50     231.06759
   8 ALL      22120716  698863.00000 6850795.00000   16.90   34.00    1.50      67.81233
   8 ALL      22120724  698863.00000 6850795.00000   16.90   34.00    1.50      69.76643
   8 ALL      22120808  703863.00000 6850795.00000    3.40  346.00    1.50      83.98813
   8 ALL      22120816  698863.00000 6850795.00000   16.90   34.00    1.50      73.50614
   8 ALL      22120824  698863.00000 6850795.00000   16.90   34.00    1.50     159.36762
   8 ALL      22120924  698863.00000 6850795.00000   16.90   34.00    1.50     150.41925
   8 ALL      22121108  703863.00000 6845795.00000    1.00  276.00    1.50     133.82493
   8 ALL      22121108  693863.00000 6850795.00000    4.50  317.00    1.50      76.01841
   8 ALL      22121108  698863.00000 6850795.00000   16.90   34.00    1.50     871.97788
   8 ALL      22121124  693863.00000 6825795.00000   41.60   41.60    1.50      78.23401
   8 ALL      22121124  693863.00000 6830795.00000   14.00   14.00    1.50      72.15096
   8 ALL      22121124  698863.00000 6835795.00000    4.10    4.10    1.50      56.13815
   8 ALL      22121124  698863.00000 6840795.00000    0.50    0.50    1.50     137.12314
   8 ALL      22121124  698863.00000 6845795.00000    4.90    4.90    1.50     530.35670
   8 ALL      22121124  698863.00000 6850795.00000   16.90   34.00    1.50     683.22976
   8 ALL      22121208  693863.00000 6840795.00000    0.00    0.00    1.50      59.42853
   8 ALL      22121208  698863.00000 6845795.00000    4.90    4.90    1.50     161.33834
   8 ALL      22121208  698863.00000 6850795.00000   16.90   34.00    1.50     346.04507
   8 ALL      22121224  698863.00000 6850795.00000   16.90   34.00    1.50     101.49835
   8 ALL      22121424  683863.00000 6830795.00000   17.30   17.30    1.50      51.98670
   8 ALL      22121424  693863.00000 6845795.00000    4.40    4.40    1.50      69.11263
   8 ALL      22121424  698863.00000 6850795.00000   16.90   34.00    1.50     110.67789
   8 ALL      22121508  718863.00000 6840795.00000    0.00    0.00    1.50      52.70748
   8 ALL      22121508  698863.00000 6845795.00000    4.90    4.90    1.50      50.09536
   8 ALL      22121508  708863.00000 6845795.00000   -2.10   -2.10    1.50     153.97052
   8 ALL      22121508  698863.00000 6850795.00000   16.90   34.00    1.50     171.04514
   8 ALL      22121616  698863.00000 6850795.00000   16.90   34.00    1.50      61.42825
   8 ALL      22121624  698863.00000 6850795.00000   16.90   34.00    1.50      84.65931
   8 ALL      22121824  698863.00000 6840795.00000    0.50    0.50    1.50      50.41290
   8 ALL      22121824  698863.00000 6845795.00000    4.90    4.90    1.50     186.23097
   8 ALL      22121824  698863.00000 6850795.00000   16.90   34.00    1.50     409.27875
   8 ALL      22121908  698863.00000 6850795.00000   16.90   34.00    1.50     101.17373
   8 ALL      22121916  698863.00000 6850795.00000   16.90   34.00    1.50      56.03563
   8 ALL      22121924  698863.00000 6850795.00000   16.90   34.00    1.50     167.54841
   8 ALL      22122008  698863.00000 6850795.00000   16.90   34.00    1.50      78.66230
   8 ALL      22122016  698863.00000 6850795.00000   16.90   34.00    1.50     164.75405
   8 ALL      22122024  693863.00000 6850795.00000    4.50  317.00    1.50      96.93077
   8 ALL      22122024  698863.00000 6850795.00000   16.90   34.00    1.50    1939.05693
   8 ALL      22122024  693863.00000 6865795.00000   81.10  532.00    1.50      70.21302
   8 ALL      22122108  698863.00000 6850795.00000   16.90   34.00    1.50    1516.81321
   8 ALL      22122108  703863.00000 6855795.00000   44.00  227.00    1.50      84.10557
   8 ALL      22122124  698863.00000 6850795.00000   16.90   34.00    1.50      92.46451
   8 ALL      22122208  703863.00000 6855795.00000   44.00  227.00    1.50      78.39338
   8 ALL      22122208  708863.00000 6855795.00000    0.00    0.00    1.50      78.11368
   8 ALL      22122208  703863.00000 6860795.00000   34.50  446.00    1.50      51.20497
   8 ALL      22122216  698863.00000 6850795.00000   16.90   34.00    1.50      93.05653
   8 ALL      22122224  693863.00000 6850795.00000    4.50  317.00    1.50     100.15382
   8 ALL      22122224  698863.00000 6850795.00000   16.90   34.00    1.50     834.87612
   8 ALL      22122308  693863.00000 6840795.00000    0.00    0.00    1.50      55.97076
   8 ALL      22122308  698863.00000 6850795.00000   16.90   34.00    1.50    1261.06347
   8 ALL      22122408  698863.00000 6845795.00000    4.90    4.90    1.50     100.51489
   8 ALL      22122408  698863.00000 6850795.00000   16.90   34.00    1.50     205.27702
   8 ALL      22122508  708863.00000 6835795.00000   -3.00   -3.00    1.50      55.37620
   8 ALL      22122608  698863.00000 6850795.00000   16.90   34.00    1.50      61.36882
   8 ALL      22122624  698863.00000 6850795.00000   16.90   34.00    1.50      72.51805
   8 ALL      22122716  698863.00000 6850795.00000   16.90   34.00    1.50     121.76689
   8 ALL      22122724  698863.00000 6850795.00000   16.90   34.00    1.50      98.56793
   8 ALL      22122808  698863.00000 6850795.00000   16.90   34.00    1.50    1014.77646
   8 ALL      22122808  698863.00000 6855795.00000    4.20    4.20    1.50      56.18591
   8 ALL      22122824  698863.00000 6850795.00000   16.90   34.00    1.50     150.00593
   8 ALL      22122924  698863.00000 6850795.00000   16.90   34.00    1.50     158.94817
   8 ALL      22123124  698863.00000 6850795.00000   16.90   34.00    1.50      50.27829
