* AERMOD (23132 ): anajuliawolmann                                                          11/14/24
* AERMET ( 23132):                                                                          13:41:23
* MODELING OPTIONS USED:   RegDFAULT  CONC  ELEV  FLGPOL  RURAL
*         MAXI-FILE FOR  8-HR VALUES >= A THRESHOLD OF    50.00    
*         FOR SOURCE GROUP: LSRC    
*         FORMAT: (1X,I3,1X,A8,1X,I8.8,2(1X,F13.5),3(1X,F7.2),1X,F13.5)
*AVE   GRP     DATE           X             Y        ZELEV   ZHILL   ZFLAG  AVERAGE CONC
*___ ________ ________  ____________  ____________  ______  ______  ______  ____________
   8 LSRC     22010208  698863.00000 6850795.00000   16.90   34.00    1.50      75.26414
   8 LSRC     22010308  698863.00000 6850795.00000   16.90   34.00    1.50     151.54793
   8 LSRC     22010324  698863.00000 6850795.00000   16.90   34.00    1.50      88.50493
   8 LSRC     22010408  698863.00000 6845795.00000    4.90    4.90    1.50      53.25390
   8 LSRC     22010408  698863.00000 6850795.00000   16.90   34.00    1.50      61.33751
   8 LSRC     22010824  698863.00000 6850795.00000   16.90   34.00    1.50      56.92966
   8 LSRC     22010908  698863.00000 6850795.00000   16.90   34.00    1.50      84.13103
   8 LSRC     22011008  698863.00000 6850795.00000   16.90   34.00    1.50      64.42137
   8 LSRC     22011108  698863.00000 6850795.00000   16.90   34.00    1.50     195.28267
   8 LSRC     22011124  698863.00000 6850795.00000   16.90   34.00    1.50     237.41753
   8 LSRC     22011208  693863.00000 6845795.00000    4.40    4.40    1.50      59.00359
   8 LSRC     22011208  698863.00000 6850795.00000   16.90   34.00    1.50     390.64499
   8 LSRC     22011224  698863.00000 6850795.00000   16.90   34.00    1.50      71.88123
   8 LSRC     22011308  698863.00000 6850795.00000   16.90   34.00    1.50    1456.16259
   8 LSRC     22011308  698863.00000 6855795.00000    4.20    4.20    1.50     152.85042
   8 LSRC     22011824  698863.00000 6850795.00000   16.90   34.00    1.50     114.75922
   8 LSRC     22011908  698863.00000 6850795.00000   16.90   34.00    1.50     773.44891
   8 LSRC     22012108  698863.00000 6850795.00000   16.90   34.00    1.50      71.03510
   8 LSRC     22012508  698863.00000 6850795.00000   16.90   34.00    1.50      53.44075
   8 LSRC     22012524  698863.00000 6845795.00000    4.90    4.90    1.50      80.56796
   8 LSRC     22012524  698863.00000 6850795.00000   16.90   34.00    1.50     101.27392
   8 LSRC     22012824  698863.00000 6845795.00000    4.90    4.90    1.50      50.29818
   8 LSRC     22012824  698863.00000 6850795.00000   16.90   34.00    1.50      56.03312
   8 LSRC     22012908  703863.00000 6845795.00000    1.00  276.00    1.50      53.23376
   8 LSRC     22013024  698863.00000 6850795.00000   16.90   34.00    1.50     133.50725
   8 LSRC     22013108  713863.00000 6840795.00000   -0.20   -0.20    1.50      63.31139
   8 LSRC     22013108  703863.00000 6850795.00000    3.40  346.00    1.50     107.87878
   8 LSRC     22013124  698863.00000 6850795.00000   16.90   34.00    1.50     238.58721
   8 LSRC     22020108  713863.00000 6845795.00000    0.00    0.00    1.50     112.15844
   8 LSRC     22020208  698863.00000 6850795.00000   16.90   34.00    1.50     297.90181
   8 LSRC     22020408  698863.00000 6845795.00000    4.90    4.90    1.50      59.57026
   8 LSRC     22020408  698863.00000 6850795.00000   16.90   34.00    1.50     100.33518
   8 LSRC     22020524  698863.00000 6850795.00000   16.90   34.00    1.50     101.22127
   8 LSRC     22020608  698863.00000 6850795.00000   16.90   34.00    1.50     361.21010
   8 LSRC     22020824  698863.00000 6850795.00000   16.90   34.00    1.50      50.37961
   8 LSRC     22020924  698863.00000 6850795.00000   16.90   34.00    1.50      89.07851
   8 LSRC     22021008  698863.00000 6850795.00000   16.90   34.00    1.50     217.94253
   8 LSRC     22021024  698863.00000 6850795.00000   16.90   34.00    1.50     286.02628
   8 LSRC     22021108  698863.00000 6850795.00000   16.90   34.00    1.50     592.83159
   8 LSRC     22021124  698863.00000 6850795.00000   16.90   34.00    1.50      60.08642
   8 LSRC     22021208  698863.00000 6850795.00000   16.90   34.00    1.50      66.48745
   8 LSRC     22021308  698863.00000 6850795.00000   16.90   34.00    1.50      79.73059
   8 LSRC     22021408  698863.00000 6850795.00000   16.90   34.00    1.50     100.84507
   8 LSRC     22021624  698863.00000 6850795.00000   16.90   34.00    1.50     175.30107
   8 LSRC     22021708  698863.00000 6850795.00000   16.90   34.00    1.50     510.55918
   8 LSRC     22021708  703863.00000 6855795.00000   44.00  227.00    1.50      66.84466
   8 LSRC     22021724  698863.00000 6850795.00000   16.90   34.00    1.50     148.88661
   8 LSRC     22021824  698863.00000 6850795.00000   16.90   34.00    1.50     253.14426
   8 LSRC     22021924  698863.00000 6850795.00000   16.90   34.00    1.50      87.79883
   8 LSRC     22022008  698863.00000 6850795.00000   16.90   34.00    1.50      94.22346
   8 LSRC     22022208  703863.00000 6850795.00000    3.40  346.00    1.50      80.47764
   8 LSRC     22022308  698863.00000 6850795.00000   16.90   34.00    1.50     288.08204
   8 LSRC     22022324  698863.00000 6850795.00000   16.90   34.00    1.50     100.18698
   8 LSRC     22022424  698863.00000 6850795.00000   16.90   34.00    1.50     108.19235
   8 LSRC     22022624  698863.00000 6850795.00000   16.90   34.00    1.50      89.33876
   8 LSRC     22030208  703863.00000 6850795.00000    3.40  346.00    1.50      89.03635
   8 LSRC     22030408  698863.00000 6850795.00000   16.90   34.00    1.50     176.41207
   8 LSRC     22030408  703863.00000 6850795.00000    3.40  346.00    1.50      72.72690
   8 LSRC     22030424  698863.00000 6850795.00000   16.90   34.00    1.50     110.12184
   8 LSRC     22030808  698863.00000 6850795.00000   16.90   34.00    1.50     179.13648
   8 LSRC     22030908  703863.00000 6850795.00000    3.40  346.00    1.50      51.63677
   8 LSRC     22030924  698863.00000 6850795.00000   16.90   34.00    1.50     280.04425
   8 LSRC     22031008  698863.00000 6850795.00000   16.90   34.00    1.50     103.83809
   8 LSRC     22031008  708863.00000 6855795.00000    0.00    0.00    1.50      51.70937
   8 LSRC     22031524  698863.00000 6850795.00000   16.90   34.00    1.50      99.46450
   8 LSRC     22031608  698863.00000 6850795.00000   16.90   34.00    1.50     161.55748
   8 LSRC     22031724  698863.00000 6850795.00000   16.90   34.00    1.50     648.95505
   8 LSRC     22031824  703863.00000 6845795.00000    1.00  276.00    1.50      50.55031
   8 LSRC     22032524  698863.00000 6850795.00000   16.90   34.00    1.50      82.11454
   8 LSRC     22032724  698863.00000 6850795.00000   16.90   34.00    1.50     261.65309
   8 LSRC     22032724  698863.00000 6855795.00000    4.20    4.20    1.50      58.59125
   8 LSRC     22032808  703863.00000 6855795.00000   44.00  227.00    1.50      59.38287
   8 LSRC     22032824  698863.00000 6850795.00000   16.90   34.00    1.50     513.91981
   8 LSRC     22032908  698863.00000 6845795.00000    4.90    4.90    1.50     154.26480
   8 LSRC     22032908  698863.00000 6850795.00000   16.90   34.00    1.50     532.75062
   8 LSRC     22033024  698863.00000 6850795.00000   16.90   34.00    1.50     214.61455
   8 LSRC     22040608  698863.00000 6850795.00000   16.90   34.00    1.50      76.53187
   8 LSRC     22040624  698863.00000 6850795.00000   16.90   34.00    1.50      85.25584
   8 LSRC     22040708  698863.00000 6850795.00000   16.90   34.00    1.50      76.50052
   8 LSRC     22040724  698863.00000 6850795.00000   16.90   34.00    1.50     324.94334
   8 LSRC     22041024  698863.00000 6850795.00000   16.90   34.00    1.50      98.06586
   8 LSRC     22041108  698863.00000 6850795.00000   16.90   34.00    1.50     197.36278
   8 LSRC     22041208  698863.00000 6850795.00000   16.90   34.00    1.50      85.08649
   8 LSRC     22041224  698863.00000 6850795.00000   16.90   34.00    1.50      96.50568
   8 LSRC     22041308  698863.00000 6850795.00000   16.90   34.00    1.50     128.92285
   8 LSRC     22041724  698863.00000 6855795.00000    4.20    4.20    1.50      90.37704
   8 LSRC     22041824  698863.00000 6850795.00000   16.90   34.00    1.50      89.93025
   8 LSRC     22041908  703863.00000 6845795.00000    1.00  276.00    1.50      99.11090
   8 LSRC     22041924  698863.00000 6850795.00000   16.90   34.00    1.50      53.83989
   8 LSRC     22042024  698863.00000 6850795.00000   16.90   34.00    1.50     949.89982
   8 LSRC     22042108  718863.00000 6840795.00000    0.00    0.00    1.50      79.28400
   8 LSRC     22042108  708863.00000 6845795.00000   -2.10   -2.10    1.50     168.08421
   8 LSRC     22042108  698863.00000 6850795.00000   16.90   34.00    1.50     270.12611
   8 LSRC     22050124  698863.00000 6850795.00000   16.90   34.00    1.50     101.00382
   8 LSRC     22050308  698863.00000 6850795.00000   16.90   34.00    1.50      51.41155
   8 LSRC     22050624  698863.00000 6850795.00000   16.90   34.00    1.50      53.85648
   8 LSRC     22051008  698863.00000 6850795.00000   16.90   34.00    1.50     420.17330
   8 LSRC     22051124  698863.00000 6850795.00000   16.90   34.00    1.50      52.08580
   8 LSRC     22051224  698863.00000 6850795.00000   16.90   34.00    1.50      67.29787
   8 LSRC     22051308  698863.00000 6850795.00000   16.90   34.00    1.50      72.29241
   8 LSRC     22051308  703863.00000 6850795.00000    3.40  346.00    1.50      58.32452
   8 LSRC     22051324  718863.00000 6835795.00000    0.00    0.00    1.50      73.40639
   8 LSRC     22051324  698863.00000 6850795.00000   16.90   34.00    1.50      91.24854
   8 LSRC     22051408  698863.00000 6850795.00000   16.90   34.00    1.50      71.33291
   8 LSRC     22051408  703863.00000 6850795.00000    3.40  346.00    1.50      82.26299
   8 LSRC     22051424  698863.00000 6850795.00000   16.90   34.00    1.50     121.27861
   8 LSRC     22051524  698863.00000 6850795.00000   16.90   34.00    1.50     106.49778
   8 LSRC     22051624  698863.00000 6850795.00000   16.90   34.00    1.50     109.38760
   8 LSRC     22052124  698863.00000 6850795.00000   16.90   34.00    1.50     178.52255
   8 LSRC     22052408  698863.00000 6850795.00000   16.90   34.00    1.50     757.96964
   8 LSRC     22052624  698863.00000 6850795.00000   16.90   34.00    1.50     271.37500
   8 LSRC     22052708  698863.00000 6850795.00000   16.90   34.00    1.50     370.41240
   8 LSRC     22052708  703863.00000 6850795.00000    3.40  346.00    1.50      70.52746
   8 LSRC     22052708  698863.00000 6855795.00000    4.20    4.20    1.50      59.91516
   8 LSRC     22052824  698863.00000 6850795.00000   16.90   34.00    1.50     170.10332
   8 LSRC     22052924  698863.00000 6850795.00000   16.90   34.00    1.50      87.45980
   8 LSRC     22053008  698863.00000 6850795.00000   16.90   34.00    1.50     239.93822
   8 LSRC     22060124  698863.00000 6850795.00000   16.90   34.00    1.50     394.74160
   8 LSRC     22060424  698863.00000 6850795.00000   16.90   34.00    1.50     139.81391
   8 LSRC     22060708  698863.00000 6850795.00000   16.90   34.00    1.50      69.57862
   8 LSRC     22060824  698863.00000 6850795.00000   16.90   34.00    1.50     167.69456
   8 LSRC     22060924  713863.00000 6840795.00000   -0.20   -0.20    1.50      82.00837
   8 LSRC     22060924  698863.00000 6850795.00000   16.90   34.00    1.50     170.54338
   8 LSRC     22061008  708863.00000 6845795.00000   -2.10   -2.10    1.50     101.02651
   8 LSRC     22061008  698863.00000 6850795.00000   16.90   34.00    1.50     191.73674
   8 LSRC     22061008  703863.00000 6850795.00000    3.40  346.00    1.50      65.71671
   8 LSRC     22061324  698863.00000 6850795.00000   16.90   34.00    1.50     248.01839
   8 LSRC     22061424  698863.00000 6850795.00000   16.90   34.00    1.50      58.67306
   8 LSRC     22061524  698863.00000 6850795.00000   16.90   34.00    1.50      62.70449
   8 LSRC     22062124  698863.00000 6850795.00000   16.90   34.00    1.50     101.64973
   8 LSRC     22062124  698863.00000 6855795.00000    4.20    4.20    1.50     114.07384
   8 LSRC     22062124  698863.00000 6860795.00000   10.80  638.00    1.50      79.41753
   8 LSRC     22062224  698863.00000 6850795.00000   16.90   34.00    1.50     246.29846
   8 LSRC     22062308  698863.00000 6850795.00000   16.90   34.00    1.50     312.98975
   8 LSRC     22062324  698863.00000 6850795.00000   16.90   34.00    1.50     169.96105
   8 LSRC     22062424  698863.00000 6850795.00000   16.90   34.00    1.50     197.98703
   8 LSRC     22062508  698863.00000 6850795.00000   16.90   34.00    1.50     308.55036
   8 LSRC     22062624  693863.00000 6850795.00000    4.50  317.00    1.50      50.53729
   8 LSRC     22062624  698863.00000 6850795.00000   16.90   34.00    1.50     339.50326
   8 LSRC     22062924  698863.00000 6850795.00000   16.90   34.00    1.50      97.42303
   8 LSRC     22070308  698863.00000 6850795.00000   16.90   34.00    1.50     182.64497
   8 LSRC     22070408  698863.00000 6850795.00000   16.90   34.00    1.50     222.24715
   8 LSRC     22070524  698863.00000 6850795.00000   16.90   34.00    1.50     242.28922
   8 LSRC     22070908  698863.00000 6840795.00000    0.50    0.50    1.50      57.28347
   8 LSRC     22070908  698863.00000 6845795.00000    4.90    4.90    1.50     149.91852
   8 LSRC     22070908  713863.00000 6845795.00000    0.00    0.00    1.50      65.18418
   8 LSRC     22070908  698863.00000 6850795.00000   16.90   34.00    1.50     272.40716
   8 LSRC     22071308  698863.00000 6850795.00000   16.90   34.00    1.50     204.52266
   8 LSRC     22071324  703863.00000 6850795.00000    3.40  346.00    1.50      82.25619
   8 LSRC     22071724  698863.00000 6850795.00000   16.90   34.00    1.50     274.89917
   8 LSRC     22072008  703863.00000 6850795.00000    3.40  346.00    1.50      59.67310
   8 LSRC     22072024  698863.00000 6845795.00000    4.90    4.90    1.50     106.41469
   8 LSRC     22072024  698863.00000 6850795.00000   16.90   34.00    1.50     122.69155
   8 LSRC     22072908  698863.00000 6850795.00000   16.90   34.00    1.50     192.66925
   8 LSRC     22073024  698863.00000 6850795.00000   16.90   34.00    1.50     153.09855
   8 LSRC     22080208  698863.00000 6850795.00000   16.90   34.00    1.50      89.73837
   8 LSRC     22080224  698863.00000 6850795.00000   16.90   34.00    1.50     232.01091
   8 LSRC     22080424  698863.00000 6850795.00000   16.90   34.00    1.50     123.28990
   8 LSRC     22080624  698863.00000 6850795.00000   16.90   34.00    1.50      53.51598
   8 LSRC     22080708  698863.00000 6850795.00000   16.90   34.00    1.50     204.90919
   8 LSRC     22080824  698863.00000 6850795.00000   16.90   34.00    1.50      68.95809
   8 LSRC     22080924  698863.00000 6850795.00000   16.90   34.00    1.50      69.44025
   8 LSRC     22081124  698863.00000 6850795.00000   16.90   34.00    1.50     101.73394
   8 LSRC     22081208  698863.00000 6850795.00000   16.90   34.00    1.50     132.36464
   8 LSRC     22081408  698863.00000 6855795.00000    4.20    4.20    1.50      53.11618
   8 LSRC     22081608  698863.00000 6850795.00000   16.90   34.00    1.50     326.90112
   8 LSRC     22081708  698863.00000 6850795.00000   16.90   34.00    1.50     565.09396
   8 LSRC     22082024  698863.00000 6850795.00000   16.90   34.00    1.50     523.47971
   8 LSRC     22082108  698863.00000 6850795.00000   16.90   34.00    1.50     298.82660
   8 LSRC     22082324  698863.00000 6850795.00000   16.90   34.00    1.50     110.15389
   8 LSRC     22082424  698863.00000 6845795.00000    4.90    4.90    1.50      84.30523
   8 LSRC     22082424  698863.00000 6850795.00000   16.90   34.00    1.50     128.94485
   8 LSRC     22083024  698863.00000 6850795.00000   16.90   34.00    1.50     582.55721
   8 LSRC     22083108  713863.00000 6840795.00000   -0.20   -0.20    1.50      54.39130
   8 LSRC     22090508  703863.00000 6845795.00000    1.00  276.00    1.50      69.03476
   8 LSRC     22090508  703863.00000 6850795.00000    3.40  346.00    1.50      56.50903
   8 LSRC     22090524  698863.00000 6850795.00000   16.90   34.00    1.50      88.06539
   8 LSRC     22090608  698863.00000 6845795.00000    4.90    4.90    1.50     102.33620
   8 LSRC     22090608  698863.00000 6850795.00000   16.90   34.00    1.50     296.80353
   8 LSRC     22090924  703863.00000 6845795.00000    1.00  276.00    1.50      62.13369
   8 LSRC     22091124  698863.00000 6850795.00000   16.90   34.00    1.50     463.90203
   8 LSRC     22091324  698863.00000 6850795.00000   16.90   34.00    1.50      63.36516
   8 LSRC     22091408  698863.00000 6850795.00000   16.90   34.00    1.50     107.26061
   8 LSRC     22091424  698863.00000 6850795.00000   16.90   34.00    1.50     135.32228
   8 LSRC     22091608  698863.00000 6850795.00000   16.90   34.00    1.50     153.93357
   8 LSRC     22091624  698863.00000 6850795.00000   16.90   34.00    1.50     171.24558
   8 LSRC     22091708  698863.00000 6850795.00000   16.90   34.00    1.50     803.01373
   8 LSRC     22091724  698863.00000 6850795.00000   16.90   34.00    1.50     179.84425
   8 LSRC     22091824  698863.00000 6850795.00000   16.90   34.00    1.50      74.38634
   8 LSRC     22091908  698863.00000 6850795.00000   16.90   34.00    1.50      52.75269
   8 LSRC     22092124  698863.00000 6850795.00000   16.90   34.00    1.50     188.89973
   8 LSRC     22092924  698863.00000 6850795.00000   16.90   34.00    1.50      63.96048
   8 LSRC     22093008  698863.00000 6850795.00000   16.90   34.00    1.50      54.20398
   8 LSRC     22093024  698863.00000 6850795.00000   16.90   34.00    1.50      53.57111
   8 LSRC     22100124  698863.00000 6850795.00000   16.90   34.00    1.50     209.30445
   8 LSRC     22100224  698863.00000 6850795.00000   16.90   34.00    1.50      66.79652
   8 LSRC     22100424  698863.00000 6850795.00000   16.90   34.00    1.50      89.25837
   8 LSRC     22100508  698863.00000 6850795.00000   16.90   34.00    1.50     333.33850
   8 LSRC     22100508  703863.00000 6850795.00000    3.40  346.00    1.50      87.52374
   8 LSRC     22100524  698863.00000 6850795.00000   16.90   34.00    1.50     145.83661
   8 LSRC     22101024  698863.00000 6850795.00000   16.90   34.00    1.50      51.08653
   8 LSRC     22101224  698863.00000 6850795.00000   16.90   34.00    1.50      74.19769
   8 LSRC     22101308  693863.00000 6850795.00000    4.50  317.00    1.50      68.64520
   8 LSRC     22101308  698863.00000 6850795.00000   16.90   34.00    1.50     476.65348
   8 LSRC     22101408  698863.00000 6850795.00000   16.90   34.00    1.50     109.20753
   8 LSRC     22101524  698863.00000 6850795.00000   16.90   34.00    1.50      76.81816
   8 LSRC     22101608  698863.00000 6850795.00000   16.90   34.00    1.50     220.78228
   8 LSRC     22101824  698863.00000 6850795.00000   16.90   34.00    1.50     175.34873
   8 LSRC     22101924  698863.00000 6850795.00000   16.90   34.00    1.50     322.99313
   8 LSRC     22102008  698863.00000 6850795.00000   16.90   34.00    1.50     451.06593
   8 LSRC     22102024  698863.00000 6850795.00000   16.90   34.00    1.50     205.27558
   8 LSRC     22102308  693863.00000 6850795.00000    4.50  317.00    1.50      73.37416
   8 LSRC     22102308  698863.00000 6850795.00000   16.90   34.00    1.50     628.99442
   8 LSRC     22102324  698863.00000 6850795.00000   16.90   34.00    1.50     530.01664
   8 LSRC     22102408  698863.00000 6850795.00000   16.90   34.00    1.50     285.54674
   8 LSRC     22102524  698863.00000 6850795.00000   16.90   34.00    1.50      63.83212
   8 LSRC     22102608  698863.00000 6850795.00000   16.90   34.00    1.50      61.38053
   8 LSRC     22102824  698863.00000 6850795.00000   16.90   34.00    1.50      65.68563
   8 LSRC     22110324  698863.00000 6850795.00000   16.90   34.00    1.50      70.73018
   8 LSRC     22110924  698863.00000 6850795.00000   16.90   34.00    1.50      93.93066
   8 LSRC     22111008  698863.00000 6850795.00000   16.90   34.00    1.50     238.74431
   8 LSRC     22111024  698863.00000 6850795.00000   16.90   34.00    1.50     118.78120
   8 LSRC     22111824  698863.00000 6850795.00000   16.90   34.00    1.50     270.78482
   8 LSRC     22112424  698863.00000 6850795.00000   16.90   34.00    1.50     101.33706
   8 LSRC     22112708  698863.00000 6850795.00000   16.90   34.00    1.50      51.46717
   8 LSRC     22112724  698863.00000 6850795.00000   16.90   34.00    1.50      66.36939
   8 LSRC     22112808  698863.00000 6850795.00000   16.90   34.00    1.50      51.97861
   8 LSRC     22112824  698863.00000 6850795.00000   16.90   34.00    1.50      57.72332
   8 LSRC     22112908  698863.00000 6850795.00000   16.90   34.00    1.50      96.21671
   8 LSRC     22112924  698863.00000 6850795.00000   16.90   34.00    1.50      52.97039
   8 LSRC     22120124  698863.00000 6850795.00000   16.90   34.00    1.50     261.08207
   8 LSRC     22120308  698863.00000 6850795.00000   16.90   34.00    1.50      73.88074
   8 LSRC     22120408  698863.00000 6850795.00000   16.90   34.00    1.50      85.28815
   8 LSRC     22120508  698863.00000 6850795.00000   16.90   34.00    1.50    1148.68292
   8 LSRC     22120508  703863.00000 6860795.00000   34.50  446.00    1.50      77.66267
   8 LSRC     22120624  698863.00000 6850795.00000   16.90   34.00    1.50     149.32826
   8 LSRC     22120708  698863.00000 6850795.00000   16.90   34.00    1.50     301.93183
   8 LSRC     22120924  698863.00000 6850795.00000   16.90   34.00    1.50      51.91934
   8 LSRC     22121108  698863.00000 6850795.00000   16.90   34.00    1.50     195.33738
   8 LSRC     22121124  698863.00000 6845795.00000    4.90    4.90    1.50     131.24671
   8 LSRC     22121124  698863.00000 6850795.00000   16.90   34.00    1.50     202.36581
   8 LSRC     22121208  698863.00000 6850795.00000   16.90   34.00    1.50     110.70902
   8 LSRC     22121424  698863.00000 6850795.00000   16.90   34.00    1.50      89.60828
   8 LSRC     22121508  698863.00000 6850795.00000   16.90   34.00    1.50      53.87398
   8 LSRC     22121824  698863.00000 6850795.00000   16.90   34.00    1.50     131.38376
   8 LSRC     22122024  698863.00000 6850795.00000   16.90   34.00    1.50     448.78639
   8 LSRC     22122108  698863.00000 6850795.00000   16.90   34.00    1.50     378.16479
   8 LSRC     22122224  698863.00000 6850795.00000   16.90   34.00    1.50     213.62144
   8 LSRC     22122308  698863.00000 6850795.00000   16.90   34.00    1.50     405.10767
   8 LSRC     22122808  698863.00000 6850795.00000   16.90   34.00    1.50     224.97533
   8 LSRC     22122924  698863.00000 6850795.00000   16.90   34.00    1.50      53.80025
