* AERMOD (23132 ): anajuliawolmann                                                          11/14/24
* AERMET ( 23132):                                                                          13:41:23
* MODELING OPTIONS USED:   RegDFAULT  CONC  ELEV  FLGPOL  RURAL
*         MAXI-FILE FOR  8-HR VALUES >= A THRESHOLD OF    50.00    
*         FOR SOURCE GROUP: ASRC    
*         FORMAT: (1X,I3,1X,A8,1X,I8.8,2(1X,F13.5),3(1X,F7.2),1X,F13.5)
*AVE   GRP     DATE           X             Y        ZELEV   ZHILL   ZFLAG  AVERAGE CONC
*___ ________ ________  ____________  ____________  ______  ______  ______  ____________
   8 ASRC     22010208  698863.00000 6845795.00000    4.90    4.90    1.50     128.13620
   8 ASRC     22010208  698863.00000 6850795.00000   16.90   34.00    1.50     248.34908
   8 ASRC     22010308  698863.00000 6850795.00000   16.90   34.00    1.50     315.80995
   8 ASRC     22010324  698863.00000 6850795.00000   16.90   34.00    1.50     322.32961
   8 ASRC     22010408  698863.00000 6840795.00000    0.50    0.50    1.50      69.02028
   8 ASRC     22010408  698863.00000 6845795.00000    4.90    4.90    1.50     169.01706
   8 ASRC     22010408  698863.00000 6850795.00000   16.90   34.00    1.50     232.63200
   8 ASRC     22010416  698863.00000 6850795.00000   16.90   34.00    1.50      56.83590
   8 ASRC     22010424  698863.00000 6845795.00000    4.90    4.90    1.50      66.95215
   8 ASRC     22010424  698863.00000 6850795.00000   16.90   34.00    1.50     127.65369
   8 ASRC     22010516  698863.00000 6850795.00000   16.90   34.00    1.50      63.36201
   8 ASRC     22010724  698863.00000 6850795.00000   16.90   34.00    1.50      65.58707
   8 ASRC     22010808  703863.00000 6850795.00000    3.40  346.00    1.50     154.76922
   8 ASRC     22010808  703863.00000 6860795.00000   34.50  446.00    1.50      60.78107
   8 ASRC     22010824  698863.00000 6850795.00000   16.90   34.00    1.50     203.68738
   8 ASRC     22010908  698863.00000 6850795.00000   16.90   34.00    1.50     316.65166
   8 ASRC     22010924  698863.00000 6850795.00000   16.90   34.00    1.50     140.92840
   8 ASRC     22010924  703863.00000 6850795.00000    3.40  346.00    1.50      76.39207
   8 ASRC     22011008  698863.00000 6850795.00000   16.90   34.00    1.50     210.06022
   8 ASRC     22011108  698863.00000 6850795.00000   16.90   34.00    1.50     790.07601
   8 ASRC     22011108  698863.00000 6855795.00000    4.20    4.20    1.50      95.42219
   8 ASRC     22011124  698863.00000 6850795.00000   16.90   34.00    1.50    1052.83626
   8 ASRC     22011208  688863.00000 6840795.00000    6.50  237.00    1.50      54.64842
   8 ASRC     22011208  693863.00000 6845795.00000    4.40    4.40    1.50     288.44033
   8 ASRC     22011208  698863.00000 6850795.00000   16.90   34.00    1.50     636.42806
   8 ASRC     22011216  698863.00000 6850795.00000   16.90   34.00    1.50      82.48839
   8 ASRC     22011224  698863.00000 6850795.00000   16.90   34.00    1.50     330.23341
   8 ASRC     22011308  698863.00000 6850795.00000   16.90   34.00    1.50    3324.72216
   8 ASRC     22011308  698863.00000 6855795.00000    4.20    4.20    1.50     479.11683
   8 ASRC     22011308  698863.00000 6860795.00000   10.80  638.00    1.50     141.43860
   8 ASRC     22011324  698863.00000 6850795.00000   16.90   34.00    1.50      51.69041
   8 ASRC     22011408  698863.00000 6845795.00000    4.90    4.90    1.50      53.87726
   8 ASRC     22011408  698863.00000 6850795.00000   16.90   34.00    1.50     134.41463
   8 ASRC     22011708  698863.00000 6850795.00000   16.90   34.00    1.50      84.84892
   8 ASRC     22011724  698863.00000 6850795.00000   16.90   34.00    1.50     164.88788
   8 ASRC     22011808  703863.00000 6855795.00000   44.00  227.00    1.50      67.53690
   8 ASRC     22011824  698863.00000 6850795.00000   16.90   34.00    1.50     412.24893
   8 ASRC     22011908  693863.00000 6850795.00000    4.50  317.00    1.50      64.15472
   8 ASRC     22011908  698863.00000 6850795.00000   16.90   34.00    1.50    2174.76534
   8 ASRC     22011924  698863.00000 6850795.00000   16.90   34.00    1.50      65.49076
   8 ASRC     22012008  698863.00000 6850795.00000   16.90   34.00    1.50      65.44635
   8 ASRC     22012108  698863.00000 6845795.00000    4.90    4.90    1.50      58.69628
   8 ASRC     22012108  698863.00000 6850795.00000   16.90   34.00    1.50     152.88041
   8 ASRC     22012508  698863.00000 6845795.00000    4.90    4.90    1.50     111.29461
   8 ASRC     22012508  698863.00000 6850795.00000   16.90   34.00    1.50     231.17229
   8 ASRC     22012524  698863.00000 6840795.00000    0.50    0.50    1.50      72.37704
   8 ASRC     22012524  698863.00000 6845795.00000    4.90    4.90    1.50     228.48106
   8 ASRC     22012524  698863.00000 6850795.00000   16.90   34.00    1.50     259.73080
   8 ASRC     22012708  703863.00000 6850795.00000    3.40  346.00    1.50     158.48951
   8 ASRC     22012824  698863.00000 6840795.00000    0.50    0.50    1.50      51.53164
   8 ASRC     22012824  698863.00000 6845795.00000    4.90    4.90    1.50     169.31021
   8 ASRC     22012824  698863.00000 6850795.00000   16.90   34.00    1.50     229.95249
   8 ASRC     22012824  703863.00000 6850795.00000    3.40  346.00    1.50      53.50299
   8 ASRC     22012908  708863.00000 6840795.00000    0.30    0.30    1.50      67.62419
   8 ASRC     22012908  703863.00000 6845795.00000    1.00  276.00    1.50     179.79816
   8 ASRC     22013024  698863.00000 6850795.00000   16.90   34.00    1.50     382.67155
   8 ASRC     22013108  713863.00000 6840795.00000   -0.20   -0.20    1.50     300.87859
   8 ASRC     22013108  698863.00000 6845795.00000    4.90    4.90    1.50      55.40856
   8 ASRC     22013108  698863.00000 6850795.00000   16.90   34.00    1.50      81.21724
   8 ASRC     22013108  703863.00000 6850795.00000    3.40  346.00    1.50     369.84322
   8 ASRC     22013108  713863.00000 6850795.00000    0.00    0.00    1.50     107.33596
   8 ASRC     22013108  718863.00000 6850795.00000    6.60    6.60    1.50      71.38470
   8 ASRC     22013108  698863.00000 6855795.00000    4.20    4.20    1.50     111.82866
   8 ASRC     22013108  698863.00000 6860795.00000   10.80  638.00    1.50      88.62303
   8 ASRC     22013124  698863.00000 6850795.00000   16.90   34.00    1.50     907.21501
   8 ASRC     22020108  713863.00000 6845795.00000    0.00    0.00    1.50     331.44871
   8 ASRC     22020108  703863.00000 6850795.00000    3.40  346.00    1.50      87.99924
   8 ASRC     22020116  698863.00000 6850795.00000   16.90   34.00    1.50      61.39959
   8 ASRC     22020124  698863.00000 6850795.00000   16.90   34.00    1.50      85.14836
   8 ASRC     22020208  698863.00000 6850795.00000   16.90   34.00    1.50    1168.54062
   8 ASRC     22020208  703863.00000 6855795.00000   44.00  227.00    1.50     128.40373
   8 ASRC     22020208  708863.00000 6865795.00000    0.00    0.00    1.50      66.12772
   8 ASRC     22020308  698863.00000 6845795.00000    4.90    4.90    1.50      57.12409
   8 ASRC     22020308  698863.00000 6850795.00000   16.90   34.00    1.50     100.21454
   8 ASRC     22020408  698863.00000 6845795.00000    4.90    4.90    1.50     187.96490
   8 ASRC     22020408  698863.00000 6850795.00000   16.90   34.00    1.50     229.61870
   8 ASRC     22020424  698863.00000 6850795.00000   16.90   34.00    1.50      66.40675
   8 ASRC     22020524  698863.00000 6850795.00000   16.90   34.00    1.50     325.88254
   8 ASRC     22020608  698863.00000 6850795.00000   16.90   34.00    1.50    1547.92034
   8 ASRC     22020616  698863.00000 6850795.00000   16.90   34.00    1.50     107.39113
   8 ASRC     22020624  698863.00000 6850795.00000   16.90   34.00    1.50      56.94239
   8 ASRC     22020716  698863.00000 6850795.00000   16.90   34.00    1.50      55.92791
   8 ASRC     22020724  698863.00000 6850795.00000   16.90   34.00    1.50      95.58758
   8 ASRC     22020808  703863.00000 6850795.00000    3.40  346.00    1.50     154.70724
   8 ASRC     22020816  698863.00000 6850795.00000   16.90   34.00    1.50      67.58951
   8 ASRC     22020824  698863.00000 6850795.00000   16.90   34.00    1.50     141.10677
   8 ASRC     22020924  698863.00000 6850795.00000   16.90   34.00    1.50     305.35520
   8 ASRC     22021008  718863.00000 6840795.00000    0.00    0.00    1.50      57.48580
   8 ASRC     22021008  708863.00000 6845795.00000   -2.10   -2.10    1.50     213.37670
   8 ASRC     22021008  713863.00000 6845795.00000    0.00    0.00    1.50      78.76007
   8 ASRC     22021008  698863.00000 6850795.00000   16.90   34.00    1.50     679.65093
   8 ASRC     22021008  703863.00000 6850795.00000    3.40  346.00    1.50      60.01148
   8 ASRC     22021024  698863.00000 6850795.00000   16.90   34.00    1.50     901.14657
   8 ASRC     22021108  688863.00000 6845795.00000   36.60  356.00    1.50      83.86102
   8 ASRC     22021108  698863.00000 6850795.00000   16.90   34.00    1.50     849.24606
   8 ASRC     22021124  698863.00000 6850795.00000   16.90   34.00    1.50      62.59789
   8 ASRC     22021208  693863.00000 6840795.00000    0.00    0.00    1.50      54.52258
   8 ASRC     22021208  713863.00000 6840795.00000   -0.20   -0.20    1.50     103.32063
   8 ASRC     22021208  693863.00000 6845795.00000    4.40    4.40    1.50      52.17359
   8 ASRC     22021208  703863.00000 6850795.00000    3.40  346.00    1.50      50.07792
   8 ASRC     22021308  688863.00000 6845795.00000   36.60  356.00    1.50      54.03015
   8 ASRC     22021408  698863.00000 6850795.00000   16.90   34.00    1.50     413.41057
   8 ASRC     22021408  703863.00000 6855795.00000   44.00  227.00    1.50     124.48238
   8 ASRC     22021416  698863.00000 6850795.00000   16.90   34.00    1.50      82.65297
   8 ASRC     22021424  698863.00000 6850795.00000   16.90   34.00    1.50     112.89548
   8 ASRC     22021508  703863.00000 6860795.00000   34.50  446.00    1.50      91.21972
   8 ASRC     22021524  698863.00000 6850795.00000   16.90   34.00    1.50     131.12713
   8 ASRC     22021624  698863.00000 6850795.00000   16.90   34.00    1.50     692.05850
   8 ASRC     22021708  698863.00000 6850795.00000   16.90   34.00    1.50    1516.88513
   8 ASRC     22021708  703863.00000 6855795.00000   44.00  227.00    1.50     159.37224
   8 ASRC     22021708  708863.00000 6860795.00000    0.00    0.00    1.50     137.63646
   8 ASRC     22021708  713863.00000 6865795.00000   14.70  498.00    1.50      75.73696
   8 ASRC     22021724  698863.00000 6850795.00000   16.90   34.00    1.50     383.63832
   8 ASRC     22021808  703863.00000 6855795.00000   44.00  227.00    1.50      59.36677
   8 ASRC     22021824  693863.00000 6850795.00000    4.50  317.00    1.50      99.30592
   8 ASRC     22021824  698863.00000 6850795.00000   16.90   34.00    1.50     579.36370
   8 ASRC     22021908  708863.00000 6845795.00000   -2.10   -2.10    1.50      76.56440
   8 ASRC     22021908  713863.00000 6845795.00000    0.00    0.00    1.50      93.21027
   8 ASRC     22021924  693863.00000 6840795.00000    0.00    0.00    1.50      56.09962
   8 ASRC     22021924  698863.00000 6850795.00000   16.90   34.00    1.50      53.03666
   8 ASRC     22022008  703863.00000 6835795.00000   -3.00   -3.00    1.50      55.13184
   8 ASRC     22022008  693863.00000 6845795.00000    4.40    4.40    1.50      65.90892
   8 ASRC     22022124  698863.00000 6850795.00000   16.90   34.00    1.50     145.91639
   8 ASRC     22022208  713863.00000 6840795.00000   -0.20   -0.20    1.50     102.79162
   8 ASRC     22022208  703863.00000 6850795.00000    3.40  346.00    1.50     323.73792
   8 ASRC     22022208  713863.00000 6850795.00000    0.00    0.00    1.50      58.51337
   8 ASRC     22022308  718863.00000 6845795.00000    5.50   10.00    1.50      66.33303
   8 ASRC     22022308  698863.00000 6850795.00000   16.90   34.00    1.50     948.25282
   8 ASRC     22022308  703863.00000 6850795.00000    3.40  346.00    1.50     140.40515
   8 ASRC     22022316  698863.00000 6850795.00000   16.90   34.00    1.50      65.51028
   8 ASRC     22022324  698863.00000 6850795.00000   16.90   34.00    1.50     292.98562
   8 ASRC     22022424  698863.00000 6850795.00000   16.90   34.00    1.50     148.27117
   8 ASRC     22022524  698863.00000 6850795.00000   16.90   34.00    1.50      72.46822
   8 ASRC     22022624  698863.00000 6850795.00000   16.90   34.00    1.50     188.98022
   8 ASRC     22022708  698863.00000 6845795.00000    4.90    4.90    1.50      58.71572
   8 ASRC     22022708  698863.00000 6850795.00000   16.90   34.00    1.50     136.60601
   8 ASRC     22022824  698863.00000 6845795.00000    4.90    4.90    1.50      55.55753
   8 ASRC     22022824  698863.00000 6850795.00000   16.90   34.00    1.50      85.61251
   8 ASRC     22030108  708863.00000 6845795.00000   -2.10   -2.10    1.50      54.45889
   8 ASRC     22030116  698863.00000 6850795.00000   16.90   34.00    1.50      72.47561
   8 ASRC     22030208  703863.00000 6850795.00000    3.40  346.00    1.50     263.26595
   8 ASRC     22030208  708863.00000 6855795.00000    0.00    0.00    1.50      66.76440
   8 ASRC     22030308  718863.00000 6845795.00000    5.50   10.00    1.50      80.60075
   8 ASRC     22030316  698863.00000 6850795.00000   16.90   34.00    1.50      75.79276
   8 ASRC     22030324  698863.00000 6850795.00000   16.90   34.00    1.50      52.21618
   8 ASRC     22030324  703863.00000 6850795.00000    3.40  346.00    1.50      51.10929
   8 ASRC     22030408  703863.00000 6845795.00000    1.00  276.00    1.50      72.83697
   8 ASRC     22030408  698863.00000 6850795.00000   16.90   34.00    1.50     125.51595
   8 ASRC     22030408  703863.00000 6850795.00000    3.40  346.00    1.50     243.43033
   8 ASRC     22030408  713863.00000 6850795.00000    0.00    0.00    1.50      77.47205
   8 ASRC     22030408  718863.00000 6850795.00000    6.60    6.60    1.50      61.56023
   8 ASRC     22030408  698863.00000 6855795.00000    4.20    4.20    1.50      68.46495
   8 ASRC     22030408  688863.00000 6865795.00000   41.40  569.00    1.50      73.40382
   8 ASRC     22030424  698863.00000 6850795.00000   16.90   34.00    1.50     267.15141
   8 ASRC     22030508  698863.00000 6845795.00000    4.90    4.90    1.50      92.98955
   8 ASRC     22030508  698863.00000 6850795.00000   16.90   34.00    1.50     155.16633
   8 ASRC     22030524  698863.00000 6850795.00000   16.90   34.00    1.50      61.68729
   8 ASRC     22030708  713863.00000 6860795.00000    0.00    0.00    1.50      79.69358
   8 ASRC     22030708  718863.00000 6865795.00000    0.00  222.00    1.50      77.75798
   8 ASRC     22030808  698863.00000 6850795.00000   16.90   34.00    1.50     758.41112
   8 ASRC     22030824  698863.00000 6850795.00000   16.90   34.00    1.50      97.60494
   8 ASRC     22030908  703863.00000 6850795.00000    3.40  346.00    1.50     171.82045
   8 ASRC     22030916  698863.00000 6850795.00000   16.90   34.00    1.50      69.56585
   8 ASRC     22030924  698863.00000 6850795.00000   16.90   34.00    1.50     985.44718
   8 ASRC     22031008  698863.00000 6850795.00000   16.90   34.00    1.50     381.69935
   8 ASRC     22031008  708863.00000 6855795.00000    0.00    0.00    1.50     161.94599
   8 ASRC     22031008  718863.00000 6860795.00000    0.00    0.00    1.50      54.91496
   8 ASRC     22031116  698863.00000 6850795.00000   16.90   34.00    1.50      73.15796
   8 ASRC     22031124  698863.00000 6850795.00000   16.90   34.00    1.50      56.80166
   8 ASRC     22031424  698863.00000 6850795.00000   16.90   34.00    1.50      57.88233
   8 ASRC     22031508  698863.00000 6855795.00000    4.20    4.20    1.50      94.24664
   8 ASRC     22031508  698863.00000 6860795.00000   10.80  638.00    1.50      61.42874
   8 ASRC     22031524  698863.00000 6850795.00000   16.90   34.00    1.50     359.85864
   8 ASRC     22031608  698863.00000 6850795.00000   16.90   34.00    1.50     398.57039
   8 ASRC     22031708  703863.00000 6845795.00000    1.00  276.00    1.50      92.17044
   8 ASRC     22031708  713863.00000 6845795.00000    0.00    0.00    1.50      98.08850
   8 ASRC     22031724  698863.00000 6850795.00000   16.90   34.00    1.50    1448.44793
   8 ASRC     22031724  703863.00000 6850795.00000    3.40  346.00    1.50      87.07979
   8 ASRC     22031808  703863.00000 6840795.00000    2.80    2.80    1.50      55.78930
   8 ASRC     22031824  708863.00000 6840795.00000    0.30    0.30    1.50      53.11600
   8 ASRC     22031824  703863.00000 6845795.00000    1.00  276.00    1.50     168.02048
   8 ASRC     22031908  703863.00000 6845795.00000    1.00  276.00    1.50      68.48031
   8 ASRC     22031908  703863.00000 6850795.00000    3.40  346.00    1.50     116.41327
   8 ASRC     22032124  698863.00000 6850795.00000   16.90   34.00    1.50     169.95148
   8 ASRC     22032208  703863.00000 6850795.00000    3.40  346.00    1.50     142.36160
   8 ASRC     22032208  708863.00000 6855795.00000    0.00    0.00    1.50      61.09183
   8 ASRC     22032324  698863.00000 6850795.00000   16.90   34.00    1.50      65.90695
   8 ASRC     22032524  703863.00000 6840795.00000    2.80    2.80    1.50     119.08446
   8 ASRC     22032524  698863.00000 6850795.00000   16.90   34.00    1.50     313.47357
   8 ASRC     22032624  698863.00000 6850795.00000   16.90   34.00    1.50      91.73346
   8 ASRC     22032724  688863.00000 6825795.00000   38.10   45.00    1.50     111.66151
   8 ASRC     22032724  698863.00000 6850795.00000   16.90   34.00    1.50     628.05968
   8 ASRC     22032724  698863.00000 6855795.00000    4.20    4.20    1.50     184.64107
   8 ASRC     22032724  698863.00000 6860795.00000   10.80  638.00    1.50      72.07921
   8 ASRC     22032808  703863.00000 6855795.00000   44.00  227.00    1.50     192.36837
   8 ASRC     22032808  708863.00000 6855795.00000    0.00    0.00    1.50      95.03511
   8 ASRC     22032808  708863.00000 6860795.00000    0.00    0.00    1.50      73.78131
   8 ASRC     22032808  713863.00000 6860795.00000    0.00    0.00    1.50      87.05282
   8 ASRC     22032808  718863.00000 6865795.00000    0.00  222.00    1.50      50.94962
   8 ASRC     22032816  698863.00000 6850795.00000   16.90   34.00    1.50      60.09090
   8 ASRC     22032824  698863.00000 6850795.00000   16.90   34.00    1.50    1839.95320
   8 ASRC     22032908  693863.00000 6825795.00000   41.60   41.60    1.50     120.50085
   8 ASRC     22032908  693863.00000 6830795.00000   14.00   14.00    1.50     121.09698
   8 ASRC     22032908  698863.00000 6840795.00000    0.50    0.50    1.50      58.97853
   8 ASRC     22032908  698863.00000 6845795.00000    4.90    4.90    1.50     847.62026
   8 ASRC     22032908  703863.00000 6845795.00000    1.00  276.00    1.50     136.42922
   8 ASRC     22032908  693863.00000 6850795.00000    4.50  317.00    1.50     170.68745
   8 ASRC     22032908  698863.00000 6850795.00000   16.90   34.00    1.50    2231.21361
   8 ASRC     22033024  693863.00000 6850795.00000    4.50  317.00    1.50      70.64651
   8 ASRC     22033024  698863.00000 6850795.00000   16.90   34.00    1.50     680.87657
   8 ASRC     22040124  698863.00000 6850795.00000   16.90   34.00    1.50      62.20512
   8 ASRC     22040224  703863.00000 6855795.00000   44.00  227.00    1.50      66.47453
   8 ASRC     22040308  698863.00000 6850795.00000   16.90   34.00    1.50     198.04820
   8 ASRC     22040308  703863.00000 6855795.00000   44.00  227.00    1.50      99.59495
   8 ASRC     22040308  708863.00000 6855795.00000    0.00    0.00    1.50     132.41500
   8 ASRC     22040308  708863.00000 6860795.00000    0.00    0.00    1.50      62.80381
   8 ASRC     22040308  708863.00000 6865795.00000    0.00    0.00    1.50      64.86031
   8 ASRC     22040324  713863.00000 6840795.00000   -0.20   -0.20    1.50      68.85575
   8 ASRC     22040324  708863.00000 6845795.00000   -2.10   -2.10    1.50      57.39853
   8 ASRC     22040408  703863.00000 6840795.00000    2.80    2.80    1.50      50.05623
   8 ASRC     22040508  698863.00000 6855795.00000    4.20    4.20    1.50      60.06237
   8 ASRC     22040524  698863.00000 6850795.00000   16.90   34.00    1.50      74.87383
   8 ASRC     22040608  698863.00000 6845795.00000    4.90    4.90    1.50      51.21903
   8 ASRC     22040608  698863.00000 6850795.00000   16.90   34.00    1.50     216.82762
   8 ASRC     22040608  703863.00000 6850795.00000    3.40  346.00    1.50      50.33861
   8 ASRC     22040616  698863.00000 6850795.00000   16.90   34.00    1.50      90.32534
   8 ASRC     22040624  698863.00000 6850795.00000   16.90   34.00    1.50     276.90861
   8 ASRC     22040708  698863.00000 6850795.00000   16.90   34.00    1.50     239.53978
   8 ASRC     22040708  698863.00000 6855795.00000    4.20    4.20    1.50      67.47203
   8 ASRC     22040708  703863.00000 6855795.00000   44.00  227.00    1.50      83.82661
   8 ASRC     22040708  708863.00000 6860795.00000    0.00    0.00    1.50      77.53042
   8 ASRC     22040708  693863.00000 6865795.00000   81.10  532.00    1.50     108.36723
   8 ASRC     22040708  713863.00000 6865795.00000   14.70  498.00    1.50      69.18415
   8 ASRC     22040708  718863.00000 6870795.00000   43.40  263.00    1.50      61.99468
   8 ASRC     22040724  698863.00000 6850795.00000   16.90   34.00    1.50     852.43550
   8 ASRC     22040808  698863.00000 6850795.00000   16.90   34.00    1.50     111.14070
   8 ASRC     22040824  703863.00000 6840795.00000    2.80    2.80    1.50     107.38093
   8 ASRC     22040824  703863.00000 6845795.00000    1.00  276.00    1.50     124.82906
   8 ASRC     22040824  708863.00000 6845795.00000   -2.10   -2.10    1.50      79.26856
   8 ASRC     22040908  713863.00000 6840795.00000   -0.20   -0.20    1.50      61.46910
   8 ASRC     22040916  698863.00000 6850795.00000   16.90   34.00    1.50      65.06017
   8 ASRC     22040924  698863.00000 6850795.00000   16.90   34.00    1.50     144.31466
   8 ASRC     22041024  698863.00000 6850795.00000   16.90   34.00    1.50     312.01996
   8 ASRC     22041108  698863.00000 6850795.00000   16.90   34.00    1.50     715.90493
   8 ASRC     22041108  703863.00000 6850795.00000    3.40  346.00    1.50     153.73564
   8 ASRC     22041124  698863.00000 6850795.00000   16.90   34.00    1.50      57.72466
   8 ASRC     22041208  698863.00000 6840795.00000    0.50    0.50    1.50      55.24479
   8 ASRC     22041208  698863.00000 6845795.00000    4.90    4.90    1.50     106.56343
   8 ASRC     22041208  698863.00000 6850795.00000   16.90   34.00    1.50     269.85523
   8 ASRC     22041224  713863.00000 6845795.00000    0.00    0.00    1.50      65.58476
   8 ASRC     22041224  698863.00000 6850795.00000   16.90   34.00    1.50     286.56028
   8 ASRC     22041308  703863.00000 6845795.00000    1.00  276.00    1.50      56.60213
   8 ASRC     22041308  708863.00000 6845795.00000   -2.10   -2.10    1.50     248.23295
   8 ASRC     22041308  713863.00000 6845795.00000    0.00    0.00    1.50      68.31021
   8 ASRC     22041308  698863.00000 6850795.00000   16.90   34.00    1.50      91.50053
   8 ASRC     22041308  703863.00000 6850795.00000    3.40  346.00    1.50      66.87051
   8 ASRC     22041708  718863.00000 6835795.00000    0.00    0.00    1.50      53.89657
   8 ASRC     22041708  703863.00000 6850795.00000    3.40  346.00    1.50     109.54091
   8 ASRC     22041724  698863.00000 6855795.00000    4.20    4.20    1.50     272.28988
   8 ASRC     22041724  698863.00000 6860795.00000   10.80  638.00    1.50     135.22295
   8 ASRC     22041824  698863.00000 6850795.00000   16.90   34.00    1.50     188.04594
   8 ASRC     22041908  713863.00000 6835795.00000    0.00    0.00    1.50      56.65564
   8 ASRC     22041908  708863.00000 6840795.00000    0.30    0.30    1.50     107.11026
   8 ASRC     22041908  713863.00000 6840795.00000   -0.20   -0.20    1.50      67.22913
   8 ASRC     22041908  703863.00000 6845795.00000    1.00  276.00    1.50     327.58828
   8 ASRC     22041908  703863.00000 6850795.00000    3.40  346.00    1.50      87.65725
   8 ASRC     22041924  698863.00000 6850795.00000   16.90   34.00    1.50     250.22786
   8 ASRC     22042008  703863.00000 6840795.00000    2.80    2.80    1.50      62.94231
   8 ASRC     22042008  703863.00000 6850795.00000    3.40  346.00    1.50     128.34047
   8 ASRC     22042024  698863.00000 6850795.00000   16.90   34.00    1.50    2929.86478
   8 ASRC     22042108  683863.00000 6825795.00000   45.30   50.00    1.50      75.15793
   8 ASRC     22042108  718863.00000 6835795.00000    0.00    0.00    1.50      55.05459
   8 ASRC     22042108  693863.00000 6840795.00000    0.00    0.00    1.50     170.46633
   8 ASRC     22042108  718863.00000 6840795.00000    0.00    0.00    1.50     276.39260
   8 ASRC     22042108  708863.00000 6845795.00000   -2.10   -2.10    1.50     612.40427
   8 ASRC     22042108  698863.00000 6850795.00000   16.90   34.00    1.50     687.97032
   8 ASRC     22042408  703863.00000 6850795.00000    3.40  346.00    1.50      68.21447
   8 ASRC     22042408  708863.00000 6855795.00000    0.00    0.00    1.50      94.27646
   8 ASRC     22042424  698863.00000 6850795.00000   16.90   34.00    1.50     123.92895
   8 ASRC     22042908  698863.00000 6850795.00000   16.90   34.00    1.50      78.45274
   8 ASRC     22043024  698863.00000 6845795.00000    4.90    4.90    1.50      92.46366
   8 ASRC     22043024  698863.00000 6850795.00000   16.90   34.00    1.50     183.50091
   8 ASRC     22050124  698863.00000 6850795.00000   16.90   34.00    1.50     342.16963
   8 ASRC     22050208  698863.00000 6850795.00000   16.90   34.00    1.50      53.66389
   8 ASRC     22050308  698863.00000 6850795.00000   16.90   34.00    1.50     136.43074
   8 ASRC     22050316  698863.00000 6850795.00000   16.90   34.00    1.50      59.67981
   8 ASRC     22050324  713863.00000 6845795.00000    0.00    0.00    1.50      99.69114
   8 ASRC     22050408  698863.00000 6850795.00000   16.90   34.00    1.50      57.23340
   8 ASRC     22050624  698863.00000 6850795.00000   16.90   34.00    1.50     134.91614
   8 ASRC     22050624  698863.00000 6855795.00000    4.20    4.20    1.50      63.85420
   8 ASRC     22050708  708863.00000 6845795.00000   -2.10   -2.10    1.50      92.92937
   8 ASRC     22050708  713863.00000 6845795.00000    0.00    0.00    1.50      69.76722
   8 ASRC     22050708  718863.00000 6845795.00000    5.50   10.00    1.50      90.63291
   8 ASRC     22050708  703863.00000 6850795.00000    3.40  346.00    1.50      97.68283
   8 ASRC     22050716  698863.00000 6850795.00000   16.90   34.00    1.50      59.49838
   8 ASRC     22050924  698863.00000 6850795.00000   16.90   34.00    1.50      53.43821
   8 ASRC     22051008  718863.00000 6835795.00000    0.00    0.00    1.50      75.12091
   8 ASRC     22051008  713863.00000 6840795.00000   -0.20   -0.20    1.50      74.33369
   8 ASRC     22051008  698863.00000 6850795.00000   16.90   34.00    1.50    1266.25310
   8 ASRC     22051008  678863.00000 6865795.00000   55.50  291.00    1.50      60.51000
   8 ASRC     22051108  698863.00000 6850795.00000   16.90   34.00    1.50      85.67931
   8 ASRC     22051124  698863.00000 6850795.00000   16.90   34.00    1.50     184.33321
   8 ASRC     22051224  698863.00000 6850795.00000   16.90   34.00    1.50     187.98040
   8 ASRC     22051308  703863.00000 6850795.00000    3.40  346.00    1.50     193.62838
   8 ASRC     22051324  718863.00000 6835795.00000    0.00    0.00    1.50     234.45619
   8 ASRC     22051324  698863.00000 6850795.00000   16.90   34.00    1.50     347.34072
   8 ASRC     22051324  698863.00000 6855795.00000    4.20    4.20    1.50     188.05858
   8 ASRC     22051408  693863.00000 6840795.00000    0.00    0.00    1.50      81.95743
   8 ASRC     22051408  703863.00000 6845795.00000    1.00  276.00    1.50     128.80006
   8 ASRC     22051408  698863.00000 6850795.00000   16.90   34.00    1.50      69.86744
   8 ASRC     22051408  703863.00000 6850795.00000    3.40  346.00    1.50     291.92022
   8 ASRC     22051424  688863.00000 6825795.00000   38.10   45.00    1.50      60.81866
   8 ASRC     22051424  698863.00000 6850795.00000   16.90   34.00    1.50     232.43062
   8 ASRC     22051508  713863.00000 6830795.00000    0.00    0.00    1.50      84.24757
   8 ASRC     22051508  708863.00000 6835795.00000   -3.00   -3.00    1.50     114.35333
   8 ASRC     22051508  708863.00000 6855795.00000    0.00    0.00    1.50      73.04213
   8 ASRC     22051524  693863.00000 6845795.00000    4.40    4.40    1.50      50.31673
   8 ASRC     22051524  698863.00000 6850795.00000   16.90   34.00    1.50     251.13237
   8 ASRC     22051608  698863.00000 6850795.00000   16.90   34.00    1.50     172.06068
   8 ASRC     22051616  698863.00000 6850795.00000   16.90   34.00    1.50      53.15203
   8 ASRC     22051624  698863.00000 6850795.00000   16.90   34.00    1.50     451.86662
   8 ASRC     22052124  698863.00000 6850795.00000   16.90   34.00    1.50     890.02348
   8 ASRC     22052308  708863.00000 6845795.00000   -2.10   -2.10    1.50      79.59446
   8 ASRC     22052408  698863.00000 6850795.00000   16.90   34.00    1.50    1682.84240
   8 ASRC     22052624  698863.00000 6850795.00000   16.90   34.00    1.50     938.31719
   8 ASRC     22052708  693863.00000 6850795.00000    4.50  317.00    1.50     232.54744
   8 ASRC     22052708  698863.00000 6850795.00000   16.90   34.00    1.50     938.04781
   8 ASRC     22052708  703863.00000 6850795.00000    3.40  346.00    1.50     204.52537
   8 ASRC     22052708  713863.00000 6850795.00000    0.00    0.00    1.50      78.33228
   8 ASRC     22052708  718863.00000 6850795.00000    6.60    6.60    1.50      57.44345
   8 ASRC     22052708  673863.00000 6855795.00000   85.60  513.00    1.50      91.66762
   8 ASRC     22052708  698863.00000 6855795.00000    4.20    4.20    1.50     335.64966
   8 ASRC     22052724  703863.00000 6845795.00000    1.00  276.00    1.50     153.85338
   8 ASRC     22052808  698863.00000 6840795.00000    0.50    0.50    1.50      52.11227
   8 ASRC     22052808  698863.00000 6845795.00000    4.90    4.90    1.50     114.79066
   8 ASRC     22052808  698863.00000 6850795.00000   16.90   34.00    1.50     207.06835
   8 ASRC     22052808  703863.00000 6850795.00000    3.40  346.00    1.50     140.64070
   8 ASRC     22052824  713863.00000 6840795.00000   -0.20   -0.20    1.50      61.04730
   8 ASRC     22052824  698863.00000 6850795.00000   16.90   34.00    1.50     612.95422
   8 ASRC     22052924  698863.00000 6850795.00000   16.90   34.00    1.50     253.62159
   8 ASRC     22053008  698863.00000 6850795.00000   16.90   34.00    1.50     744.58392
   8 ASRC     22053108  698863.00000 6850795.00000   16.90   34.00    1.50      50.23750
   8 ASRC     22060108  713863.00000 6840795.00000   -0.20   -0.20    1.50      60.05801
   8 ASRC     22060108  708863.00000 6845795.00000   -2.10   -2.10    1.50     113.18857
   8 ASRC     22060108  703863.00000 6850795.00000    3.40  346.00    1.50     214.11441
   8 ASRC     22060108  718863.00000 6855795.00000   10.40   10.40    1.50      54.72391
   8 ASRC     22060124  703863.00000 6840795.00000    2.80    2.80    1.50      92.84536
   8 ASRC     22060124  698863.00000 6850795.00000   16.90   34.00    1.50    1102.56277
   8 ASRC     22060124  703863.00000 6855795.00000   44.00  227.00    1.50     129.36897
   8 ASRC     22060208  698863.00000 6850795.00000   16.90   34.00    1.50     114.83363
   8 ASRC     22060208  703863.00000 6850795.00000    3.40  346.00    1.50     116.09858
   8 ASRC     22060208  713863.00000 6855795.00000    0.00    0.00    1.50     105.33865
   8 ASRC     22060208  718863.00000 6855795.00000   10.40   10.40    1.50      53.41148
   8 ASRC     22060324  698863.00000 6850795.00000   16.90   34.00    1.50     133.43243
   8 ASRC     22060408  703863.00000 6850795.00000    3.40  346.00    1.50      83.10585
   8 ASRC     22060424  688863.00000 6845795.00000   36.60  356.00    1.50      93.83992
   8 ASRC     22060424  698863.00000 6850795.00000   16.90   34.00    1.50     155.91894
   8 ASRC     22060424  708863.00000 6855795.00000    0.00    0.00    1.50      54.05946
   8 ASRC     22060508  703863.00000 6840795.00000    2.80    2.80    1.50      71.86106
   8 ASRC     22060508  708863.00000 6845795.00000   -2.10   -2.10    1.50      59.35990
   8 ASRC     22060624  698863.00000 6850795.00000   16.90   34.00    1.50      96.76507
   8 ASRC     22060708  698863.00000 6850795.00000   16.90   34.00    1.50     141.64601
   8 ASRC     22060824  688863.00000 6845795.00000   36.60  356.00    1.50      88.83236
   8 ASRC     22060824  698863.00000 6850795.00000   16.90   34.00    1.50     211.05969
   8 ASRC     22060908  708863.00000 6840795.00000    0.30    0.30    1.50      52.74281
   8 ASRC     22060908  703863.00000 6845795.00000    1.00  276.00    1.50     162.84804
   8 ASRC     22060908  703863.00000 6850795.00000    3.40  346.00    1.50      79.21712
   8 ASRC     22060924  713863.00000 6840795.00000   -0.20   -0.20    1.50     266.08543
   8 ASRC     22060924  698863.00000 6850795.00000   16.90   34.00    1.50     498.22137
   8 ASRC     22060924  703863.00000 6850795.00000    3.40  346.00    1.50      56.96785
   8 ASRC     22061008  713863.00000 6840795.00000   -0.20   -0.20    1.50      63.17425
   8 ASRC     22061008  718863.00000 6840795.00000    0.00    0.00    1.50     113.88018
   8 ASRC     22061008  698863.00000 6845795.00000    4.90    4.90    1.50      55.40167
   8 ASRC     22061008  708863.00000 6845795.00000   -2.10   -2.10    1.50     293.53937
   8 ASRC     22061008  698863.00000 6850795.00000   16.90   34.00    1.50     837.65526
   8 ASRC     22061008  703863.00000 6850795.00000    3.40  346.00    1.50     235.32752
   8 ASRC     22061016  713863.00000 6845795.00000    0.00    0.00    1.50     115.77787
   8 ASRC     22061016  698863.00000 6850795.00000   16.90   34.00    1.50      52.23622
   8 ASRC     22061324  698863.00000 6850795.00000   16.90   34.00    1.50     769.27636
   8 ASRC     22061408  703863.00000 6850795.00000    3.40  346.00    1.50      50.25062
   8 ASRC     22061424  698863.00000 6850795.00000   16.90   34.00    1.50     136.23279
   8 ASRC     22061508  698863.00000 6845795.00000    4.90    4.90    1.50      57.35899
   8 ASRC     22061508  698863.00000 6850795.00000   16.90   34.00    1.50     109.59612
   8 ASRC     22061524  698863.00000 6850795.00000   16.90   34.00    1.50      81.61220
   8 ASRC     22061724  698863.00000 6850795.00000   16.90   34.00    1.50      99.07853
   8 ASRC     22061824  698863.00000 6850795.00000   16.90   34.00    1.50      65.05341
   8 ASRC     22061908  708863.00000 6840795.00000    0.30    0.30    1.50      73.71051
   8 ASRC     22061908  713863.00000 6840795.00000   -0.20   -0.20    1.50      51.59593
   8 ASRC     22061908  703863.00000 6845795.00000    1.00  276.00    1.50     213.84040
   8 ASRC     22061908  708863.00000 6845795.00000   -2.10   -2.10    1.50      55.26520
   8 ASRC     22061908  703863.00000 6855795.00000   44.00  227.00    1.50      92.96771
   8 ASRC     22062124  708863.00000 6845795.00000   -2.10   -2.10    1.50      63.43752
   8 ASRC     22062124  698863.00000 6855795.00000    4.20    4.20    1.50     324.73449
   8 ASRC     22062124  693863.00000 6860795.00000    8.00  532.00    1.50      58.04620
   8 ASRC     22062124  698863.00000 6860795.00000   10.80  638.00    1.50     231.34349
   8 ASRC     22062208  708863.00000 6845795.00000   -2.10   -2.10    1.50      50.21062
   8 ASRC     22062224  693863.00000 6850795.00000    4.50  317.00    1.50     101.28522
   8 ASRC     22062224  698863.00000 6850795.00000   16.90   34.00    1.50     780.01827
   8 ASRC     22062224  698863.00000 6855795.00000    4.20    4.20    1.50     119.39218
   8 ASRC     22062308  693863.00000 6850795.00000    4.50  317.00    1.50     103.24277
   8 ASRC     22062308  698863.00000 6850795.00000   16.90   34.00    1.50     913.56642
   8 ASRC     22062308  703863.00000 6860795.00000   34.50  446.00    1.50      70.42838
   8 ASRC     22062324  698863.00000 6850795.00000   16.90   34.00    1.50     457.89649
   8 ASRC     22062408  698863.00000 6855795.00000    4.20    4.20    1.50      61.46489
   8 ASRC     22062424  698863.00000 6850795.00000   16.90   34.00    1.50     704.31837
   8 ASRC     22062508  703863.00000 6845795.00000    1.00  276.00    1.50     124.37617
   8 ASRC     22062508  698863.00000 6850795.00000   16.90   34.00    1.50     765.78256
   8 ASRC     22062624  693863.00000 6850795.00000    4.50  317.00    1.50     168.57736
   8 ASRC     22062624  698863.00000 6850795.00000   16.90   34.00    1.50     842.63847
   8 ASRC     22062708  703863.00000 6845795.00000    1.00  276.00    1.50      95.94432
   8 ASRC     22062924  698863.00000 6850795.00000   16.90   34.00    1.50     344.69698
   8 ASRC     22070124  698863.00000 6850795.00000   16.90   34.00    1.50      51.57213
   8 ASRC     22070208  698863.00000 6850795.00000   16.90   34.00    1.50      66.38838
   8 ASRC     22070316  698863.00000 6850795.00000   16.90   34.00    1.50     135.71318
   8 ASRC     22070324  698863.00000 6850795.00000   16.90   34.00    1.50     106.71104
   8 ASRC     22070408  718863.00000 6840795.00000    0.00    0.00    1.50      60.55895
   8 ASRC     22070408  698863.00000 6845795.00000    4.90    4.90    1.50      83.07281
   8 ASRC     22070408  703863.00000 6845795.00000    1.00  276.00    1.50     107.18884
   8 ASRC     22070408  708863.00000 6845795.00000   -2.10   -2.10    1.50     150.34130
   8 ASRC     22070408  693863.00000 6850795.00000    4.50  317.00    1.50      92.67581
   8 ASRC     22070408  698863.00000 6850795.00000   16.90   34.00    1.50     664.19262
   8 ASRC     22070524  698863.00000 6850795.00000   16.90   34.00    1.50    1052.28769
   8 ASRC     22070824  698863.00000 6850795.00000   16.90   34.00    1.50     140.39578
   8 ASRC     22070908  698863.00000 6830795.00000   -1.70   -1.70    1.50      65.07942
   8 ASRC     22070908  698863.00000 6835795.00000    4.10    4.10    1.50     111.29892
   8 ASRC     22070908  698863.00000 6840795.00000    0.50    0.50    1.50     202.57050
   8 ASRC     22070908  698863.00000 6845795.00000    4.90    4.90    1.50     455.48452
   8 ASRC     22070908  703863.00000 6845795.00000    1.00  276.00    1.50     104.49016
   8 ASRC     22070908  713863.00000 6845795.00000    0.00    0.00    1.50     219.72766
   8 ASRC     22070908  698863.00000 6850795.00000   16.90   34.00    1.50     654.84209
   8 ASRC     22071224  698863.00000 6850795.00000   16.90   34.00    1.50     128.87145
   8 ASRC     22071308  698863.00000 6850795.00000   16.90   34.00    1.50     675.75489
   8 ASRC     22071308  698863.00000 6855795.00000    4.20    4.20    1.50      79.31430
   8 ASRC     22071324  713863.00000 6845795.00000    0.00    0.00    1.50      68.49391
   8 ASRC     22071324  718863.00000 6845795.00000    5.50   10.00    1.50      54.80335
   8 ASRC     22071324  703863.00000 6850795.00000    3.40  346.00    1.50     263.39811
   8 ASRC     22071324  713863.00000 6850795.00000    0.00    0.00    1.50      95.40209
   8 ASRC     22071324  718863.00000 6850795.00000    6.60    6.60    1.50      70.14356
   8 ASRC     22071424  713863.00000 6840795.00000   -0.20   -0.20    1.50      60.52907
   8 ASRC     22071424  703863.00000 6845795.00000    1.00  276.00    1.50      73.22884
   8 ASRC     22071724  698863.00000 6850795.00000   16.90   34.00    1.50     854.35891
   8 ASRC     22071808  718863.00000 6835795.00000    0.00    0.00    1.50      99.60172
   8 ASRC     22071808  698863.00000 6855795.00000    4.20    4.20    1.50     176.63075
   8 ASRC     22071908  703863.00000 6845795.00000    1.00  276.00    1.50      82.37900
   8 ASRC     22071924  698863.00000 6850795.00000   16.90   34.00    1.50     123.87374
   8 ASRC     22072008  703863.00000 6850795.00000    3.40  346.00    1.50     250.26077
   8 ASRC     22072024  698863.00000 6830795.00000   -1.70   -1.70    1.50      55.89370
   8 ASRC     22072024  698863.00000 6835795.00000    4.10    4.10    1.50      86.97488
   8 ASRC     22072024  698863.00000 6840795.00000    0.50    0.50    1.50     154.72350
   8 ASRC     22072024  698863.00000 6845795.00000    4.90    4.90    1.50     338.71386
   8 ASRC     22072024  698863.00000 6850795.00000   16.90   34.00    1.50     487.08714
   8 ASRC     22072324  698863.00000 6850795.00000   16.90   34.00    1.50     154.63470
   8 ASRC     22072608  698863.00000 6850795.00000   16.90   34.00    1.50     101.48637
   8 ASRC     22072908  693863.00000 6850795.00000    4.50  317.00    1.50      62.59476
   8 ASRC     22072908  698863.00000 6850795.00000   16.90   34.00    1.50     518.10775
   8 ASRC     22073024  698863.00000 6850795.00000   16.90   34.00    1.50     537.52828
   8 ASRC     22080208  678863.00000 6825795.00000    4.20    4.20    1.50      71.24496
   8 ASRC     22080208  683863.00000 6830795.00000   17.30   17.30    1.50      71.24393
   8 ASRC     22080208  703863.00000 6850795.00000    3.40  346.00    1.50     156.93398
   8 ASRC     22080224  698863.00000 6850795.00000   16.90   34.00    1.50     789.63070
   8 ASRC     22080224  693863.00000 6870795.00000   30.30  513.00    1.50      86.07302
   8 ASRC     22080308  698863.00000 6845795.00000    4.90    4.90    1.50      50.90876
   8 ASRC     22080308  698863.00000 6850795.00000   16.90   34.00    1.50      78.35486
   8 ASRC     22080424  698863.00000 6850795.00000   16.90   34.00    1.50     585.24079
   8 ASRC     22080524  698863.00000 6850795.00000   16.90   34.00    1.50     126.03047
   8 ASRC     22080624  698863.00000 6850795.00000   16.90   34.00    1.50     204.06363
   8 ASRC     22080708  703863.00000 6845795.00000    1.00  276.00    1.50     157.56990
   8 ASRC     22080708  698863.00000 6850795.00000   16.90   34.00    1.50     684.02270
   8 ASRC     22080708  698863.00000 6855795.00000    4.20    4.20    1.50      68.61346
   8 ASRC     22080708  703863.00000 6860795.00000   34.50  446.00    1.50     175.69935
   8 ASRC     22080724  698863.00000 6850795.00000   16.90   34.00    1.50     123.56092
   8 ASRC     22080724  703863.00000 6850795.00000    3.40  346.00    1.50      64.86621
   8 ASRC     22080816  698863.00000 6850795.00000   16.90   34.00    1.50     118.80622
   8 ASRC     22080824  698863.00000 6850795.00000   16.90   34.00    1.50     200.23559
   8 ASRC     22080908  703863.00000 6850795.00000    3.40  346.00    1.50      82.19734
   8 ASRC     22080908  698863.00000 6855795.00000    4.20    4.20    1.50      87.38232
   8 ASRC     22080908  703863.00000 6860795.00000   34.50  446.00    1.50      68.43557
   8 ASRC     22080916  698863.00000 6850795.00000   16.90   34.00    1.50     105.92407
   8 ASRC     22080924  698863.00000 6850795.00000   16.90   34.00    1.50     212.14307
   8 ASRC     22081124  698863.00000 6850795.00000   16.90   34.00    1.50     514.64422
   8 ASRC     22081208  713863.00000 6845795.00000    0.00    0.00    1.50      82.57264
   8 ASRC     22081208  698863.00000 6850795.00000   16.90   34.00    1.50     448.73832
   8 ASRC     22081224  698863.00000 6850795.00000   16.90   34.00    1.50     125.61665
   8 ASRC     22081308  703863.00000 6845795.00000    1.00  276.00    1.50      67.13922
   8 ASRC     22081308  708863.00000 6845795.00000   -2.10   -2.10    1.50      92.88289
   8 ASRC     22081408  698863.00000 6855795.00000    4.20    4.20    1.50     148.39985
   8 ASRC     22081408  698863.00000 6860795.00000   10.80  638.00    1.50      96.75957
   8 ASRC     22081608  698863.00000 6850795.00000   16.90   34.00    1.50    1118.82173
   8 ASRC     22081616  698863.00000 6850795.00000   16.90   34.00    1.50     113.65736
   8 ASRC     22081624  698863.00000 6850795.00000   16.90   34.00    1.50     167.00633
   8 ASRC     22081708  693863.00000 6840795.00000    0.00    0.00    1.50     132.01304
   8 ASRC     22081708  708863.00000 6845795.00000   -2.10   -2.10    1.50      90.20147
   8 ASRC     22081708  713863.00000 6845795.00000    0.00    0.00    1.50     126.59736
   8 ASRC     22081708  693863.00000 6850795.00000    4.50  317.00    1.50      63.57621
   8 ASRC     22081708  698863.00000 6850795.00000   16.90   34.00    1.50    1381.00914
   8 ASRC     22082024  693863.00000 6850795.00000    4.50  317.00    1.50     138.05473
   8 ASRC     22082024  698863.00000 6850795.00000   16.90   34.00    1.50    1600.41290
   8 ASRC     22082108  698863.00000 6845795.00000    4.90    4.90    1.50     109.24237
   8 ASRC     22082108  713863.00000 6845795.00000    0.00    0.00    1.50     187.14065
   8 ASRC     22082108  718863.00000 6845795.00000    5.50   10.00    1.50     146.49760
   8 ASRC     22082108  693863.00000 6850795.00000    4.50  317.00    1.50     156.52387
   8 ASRC     22082108  698863.00000 6850795.00000   16.90   34.00    1.50     643.76537
   8 ASRC     22082308  708863.00000 6855795.00000    0.00    0.00    1.50     104.01389
   8 ASRC     22082316  698863.00000 6850795.00000   16.90   34.00    1.50      51.25690
   8 ASRC     22082324  698863.00000 6845795.00000    4.90    4.90    1.50      79.13837
   8 ASRC     22082324  698863.00000 6850795.00000   16.90   34.00    1.50     382.30977
   8 ASRC     22082408  703863.00000 6835795.00000   -3.00   -3.00    1.50      53.21596
   8 ASRC     22082408  703863.00000 6840795.00000    2.80    2.80    1.50      76.25571
   8 ASRC     22082424  698863.00000 6840795.00000    0.50    0.50    1.50      70.44308
   8 ASRC     22082424  698863.00000 6845795.00000    4.90    4.90    1.50     256.22254
   8 ASRC     22082424  698863.00000 6850795.00000   16.90   34.00    1.50     295.93651
   8 ASRC     22082608  703863.00000 6845795.00000    1.00  276.00    1.50      93.09200
   8 ASRC     22083016  698863.00000 6850795.00000   16.90   34.00    1.50      75.71498
   8 ASRC     22083024  693863.00000 6845795.00000    4.40    4.40    1.50      53.89031
   8 ASRC     22083024  693863.00000 6850795.00000    4.50  317.00    1.50     130.13440
   8 ASRC     22083024  698863.00000 6850795.00000   16.90   34.00    1.50    1787.27790
   8 ASRC     22083108  713863.00000 6840795.00000   -0.20   -0.20    1.50     178.31451
   8 ASRC     22083108  703863.00000 6845795.00000    1.00  276.00    1.50     127.96532
   8 ASRC     22083124  698863.00000 6850795.00000   16.90   34.00    1.50      53.49683
   8 ASRC     22090224  698863.00000 6850795.00000   16.90   34.00    1.50      50.84874
   8 ASRC     22090224  703863.00000 6850795.00000    3.40  346.00    1.50      85.14251
   8 ASRC     22090508  708863.00000 6840795.00000    0.30    0.30    1.50      87.25419
   8 ASRC     22090508  703863.00000 6845795.00000    1.00  276.00    1.50     232.41576
   8 ASRC     22090508  703863.00000 6850795.00000    3.40  346.00    1.50     273.97457
   8 ASRC     22090524  698863.00000 6850795.00000   16.90   34.00    1.50     256.46455
   8 ASRC     22090608  693863.00000 6825795.00000   41.60   41.60    1.50     105.72416
   8 ASRC     22090608  693863.00000 6830795.00000   14.00   14.00    1.50      80.77135
   8 ASRC     22090608  698863.00000 6845795.00000    4.90    4.90    1.50     655.56426
   8 ASRC     22090608  698863.00000 6850795.00000   16.90   34.00    1.50    1313.55113
   8 ASRC     22090608  708863.00000 6855795.00000    0.00    0.00    1.50      75.13669
   8 ASRC     22090624  693863.00000 6845795.00000    4.40    4.40    1.50      57.53210
   8 ASRC     22090708  698863.00000 6845795.00000    4.90    4.90    1.50      81.55966
   8 ASRC     22090708  698863.00000 6850795.00000   16.90   34.00    1.50     148.98411
   8 ASRC     22090924  708863.00000 6840795.00000    0.30    0.30    1.50      53.77739
   8 ASRC     22090924  703863.00000 6845795.00000    1.00  276.00    1.50     197.33014
   8 ASRC     22091124  693863.00000 6850795.00000    4.50  317.00    1.50     173.93968
   8 ASRC     22091124  698863.00000 6850795.00000   16.90   34.00    1.50    1631.21130
   8 ASRC     22091124  698863.00000 6855795.00000    4.20    4.20    1.50      91.06149
   8 ASRC     22091124  693863.00000 6870795.00000   30.30  513.00    1.50     127.36382
   8 ASRC     22091208  698863.00000 6850795.00000   16.90   34.00    1.50      51.60997
   8 ASRC     22091208  703863.00000 6850795.00000    3.40  346.00    1.50     108.30893
   8 ASRC     22091208  708863.00000 6865795.00000    0.00    0.00    1.50     101.00626
   8 ASRC     22091308  703863.00000 6845795.00000    1.00  276.00    1.50      52.40219
   8 ASRC     22091324  698863.00000 6850795.00000   16.90   34.00    1.50     211.13034
   8 ASRC     22091408  698863.00000 6850795.00000   16.90   34.00    1.50      95.84302
   8 ASRC     22091424  698863.00000 6850795.00000   16.90   34.00    1.50     284.83394
   8 ASRC     22091608  698863.00000 6845795.00000    4.90    4.90    1.50      56.54028
   8 ASRC     22091608  698863.00000 6850795.00000   16.90   34.00    1.50     624.19085
   8 ASRC     22091624  698863.00000 6850795.00000   16.90   34.00    1.50     391.29039
   8 ASRC     22091708  698863.00000 6850795.00000   16.90   34.00    1.50    1665.57914
   8 ASRC     22091724  698863.00000 6850795.00000   16.90   34.00    1.50     369.47422
   8 ASRC     22091808  708863.00000 6855795.00000    0.00    0.00    1.50      69.25427
   8 ASRC     22091808  713863.00000 6860795.00000    0.00    0.00    1.50      53.55719
   8 ASRC     22091808  718863.00000 6865795.00000    0.00  222.00    1.50      72.43207
   8 ASRC     22091824  698863.00000 6845795.00000    4.90    4.90    1.50     169.11675
   8 ASRC     22091824  698863.00000 6850795.00000   16.90   34.00    1.50     309.10351
   8 ASRC     22091908  693863.00000 6840795.00000    0.00    0.00    1.50      69.98912
   8 ASRC     22091908  703863.00000 6845795.00000    1.00  276.00    1.50      88.63773
   8 ASRC     22091924  703863.00000 6845795.00000    1.00  276.00    1.50      56.28991
   8 ASRC     22092008  708863.00000 6845795.00000   -2.10   -2.10    1.50      89.34879
   8 ASRC     22092016  698863.00000 6850795.00000   16.90   34.00    1.50      57.37187
   8 ASRC     22092124  698863.00000 6850795.00000   16.90   34.00    1.50     561.19730
   8 ASRC     22092208  698863.00000 6850795.00000   16.90   34.00    1.50      98.34432
   8 ASRC     22092208  703863.00000 6850795.00000    3.40  346.00    1.50     113.61874
   8 ASRC     22092508  698863.00000 6845795.00000    4.90    4.90    1.50      86.03197
   8 ASRC     22092508  698863.00000 6850795.00000   16.90   34.00    1.50     142.65939
   8 ASRC     22092624  703863.00000 6840795.00000    2.80    2.80    1.50      55.53027
   8 ASRC     22092724  698863.00000 6850795.00000   16.90   34.00    1.50      68.99796
   8 ASRC     22092916  698863.00000 6850795.00000   16.90   34.00    1.50      86.73686
   8 ASRC     22092924  698863.00000 6850795.00000   16.90   34.00    1.50     213.13385
   8 ASRC     22093008  698863.00000 6845795.00000    4.90    4.90    1.50      77.61063
   8 ASRC     22093008  698863.00000 6850795.00000   16.90   34.00    1.50     175.22543
   8 ASRC     22093024  698863.00000 6845795.00000    4.90    4.90    1.50     107.16219
   8 ASRC     22093024  698863.00000 6850795.00000   16.90   34.00    1.50     192.10307
   8 ASRC     22100108  703863.00000 6845795.00000    1.00  276.00    1.50      68.85922
   8 ASRC     22100108  703863.00000 6850795.00000    3.40  346.00    1.50      57.07798
   8 ASRC     22100124  698863.00000 6850795.00000   16.90   34.00    1.50     566.03798
   8 ASRC     22100208  698863.00000 6855795.00000    4.20    4.20    1.50      62.74895
   8 ASRC     22100224  698863.00000 6850795.00000   16.90   34.00    1.50     192.21009
   8 ASRC     22100316  698863.00000 6850795.00000   16.90   34.00    1.50      71.87984
   8 ASRC     22100324  698863.00000 6850795.00000   16.90   34.00    1.50      93.02203
   8 ASRC     22100408  698863.00000 6850795.00000   16.90   34.00    1.50      58.82283
   8 ASRC     22100408  698863.00000 6855795.00000    4.20    4.20    1.50      71.24816
   8 ASRC     22100424  698863.00000 6850795.00000   16.90   34.00    1.50     207.25779
   8 ASRC     22100508  698863.00000 6850795.00000   16.90   34.00    1.50     989.46970
   8 ASRC     22100508  703863.00000 6850795.00000    3.40  346.00    1.50     328.78727
   8 ASRC     22100508  713863.00000 6850795.00000    0.00    0.00    1.50      51.64591
   8 ASRC     22100524  698863.00000 6850795.00000   16.90   34.00    1.50     667.34415
   8 ASRC     22100524  698863.00000 6855795.00000    4.20    4.20    1.50     153.10351
   8 ASRC     22100608  703863.00000 6845795.00000    1.00  276.00    1.50      88.24706
   8 ASRC     22100616  698863.00000 6850795.00000   16.90   34.00    1.50      53.59811
   8 ASRC     22100716  698863.00000 6850795.00000   16.90   34.00    1.50      60.21597
   8 ASRC     22100724  698863.00000 6850795.00000   16.90   34.00    1.50     204.04468
   8 ASRC     22101108  708863.00000 6845795.00000   -2.10   -2.10    1.50      65.13093
   8 ASRC     22101108  713863.00000 6845795.00000    0.00    0.00    1.50      51.82716
   8 ASRC     22101108  718863.00000 6845795.00000    5.50   10.00    1.50     112.49481
   8 ASRC     22101108  703863.00000 6850795.00000    3.40  346.00    1.50      98.17272
   8 ASRC     22101124  703863.00000 6845795.00000    1.00  276.00    1.50      86.98622
   8 ASRC     22101208  703863.00000 6845795.00000    1.00  276.00    1.50      69.62339
   8 ASRC     22101224  698863.00000 6850795.00000   16.90   34.00    1.50     239.33865
   8 ASRC     22101308  693863.00000 6845795.00000    4.40    4.40    1.50     111.02497
   8 ASRC     22101308  693863.00000 6850795.00000    4.50  317.00    1.50     239.03744
   8 ASRC     22101308  698863.00000 6850795.00000   16.90   34.00    1.50    1022.71335
   8 ASRC     22101408  698863.00000 6850795.00000   16.90   34.00    1.50     236.41505
   8 ASRC     22101516  698863.00000 6850795.00000   16.90   34.00    1.50     136.14897
   8 ASRC     22101524  698863.00000 6850795.00000   16.90   34.00    1.50     304.09649
   8 ASRC     22101608  698863.00000 6850795.00000   16.90   34.00    1.50     639.21424
   8 ASRC     22101708  708863.00000 6865795.00000    0.00    0.00    1.50      70.68861
   8 ASRC     22101708  718863.00000 6865795.00000    0.00  222.00    1.50      52.87619
   8 ASRC     22101716  698863.00000 6850795.00000   16.90   34.00    1.50      61.94490
   8 ASRC     22101724  698863.00000 6850795.00000   16.90   34.00    1.50     115.24577
   8 ASRC     22101824  698863.00000 6850795.00000   16.90   34.00    1.50     401.43010
   8 ASRC     22101824  698863.00000 6855795.00000    4.20    4.20    1.50      65.00601
   8 ASRC     22101908  708863.00000 6845795.00000   -2.10   -2.10    1.50      62.88341
   8 ASRC     22101924  698863.00000 6850795.00000   16.90   34.00    1.50     885.48763
   8 ASRC     22102008  713863.00000 6830795.00000    0.00    0.00    1.50      97.60356
   8 ASRC     22102008  708863.00000 6835795.00000   -3.00   -3.00    1.50      54.40456
   8 ASRC     22102008  698863.00000 6850795.00000   16.90   34.00    1.50    1455.97700
   8 ASRC     22102024  698863.00000 6850795.00000   16.90   34.00    1.50     597.70062
   8 ASRC     22102124  698863.00000 6850795.00000   16.90   34.00    1.50     135.49085
   8 ASRC     22102308  693863.00000 6850795.00000    4.50  317.00    1.50     335.80500
   8 ASRC     22102308  698863.00000 6850795.00000   16.90   34.00    1.50    1638.25095
   8 ASRC     22102308  673863.00000 6855795.00000   85.60  513.00    1.50      80.63587
   8 ASRC     22102324  693863.00000 6850795.00000    4.50  317.00    1.50     143.44696
   8 ASRC     22102324  698863.00000 6850795.00000   16.90   34.00    1.50    1519.99177
   8 ASRC     22102408  698863.00000 6845795.00000    4.90    4.90    1.50      73.07981
   8 ASRC     22102408  698863.00000 6850795.00000   16.90   34.00    1.50     775.98754
   8 ASRC     22102408  693863.00000 6860795.00000    8.00  532.00    1.50      51.49198
   8 ASRC     22102416  698863.00000 6850795.00000   16.90   34.00    1.50      87.29027
   8 ASRC     22102424  698863.00000 6850795.00000   16.90   34.00    1.50      58.44145
   8 ASRC     22102516  698863.00000 6850795.00000   16.90   34.00    1.50      59.59118
   8 ASRC     22102524  698863.00000 6850795.00000   16.90   34.00    1.50     241.36080
   8 ASRC     22102608  698863.00000 6845795.00000    4.90    4.90    1.50      90.84782
   8 ASRC     22102608  698863.00000 6850795.00000   16.90   34.00    1.50     219.46821
   8 ASRC     22102724  698863.00000 6850795.00000   16.90   34.00    1.50      74.11150
   8 ASRC     22102824  693863.00000 6845795.00000    4.40    4.40    1.50      55.61913
   8 ASRC     22102824  698863.00000 6850795.00000   16.90   34.00    1.50      77.23438
   8 ASRC     22102908  693863.00000 6845795.00000    4.40    4.40    1.50      78.81824
   8 ASRC     22102908  698863.00000 6850795.00000   16.90   34.00    1.50      56.77941
   8 ASRC     22110316  698863.00000 6850795.00000   16.90   34.00    1.50      62.18060
   8 ASRC     22110324  698863.00000 6850795.00000   16.90   34.00    1.50     238.99909
   8 ASRC     22110408  703863.00000 6850795.00000    3.40  346.00    1.50      62.24177
   8 ASRC     22110516  698863.00000 6850795.00000   16.90   34.00    1.50      57.90417
   8 ASRC     22110524  698863.00000 6850795.00000   16.90   34.00    1.50     127.03804
   8 ASRC     22110924  698863.00000 6850795.00000   16.90   34.00    1.50     291.27759
   8 ASRC     22111008  708863.00000 6840795.00000    0.30    0.30    1.50      56.17661
   8 ASRC     22111008  703863.00000 6845795.00000    1.00  276.00    1.50     150.02204
   8 ASRC     22111008  698863.00000 6850795.00000   16.90   34.00    1.50     493.23431
   8 ASRC     22111016  698863.00000 6850795.00000   16.90   34.00    1.50      52.08868
   8 ASRC     22111024  698863.00000 6850795.00000   16.90   34.00    1.50     463.09100
   8 ASRC     22111108  698863.00000 6850795.00000   16.90   34.00    1.50      70.64364
   8 ASRC     22111124  698863.00000 6850795.00000   16.90   34.00    1.50      52.58851
   8 ASRC     22111208  698863.00000 6845795.00000    4.90    4.90    1.50      63.49594
   8 ASRC     22111208  698863.00000 6850795.00000   16.90   34.00    1.50      93.81656
   8 ASRC     22111308  698863.00000 6850795.00000   16.90   34.00    1.50      62.46156
   8 ASRC     22111408  698863.00000 6850795.00000   16.90   34.00    1.50      76.05387
   8 ASRC     22111508  703863.00000 6850795.00000    3.40  346.00    1.50      62.98829
   8 ASRC     22111524  698863.00000 6850795.00000   16.90   34.00    1.50     185.07269
   8 ASRC     22111824  693863.00000 6850795.00000    4.50  317.00    1.50      88.32985
   8 ASRC     22111824  698863.00000 6850795.00000   16.90   34.00    1.50     791.72872
   8 ASRC     22111824  698863.00000 6855795.00000    4.20    4.20    1.50     127.15199
   8 ASRC     22111824  693863.00000 6870795.00000   30.30  513.00    1.50     138.85130
   8 ASRC     22112008  698863.00000 6850795.00000   16.90   34.00    1.50      92.66255
   8 ASRC     22112316  698863.00000 6850795.00000   16.90   34.00    1.50      58.46816
   8 ASRC     22112416  698863.00000 6850795.00000   16.90   34.00    1.50      68.22428
   8 ASRC     22112424  698863.00000 6850795.00000   16.90   34.00    1.50     169.58619
   8 ASRC     22112624  698863.00000 6850795.00000   16.90   34.00    1.50     150.63162
   8 ASRC     22112708  698863.00000 6850795.00000   16.90   34.00    1.50     224.09309
   8 ASRC     22112716  698863.00000 6850795.00000   16.90   34.00    1.50     121.52624
   8 ASRC     22112724  698863.00000 6850795.00000   16.90   34.00    1.50     223.90637
   8 ASRC     22112808  698863.00000 6850795.00000   16.90   34.00    1.50     152.08275
   8 ASRC     22112824  698863.00000 6850795.00000   16.90   34.00    1.50     223.24208
   8 ASRC     22112908  698863.00000 6850795.00000   16.90   34.00    1.50     356.94205
   8 ASRC     22112916  698863.00000 6850795.00000   16.90   34.00    1.50      95.56642
   8 ASRC     22112924  698863.00000 6850795.00000   16.90   34.00    1.50     216.87274
   8 ASRC     22113008  698863.00000 6850795.00000   16.90   34.00    1.50     152.97947
   8 ASRC     22113016  698863.00000 6850795.00000   16.90   34.00    1.50      71.88066
   8 ASRC     22113024  698863.00000 6850795.00000   16.90   34.00    1.50     152.53813
   8 ASRC     22120124  693863.00000 6850795.00000    4.50  317.00    1.50      55.81838
   8 ASRC     22120124  698863.00000 6850795.00000   16.90   34.00    1.50     534.31158
   8 ASRC     22120208  698863.00000 6845795.00000    4.90    4.90    1.50      71.31691
   8 ASRC     22120208  698863.00000 6850795.00000   16.90   34.00    1.50     127.11071
   8 ASRC     22120308  698863.00000 6845795.00000    4.90    4.90    1.50      84.25349
   8 ASRC     22120308  698863.00000 6850795.00000   16.90   34.00    1.50     231.63807
   8 ASRC     22120408  693863.00000 6845795.00000    4.40    4.40    1.50      74.35999
   8 ASRC     22120424  703863.00000 6840795.00000    2.80    2.80    1.50      57.77760
   8 ASRC     22120508  693863.00000 6850795.00000    4.50  317.00    1.50      88.93182
   8 ASRC     22120508  698863.00000 6850795.00000   16.90   34.00    1.50    3254.15930
   8 ASRC     22120508  703863.00000 6860795.00000   34.50  446.00    1.50     219.32474
   8 ASRC     22120508  708863.00000 6870795.00000    4.00  657.00    1.50      93.06538
   8 ASRC     22120516  698863.00000 6850795.00000   16.90   34.00    1.50     105.16829
   8 ASRC     22120524  698863.00000 6850795.00000   16.90   34.00    1.50      64.28662
   8 ASRC     22120616  698863.00000 6850795.00000   16.90   34.00    1.50      56.31357
   8 ASRC     22120624  698863.00000 6850795.00000   16.90   34.00    1.50     455.91852
   8 ASRC     22120708  698863.00000 6850795.00000   16.90   34.00    1.50     864.22736
   8 ASRC     22120708  703863.00000 6850795.00000    3.40  346.00    1.50     178.52834
   8 ASRC     22120808  703863.00000 6850795.00000    3.40  346.00    1.50      61.18660
   8 ASRC     22120816  698863.00000 6850795.00000   16.90   34.00    1.50      52.28697
   8 ASRC     22120824  698863.00000 6850795.00000   16.90   34.00    1.50     117.10320
   8 ASRC     22120924  698863.00000 6850795.00000   16.90   34.00    1.50      97.71558
   8 ASRC     22121108  703863.00000 6845795.00000    1.00  276.00    1.50     101.39945
   8 ASRC     22121108  693863.00000 6850795.00000    4.50  317.00    1.50      59.55029
   8 ASRC     22121108  698863.00000 6850795.00000   16.90   34.00    1.50     674.72459
   8 ASRC     22121124  693863.00000 6825795.00000   41.60   41.60    1.50      57.01117
   8 ASRC     22121124  693863.00000 6830795.00000   14.00   14.00    1.50      52.43664
   8 ASRC     22121124  698863.00000 6840795.00000    0.50    0.50    1.50     109.88623
   8 ASRC     22121124  698863.00000 6845795.00000    4.90    4.90    1.50     397.90899
   8 ASRC     22121124  698863.00000 6850795.00000   16.90   34.00    1.50     480.42479
   8 ASRC     22121208  698863.00000 6845795.00000    4.90    4.90    1.50     134.90449
   8 ASRC     22121208  698863.00000 6850795.00000   16.90   34.00    1.50     235.11548
   8 ASRC     22121224  698863.00000 6850795.00000   16.90   34.00    1.50      80.21841
   8 ASRC     22121424  693863.00000 6845795.00000    4.40    4.40    1.50      55.28171
   8 ASRC     22121508  708863.00000 6845795.00000   -2.10   -2.10    1.50     118.61519
   8 ASRC     22121508  698863.00000 6850795.00000   16.90   34.00    1.50     115.72249
   8 ASRC     22121624  698863.00000 6850795.00000   16.90   34.00    1.50      54.76702
   8 ASRC     22121824  698863.00000 6845795.00000    4.90    4.90    1.50     143.65679
   8 ASRC     22121824  698863.00000 6850795.00000   16.90   34.00    1.50     277.22337
   8 ASRC     22121908  698863.00000 6850795.00000   16.90   34.00    1.50      73.72084
   8 ASRC     22121924  698863.00000 6850795.00000   16.90   34.00    1.50     129.75629
   8 ASRC     22122008  698863.00000 6850795.00000   16.90   34.00    1.50      54.95038
   8 ASRC     22122016  698863.00000 6850795.00000   16.90   34.00    1.50     128.94954
   8 ASRC     22122024  693863.00000 6850795.00000    4.50  317.00    1.50      73.72476
   8 ASRC     22122024  698863.00000 6850795.00000   16.90   34.00    1.50    1488.08924
   8 ASRC     22122024  693863.00000 6865795.00000   81.10  532.00    1.50      51.28623
   8 ASRC     22122108  698863.00000 6850795.00000   16.90   34.00    1.50    1134.64440
   8 ASRC     22122108  703863.00000 6855795.00000   44.00  227.00    1.50      62.33505
   8 ASRC     22122124  698863.00000 6850795.00000   16.90   34.00    1.50      68.88585
   8 ASRC     22122208  703863.00000 6855795.00000   44.00  227.00    1.50      63.22458
   8 ASRC     22122208  708863.00000 6855795.00000    0.00    0.00    1.50      60.22058
   8 ASRC     22122216  698863.00000 6850795.00000   16.90   34.00    1.50      67.07494
   8 ASRC     22122224  693863.00000 6850795.00000    4.50  317.00    1.50      73.26015
   8 ASRC     22122224  698863.00000 6850795.00000   16.90   34.00    1.50     621.01737
   8 ASRC     22122308  698863.00000 6850795.00000   16.90   34.00    1.50     855.74978
   8 ASRC     22122408  698863.00000 6845795.00000    4.90    4.90    1.50      80.57563
   8 ASRC     22122408  698863.00000 6850795.00000   16.90   34.00    1.50     169.61213
   8 ASRC     22122716  698863.00000 6850795.00000   16.90   34.00    1.50      94.20973
   8 ASRC     22122724  698863.00000 6850795.00000   16.90   34.00    1.50      70.25085
   8 ASRC     22122808  698863.00000 6850795.00000   16.90   34.00    1.50     788.80818
   8 ASRC     22122824  698863.00000 6850795.00000   16.90   34.00    1.50     115.14851
   8 ASRC     22122924  698863.00000 6850795.00000   16.90   34.00    1.50      99.99038
